[35m[1mConsolidate compiler generated dependencies of target maintenance_mode[0m
[100%] Built target maintenance_mode
-- Install configuration: ""
-- Execute custom install script
-- Up-to-date symlink: /home/disa/RM_prac/install/maintenance_mode_pkg/lib/maintenance_mode_pkg/maintenance_mode
-- Up-to-date symlink: /home/disa/RM_prac/install/maintenance_mode_pkg/share/ament_index/resource_index/package_run_dependencies/maintenance_mode_pkg
-- Up-to-date symlink: /home/disa/RM_prac/install/maintenance_mode_pkg/share/ament_index/resource_index/parent_prefix_path/maintenance_mode_pkg
-- Up-to-date symlink: /home/disa/RM_prac/install/maintenance_mode_pkg/share/maintenance_mode_pkg/environment/ament_prefix_path.sh
-- Up-to-date symlink: /home/disa/RM_prac/install/maintenance_mode_pkg/share/maintenance_mode_pkg/environment/ament_prefix_path.dsv
-- Up-to-date symlink: /home/disa/RM_prac/install/maintenance_mode_pkg/share/maintenance_mode_pkg/environment/path.sh
-- Up-to-date symlink: /home/disa/RM_prac/install/maintenance_mode_pkg/share/maintenance_mode_pkg/environment/path.dsv
-- Up-to-date symlink: /home/disa/RM_prac/install/maintenance_mode_pkg/share/maintenance_mode_pkg/local_setup.bash
-- Up-to-date symlink: /home/disa/RM_prac/install/maintenance_mode_pkg/share/maintenance_mode_pkg/local_setup.sh
-- Up-to-date symlink: /home/disa/RM_prac/install/maintenance_mode_pkg/share/maintenance_mode_pkg/local_setup.zsh
-- Up-to-date symlink: /home/disa/RM_prac/install/maintenance_mode_pkg/share/maintenance_mode_pkg/local_setup.dsv
-- Symlinking: /home/disa/RM_prac/install/maintenance_mode_pkg/share/maintenance_mode_pkg/package.dsv
-- Up-to-date symlink: /home/disa/RM_prac/install/maintenance_mode_pkg/share/ament_index/resource_index/packages/maintenance_mode_pkg
-- Up-to-date symlink: /home/disa/RM_prac/install/maintenance_mode_pkg/share/maintenance_mode_pkg/cmake/maintenance_mode_pkgConfig.cmake
-- Up-to-date symlink: /home/disa/RM_prac/install/maintenance_mode_pkg/share/maintenance_mode_pkg/cmake/maintenance_mode_pkgConfig-version.cmake
-- Up-to-date symlink: /home/disa/RM_prac/install/maintenance_mode_pkg/share/maintenance_mode_pkg/package.xml
