[0.057s] Invoking command in '/home/disa/RM_prac/build/transformations_pkg': CMAKE_PREFIX_PATH=${CMAKE_PREFIX_PATH}:/home/disa/RM_prac/install/turtlebot3_dqn:/home/disa/mobile_robotics/mobile_robotics/install/turtlebot3_dqn:/opt/ros/humble /usr/bin/cmake /home/disa/RM_prac/src/transformations_pkg -DAMENT_CMAKE_SYMLINK_INSTALL=1 -DCMAKE_INSTALL_PREFIX=/home/disa/RM_prac/install/transformations_pkg
[0.316s] -- The C compiler identification is GNU 11.4.0
[0.482s] -- The CXX compiler identification is GNU 11.4.0
[0.623s] -- Detecting C compiler ABI info
[0.766s] -- Detecting C compiler ABI info - done
[0.775s] -- Check for working C compiler: /usr/bin/cc - skipped
[0.775s] -- Detecting C compile features
[0.775s] -- Detecting C compile features - done
[0.779s] -- Detecting CXX compiler ABI info
[0.926s] -- Detecting CXX compiler ABI info - done
[0.933s] -- Check for working CXX compiler: /usr/bin/c++ - skipped
[0.934s] -- Detecting CXX compile features
[0.934s] -- Detecting CXX compile features - done
[0.937s] -- Found ament_cmake: 1.3.12 (/opt/ros/humble/share/ament_cmake/cmake)
[1.130s] -- Found Python3: /usr/bin/python3 (found version "3.10.12") found components: Interpreter 
[1.222s] -- Override CMake install command with custom implementation using symlinks instead of copying resources
[1.255s] -- Found rclcpp: 16.0.17 (/opt/ros/humble/share/rclcpp/cmake)
[1.400s] -- Found rosidl_generator_c: 3.1.8 (/opt/ros/humble/share/rosidl_generator_c/cmake)
[1.407s] -- Found rosidl_adapter: 3.1.8 (/opt/ros/humble/share/rosidl_adapter/cmake)
[1.418s] -- Found rosidl_generator_cpp: 3.1.8 (/opt/ros/humble/share/rosidl_generator_cpp/cmake)
[1.435s] -- Using all available rosidl_typesupport_c: rosidl_typesupport_fastrtps_c;rosidl_typesupport_introspection_c
[1.457s] -- Using all available rosidl_typesupport_cpp: rosidl_typesupport_fastrtps_cpp;rosidl_typesupport_introspection_cpp
[1.508s] -- Found rmw_implementation_cmake: 6.1.2 (/opt/ros/humble/share/rmw_implementation_cmake/cmake)
[1.512s] -- Found rmw_fastrtps_cpp: 6.2.9 (/opt/ros/humble/share/rmw_fastrtps_cpp/cmake)
[1.953s] -- Found OpenSSL: /usr/lib/x86_64-linux-gnu/libcrypto.so (found version "3.0.2")  
[2.389s] -- Found FastRTPS: /opt/ros/humble/include  
[3.126s] -- Using RMW implementation 'rmw_fastrtps_cpp' as default
[3.137s] -- Looking for pthread.h
[3.270s] -- Looking for pthread.h - found
[3.270s] -- Performing Test CMAKE_HAVE_LIBC_PTHREAD
[3.385s] -- Performing Test CMAKE_HAVE_LIBC_PTHREAD - Success
[3.386s] -- Found Threads: TRUE  
[3.437s] -- Found geometry_msgs: 4.9.0 (/opt/ros/humble/share/geometry_msgs/cmake)
[3.449s] -- Found tf2: 0.25.18 (/opt/ros/humble/share/tf2/cmake)
[3.459s] -- Found tf2_geometry_msgs: 0.25.18 (/opt/ros/humble/share/tf2_geometry_msgs/cmake)
[3.492s] -- Found eigen3_cmake_module: 0.1.1 (/opt/ros/humble/share/eigen3_cmake_module/cmake)
[3.493s] -- Found Eigen3: TRUE (found version "3.4.0") 
[3.494s] -- Ensuring Eigen3 include directory is part of orocos-kdl CMake target
[3.596s] -- Found ament_lint_auto: 0.12.14 (/opt/ros/humble/share/ament_lint_auto/cmake)
[3.680s] -- Added test 'cppcheck' to perform static code analysis on C / C++ code
[3.681s] -- Configured cppcheck include dirs: 
[3.681s] -- Configured cppcheck exclude dirs and/or files: 
[3.681s] -- Added test 'lint_cmake' to check CMake code style
[3.682s] -- Added test 'uncrustify' to check C / C++ code style
[3.683s] -- Configured uncrustify additional arguments: 
[3.683s] -- Added test 'xmllint' to check XML markup files
[3.686s] -- Configuring done
[3.698s] -- Generating done
[3.704s] -- Build files have been written to: /home/disa/RM_prac/build/transformations_pkg
[3.719s] Invoked command in '/home/disa/RM_prac/build/transformations_pkg' returned '0': CMAKE_PREFIX_PATH=${CMAKE_PREFIX_PATH}:/home/disa/RM_prac/install/turtlebot3_dqn:/home/disa/mobile_robotics/mobile_robotics/install/turtlebot3_dqn:/opt/ros/humble /usr/bin/cmake /home/disa/RM_prac/src/transformations_pkg -DAMENT_CMAKE_SYMLINK_INSTALL=1 -DCMAKE_INSTALL_PREFIX=/home/disa/RM_prac/install/transformations_pkg
[3.721s] Invoking command in '/home/disa/RM_prac/build/transformations_pkg': CMAKE_PREFIX_PATH=${CMAKE_PREFIX_PATH}:/home/disa/RM_prac/install/turtlebot3_dqn:/home/disa/mobile_robotics/mobile_robotics/install/turtlebot3_dqn:/opt/ros/humble /usr/bin/cmake --build /home/disa/RM_prac/build/transformations_pkg -- -j16 -l16
[3.776s] [ 50%] [32mBuilding CXX object CMakeFiles/transform_listener.dir/src/transform_listener.cpp.o[0m
[17.567s] [100%] [32m[1mLinking CXX executable transform_listener[0m
[18.252s] [100%] Built target transform_listener
[18.267s] Invoked command in '/home/disa/RM_prac/build/transformations_pkg' returned '0': CMAKE_PREFIX_PATH=${CMAKE_PREFIX_PATH}:/home/disa/RM_prac/install/turtlebot3_dqn:/home/disa/mobile_robotics/mobile_robotics/install/turtlebot3_dqn:/opt/ros/humble /usr/bin/cmake --build /home/disa/RM_prac/build/transformations_pkg -- -j16 -l16
[18.270s] Invoking command in '/home/disa/RM_prac/build/transformations_pkg': CMAKE_PREFIX_PATH=${CMAKE_PREFIX_PATH}:/home/disa/RM_prac/install/turtlebot3_dqn:/home/disa/mobile_robotics/mobile_robotics/install/turtlebot3_dqn:/opt/ros/humble /usr/bin/cmake --install /home/disa/RM_prac/build/transformations_pkg
[18.282s] -- Install configuration: ""
[18.283s] -- Execute custom install script
[18.284s] -- Symlinking: /home/disa/RM_prac/install/transformations_pkg/lib/transformations_pkg/transform_listener
[18.296s] -- Symlinking: /home/disa/RM_prac/install/transformations_pkg/share/ament_index/resource_index/package_run_dependencies/transformations_pkg
[18.307s] -- Symlinking: /home/disa/RM_prac/install/transformations_pkg/share/ament_index/resource_index/parent_prefix_path/transformations_pkg
[18.318s] -- Symlinking: /home/disa/RM_prac/install/transformations_pkg/share/transformations_pkg/environment/ament_prefix_path.sh
[18.328s] -- Symlinking: /home/disa/RM_prac/install/transformations_pkg/share/transformations_pkg/environment/ament_prefix_path.dsv
[18.337s] -- Symlinking: /home/disa/RM_prac/install/transformations_pkg/share/transformations_pkg/environment/path.sh
[18.350s] -- Symlinking: /home/disa/RM_prac/install/transformations_pkg/share/transformations_pkg/environment/path.dsv
[18.360s] -- Symlinking: /home/disa/RM_prac/install/transformations_pkg/share/transformations_pkg/local_setup.bash
[18.372s] -- Symlinking: /home/disa/RM_prac/install/transformations_pkg/share/transformations_pkg/local_setup.sh
[18.386s] -- Symlinking: /home/disa/RM_prac/install/transformations_pkg/share/transformations_pkg/local_setup.zsh
[18.400s] -- Symlinking: /home/disa/RM_prac/install/transformations_pkg/share/transformations_pkg/local_setup.dsv
[18.414s] -- Symlinking: /home/disa/RM_prac/install/transformations_pkg/share/transformations_pkg/package.dsv
[18.425s] -- Symlinking: /home/disa/RM_prac/install/transformations_pkg/share/ament_index/resource_index/packages/transformations_pkg
[18.437s] -- Symlinking: /home/disa/RM_prac/install/transformations_pkg/share/transformations_pkg/cmake/transformations_pkgConfig.cmake
[18.449s] -- Symlinking: /home/disa/RM_prac/install/transformations_pkg/share/transformations_pkg/cmake/transformations_pkgConfig-version.cmake
[18.461s] -- Symlinking: /home/disa/RM_prac/install/transformations_pkg/share/transformations_pkg/package.xml
[18.474s] Invoked command in '/home/disa/RM_prac/build/transformations_pkg' returned '0': CMAKE_PREFIX_PATH=${CMAKE_PREFIX_PATH}:/home/disa/RM_prac/install/turtlebot3_dqn:/home/disa/mobile_robotics/mobile_robotics/install/turtlebot3_dqn:/opt/ros/humble /usr/bin/cmake --install /home/disa/RM_prac/build/transformations_pkg
