[0.063s] Invoking command in '/home/disa/RM_prac/build/bringup_turtlebot3_pkg': CMAKE_PREFIX_PATH=${CMAKE_PREFIX_PATH}:/home/disa/RM_prac/install/turtlebot3_dqn:/home/disa/mobile_robotics/mobile_robotics/install/turtlebot3_dqn:/opt/ros/humble /usr/bin/cmake /home/disa/RM_prac/src/bringup_turtlebot3_pkg -DAMENT_CMAKE_SYMLINK_INSTALL=1 -DCMAKE_INSTALL_PREFIX=/home/disa/RM_prac/install/bringup_turtlebot3_pkg
[0.343s] -- The C compiler identification is GNU 11.4.0
[0.525s] -- The CXX compiler identification is GNU 11.4.0
[0.735s] -- Detecting C compiler ABI info
[0.863s] -- Detecting C compiler ABI info - done
[0.873s] -- Check for working C compiler: /usr/bin/cc - skipped
[0.874s] -- Detecting C compile features
[0.874s] -- Detecting C compile features - done
[0.878s] -- Detecting CXX compiler ABI info
[1.026s] -- Detecting CXX compiler ABI info - done
[1.036s] -- Check for working CXX compiler: /usr/bin/c++ - skipped
[1.036s] -- Detecting CXX compile features
[1.036s] -- Detecting CXX compile features - done
[1.039s] -- Found ament_cmake: 1.3.12 (/opt/ros/humble/share/ament_cmake/cmake)
[1.233s] -- Found Python3: /usr/bin/python3 (found version "3.10.12") found components: Interpreter 
[1.322s] -- Override CMake install command with custom implementation using symlinks instead of copying resources
[1.356s] -- Found rclcpp: 16.0.17 (/opt/ros/humble/share/rclcpp/cmake)
[1.487s] -- Found rosidl_generator_c: 3.1.8 (/opt/ros/humble/share/rosidl_generator_c/cmake)
[1.492s] -- Found rosidl_adapter: 3.1.8 (/opt/ros/humble/share/rosidl_adapter/cmake)
[1.506s] -- Found rosidl_generator_cpp: 3.1.8 (/opt/ros/humble/share/rosidl_generator_cpp/cmake)
[1.518s] -- Using all available rosidl_typesupport_c: rosidl_typesupport_fastrtps_c;rosidl_typesupport_introspection_c
[1.532s] -- Using all available rosidl_typesupport_cpp: rosidl_typesupport_fastrtps_cpp;rosidl_typesupport_introspection_cpp
[1.590s] -- Found rmw_implementation_cmake: 6.1.2 (/opt/ros/humble/share/rmw_implementation_cmake/cmake)
[1.594s] -- Found rmw_fastrtps_cpp: 6.2.9 (/opt/ros/humble/share/rmw_fastrtps_cpp/cmake)
[2.022s] -- Found OpenSSL: /usr/lib/x86_64-linux-gnu/libcrypto.so (found version "3.0.2")  
[2.462s] -- Found FastRTPS: /opt/ros/humble/include  
[3.185s] -- Using RMW implementation 'rmw_fastrtps_cpp' as default
[3.195s] -- Looking for pthread.h
[3.313s] -- Looking for pthread.h - found
[3.313s] -- Performing Test CMAKE_HAVE_LIBC_PTHREAD
[3.423s] -- Performing Test CMAKE_HAVE_LIBC_PTHREAD - Success
[3.424s] -- Found Threads: TRUE  
[3.482s] -- Found geometry_msgs: 4.9.0 (/opt/ros/humble/share/geometry_msgs/cmake)
[3.495s] -- Found tf2: 0.25.18 (/opt/ros/humble/share/tf2/cmake)
[3.506s] -- Found tf2_geometry_msgs: 0.25.18 (/opt/ros/humble/share/tf2_geometry_msgs/cmake)
[3.553s] -- Found eigen3_cmake_module: 0.1.1 (/opt/ros/humble/share/eigen3_cmake_module/cmake)
[3.555s] -- Found Eigen3: TRUE (found version "3.4.0") 
[3.555s] -- Ensuring Eigen3 include directory is part of orocos-kdl CMake target
[3.649s] -- Found nav_msgs: 4.9.0 (/opt/ros/humble/share/nav_msgs/cmake)
[3.668s] -- Found ament_lint_auto: 0.12.14 (/opt/ros/humble/share/ament_lint_auto/cmake)
[3.750s] -- Added test 'cppcheck' to perform static code analysis on C / C++ code
[3.750s] -- Configured cppcheck include dirs: 
[3.750s] -- Configured cppcheck exclude dirs and/or files: 
[3.752s] -- Added test 'lint_cmake' to check CMake code style
[3.753s] -- Added test 'uncrustify' to check C / C++ code style
[3.754s] -- Configured uncrustify additional arguments: 
[3.755s] -- Added test 'xmllint' to check XML markup files
[3.759s] -- Configuring done
[3.775s] -- Generating done
[3.781s] -- Build files have been written to: /home/disa/RM_prac/build/bringup_turtlebot3_pkg
[3.794s] Invoked command in '/home/disa/RM_prac/build/bringup_turtlebot3_pkg' returned '0': CMAKE_PREFIX_PATH=${CMAKE_PREFIX_PATH}:/home/disa/RM_prac/install/turtlebot3_dqn:/home/disa/mobile_robotics/mobile_robotics/install/turtlebot3_dqn:/opt/ros/humble /usr/bin/cmake /home/disa/RM_prac/src/bringup_turtlebot3_pkg -DAMENT_CMAKE_SYMLINK_INSTALL=1 -DCMAKE_INSTALL_PREFIX=/home/disa/RM_prac/install/bringup_turtlebot3_pkg
[3.797s] Invoking command in '/home/disa/RM_prac/build/bringup_turtlebot3_pkg': CMAKE_PREFIX_PATH=${CMAKE_PREFIX_PATH}:/home/disa/RM_prac/install/turtlebot3_dqn:/home/disa/mobile_robotics/mobile_robotics/install/turtlebot3_dqn:/opt/ros/humble /usr/bin/cmake --build /home/disa/RM_prac/build/bringup_turtlebot3_pkg -- -j16 -l16
[3.848s] [ 50%] [32mBuilding CXX object CMakeFiles/cmd_vel_publisher.dir/src/cmd_vel_publisher.cpp.o[0m
[17.614s] [100%] [32m[1mLinking CXX executable cmd_vel_publisher[0m
[18.353s] [100%] Built target cmd_vel_publisher
[18.367s] Invoked command in '/home/disa/RM_prac/build/bringup_turtlebot3_pkg' returned '0': CMAKE_PREFIX_PATH=${CMAKE_PREFIX_PATH}:/home/disa/RM_prac/install/turtlebot3_dqn:/home/disa/mobile_robotics/mobile_robotics/install/turtlebot3_dqn:/opt/ros/humble /usr/bin/cmake --build /home/disa/RM_prac/build/bringup_turtlebot3_pkg -- -j16 -l16
[18.370s] Invoking command in '/home/disa/RM_prac/build/bringup_turtlebot3_pkg': CMAKE_PREFIX_PATH=${CMAKE_PREFIX_PATH}:/home/disa/RM_prac/install/turtlebot3_dqn:/home/disa/mobile_robotics/mobile_robotics/install/turtlebot3_dqn:/opt/ros/humble /usr/bin/cmake --install /home/disa/RM_prac/build/bringup_turtlebot3_pkg
[18.377s] -- Install configuration: ""
[18.378s] -- Execute custom install script
[18.379s] -- Symlinking: /home/disa/RM_prac/install/bringup_turtlebot3_pkg/lib/bringup_turtlebot3_pkg/cmd_vel_publisher
[18.390s] -- Symlinking: /home/disa/RM_prac/install/bringup_turtlebot3_pkg/share/ament_index/resource_index/package_run_dependencies/bringup_turtlebot3_pkg
[18.401s] -- Symlinking: /home/disa/RM_prac/install/bringup_turtlebot3_pkg/share/ament_index/resource_index/parent_prefix_path/bringup_turtlebot3_pkg
[18.416s] -- Symlinking: /home/disa/RM_prac/install/bringup_turtlebot3_pkg/share/bringup_turtlebot3_pkg/environment/ament_prefix_path.sh
[18.426s] -- Symlinking: /home/disa/RM_prac/install/bringup_turtlebot3_pkg/share/bringup_turtlebot3_pkg/environment/ament_prefix_path.dsv
[18.437s] -- Symlinking: /home/disa/RM_prac/install/bringup_turtlebot3_pkg/share/bringup_turtlebot3_pkg/environment/path.sh
[18.452s] -- Symlinking: /home/disa/RM_prac/install/bringup_turtlebot3_pkg/share/bringup_turtlebot3_pkg/environment/path.dsv
[18.462s] -- Symlinking: /home/disa/RM_prac/install/bringup_turtlebot3_pkg/share/bringup_turtlebot3_pkg/local_setup.bash
[18.474s] -- Symlinking: /home/disa/RM_prac/install/bringup_turtlebot3_pkg/share/bringup_turtlebot3_pkg/local_setup.sh
[18.487s] -- Symlinking: /home/disa/RM_prac/install/bringup_turtlebot3_pkg/share/bringup_turtlebot3_pkg/local_setup.zsh
[18.498s] -- Symlinking: /home/disa/RM_prac/install/bringup_turtlebot3_pkg/share/bringup_turtlebot3_pkg/local_setup.dsv
[18.508s] -- Symlinking: /home/disa/RM_prac/install/bringup_turtlebot3_pkg/share/bringup_turtlebot3_pkg/package.dsv
[18.518s] -- Symlinking: /home/disa/RM_prac/install/bringup_turtlebot3_pkg/share/ament_index/resource_index/packages/bringup_turtlebot3_pkg
[18.531s] -- Symlinking: /home/disa/RM_prac/install/bringup_turtlebot3_pkg/share/bringup_turtlebot3_pkg/cmake/bringup_turtlebot3_pkgConfig.cmake
[18.543s] -- Symlinking: /home/disa/RM_prac/install/bringup_turtlebot3_pkg/share/bringup_turtlebot3_pkg/cmake/bringup_turtlebot3_pkgConfig-version.cmake
[18.554s] -- Symlinking: /home/disa/RM_prac/install/bringup_turtlebot3_pkg/share/bringup_turtlebot3_pkg/package.xml
[18.571s] Invoked command in '/home/disa/RM_prac/build/bringup_turtlebot3_pkg' returned '0': CMAKE_PREFIX_PATH=${CMAKE_PREFIX_PATH}:/home/disa/RM_prac/install/turtlebot3_dqn:/home/disa/mobile_robotics/mobile_robotics/install/turtlebot3_dqn:/opt/ros/humble /usr/bin/cmake --install /home/disa/RM_prac/build/bringup_turtlebot3_pkg
