[0.054s] Invoking command in '/home/disa/RM_prac/build/ros2_vfh': CMAKE_PREFIX_PATH=${CMAKE_PREFIX_PATH}:/home/disa/RM_prac/install/turtlebot3_dqn:/home/disa/mobile_robotics/mobile_robotics/install/turtlebot3_dqn:/opt/ros/humble /usr/bin/cmake --build /home/disa/RM_prac/build/ros2_vfh -- -j16 -l16
[0.098s] [35m[1mConsolidate compiler generated dependencies of target vfh_node[0m
[0.130s] [100%] Built target vfh_node
[0.221s] Invoked command in '/home/disa/RM_prac/build/ros2_vfh' returned '0': CMAKE_PREFIX_PATH=${CMAKE_PREFIX_PATH}:/home/disa/RM_prac/install/turtlebot3_dqn:/home/disa/mobile_robotics/mobile_robotics/install/turtlebot3_dqn:/opt/ros/humble /usr/bin/cmake --build /home/disa/RM_prac/build/ros2_vfh -- -j16 -l16
[0.224s] Invoking command in '/home/disa/RM_prac/build/ros2_vfh': CMAKE_PREFIX_PATH=${CMAKE_PREFIX_PATH}:/home/disa/RM_prac/install/turtlebot3_dqn:/home/disa/mobile_robotics/mobile_robotics/install/turtlebot3_dqn:/opt/ros/humble /usr/bin/cmake --install /home/disa/RM_prac/build/ros2_vfh
[0.289s] -- Install configuration: ""
[0.289s] -- Execute custom install script
[0.289s] -- Up-to-date symlink: /home/disa/RM_prac/install/ros2_vfh/lib/ros2_vfh/vfh_node
[0.289s] -- Up-to-date symlink: /home/disa/RM_prac/install/ros2_vfh/share/ros2_vfh/launch/rviz2_map.launch.py
[0.289s] -- Up-to-date symlink: /home/disa/RM_prac/install/ros2_vfh/share/ros2_vfh/launch/rviz2_odom.launch.py
[0.290s] -- Up-to-date symlink: /home/disa/RM_prac/install/ros2_vfh/share/ros2_vfh/launch/vfh.launch.py
[0.290s] -- Up-to-date symlink: /home/disa/RM_prac/install/ros2_vfh/share/ros2_vfh/launch/vfh_coppeliasim.launch.py
[0.290s] -- Up-to-date symlink: /home/disa/RM_prac/install/ros2_vfh/share/ros2_vfh/launch/vfh_no_wandering.launch.py
[0.290s] -- Up-to-date symlink: /home/disa/RM_prac/install/ros2_vfh/share/ros2_vfh/rviz/tb3_map.rviz
[0.290s] -- Up-to-date symlink: /home/disa/RM_prac/install/ros2_vfh/share/ros2_vfh/rviz/tb3_odom.rviz
[0.290s] -- Up-to-date symlink: /home/disa/RM_prac/install/ros2_vfh/share/ros2_vfh/rviz/vfh_map.rviz
[0.290s] -- Up-to-date symlink: /home/disa/RM_prac/install/ros2_vfh/share/ros2_vfh/rviz/vfh_odom.rviz
[0.290s] -- Up-to-date symlink: /home/disa/RM_prac/install/ros2_vfh/share/ament_index/resource_index/package_run_dependencies/ros2_vfh
[0.291s] -- Up-to-date symlink: /home/disa/RM_prac/install/ros2_vfh/share/ament_index/resource_index/parent_prefix_path/ros2_vfh
[0.291s] -- Up-to-date symlink: /home/disa/RM_prac/install/ros2_vfh/share/ros2_vfh/environment/ament_prefix_path.sh
[0.291s] -- Up-to-date symlink: /home/disa/RM_prac/install/ros2_vfh/share/ros2_vfh/environment/ament_prefix_path.dsv
[0.291s] -- Up-to-date symlink: /home/disa/RM_prac/install/ros2_vfh/share/ros2_vfh/environment/path.sh
[0.291s] -- Up-to-date symlink: /home/disa/RM_prac/install/ros2_vfh/share/ros2_vfh/environment/path.dsv
[0.291s] -- Up-to-date symlink: /home/disa/RM_prac/install/ros2_vfh/share/ros2_vfh/local_setup.bash
[0.292s] -- Up-to-date symlink: /home/disa/RM_prac/install/ros2_vfh/share/ros2_vfh/local_setup.sh
[0.292s] -- Up-to-date symlink: /home/disa/RM_prac/install/ros2_vfh/share/ros2_vfh/local_setup.zsh
[0.292s] -- Up-to-date symlink: /home/disa/RM_prac/install/ros2_vfh/share/ros2_vfh/local_setup.dsv
[0.292s] -- Symlinking: /home/disa/RM_prac/install/ros2_vfh/share/ros2_vfh/package.dsv
[0.293s] -- Up-to-date symlink: /home/disa/RM_prac/install/ros2_vfh/share/ament_index/resource_index/packages/ros2_vfh
[0.293s] -- Up-to-date symlink: /home/disa/RM_prac/install/ros2_vfh/share/ros2_vfh/cmake/ros2_vfhConfig.cmake
[0.293s] -- Up-to-date symlink: /home/disa/RM_prac/install/ros2_vfh/share/ros2_vfh/cmake/ros2_vfhConfig-version.cmake
[0.293s] -- Up-to-date symlink: /home/disa/RM_prac/install/ros2_vfh/share/ros2_vfh/package.xml
[0.317s] Invoked command in '/home/disa/RM_prac/build/ros2_vfh' returned '0': CMAKE_PREFIX_PATH=${CMAKE_PREFIX_PATH}:/home/disa/RM_prac/install/turtlebot3_dqn:/home/disa/mobile_robotics/mobile_robotics/install/turtlebot3_dqn:/opt/ros/humble /usr/bin/cmake --install /home/disa/RM_prac/build/ros2_vfh
