[0.060s] Invoking command in '/home/disa/RM_prac/build/intro_ros_pkg': CMAKE_PREFIX_PATH=${CMAKE_PREFIX_PATH}:/home/disa/RM_prac/install/turtlebot3_dqn:/home/disa/mobile_robotics/mobile_robotics/install/turtlebot3_dqn:/opt/ros/humble /usr/bin/cmake /home/disa/RM_prac/src/intro_ros_pkg -DAMENT_CMAKE_SYMLINK_INSTALL=1 -DCMAKE_INSTALL_PREFIX=/home/disa/RM_prac/install/intro_ros_pkg
[0.338s] -- The C compiler identification is GNU 11.4.0
[0.460s] -- The CXX compiler identification is GNU 11.4.0
[0.617s] -- Detecting C compiler ABI info
[0.740s] -- Detecting C compiler ABI info - done
[0.753s] -- Check for working C compiler: /usr/bin/cc - skipped
[0.754s] -- Detecting C compile features
[0.754s] -- Detecting C compile features - done
[0.756s] -- Detecting CXX compiler ABI info
[0.896s] -- Detecting CXX compiler ABI info - done
[0.905s] -- Check for working CXX compiler: /usr/bin/c++ - skipped
[0.905s] -- Detecting CXX compile features
[0.905s] -- Detecting CXX compile features - done
[0.908s] -- Found ament_cmake: 1.3.12 (/opt/ros/humble/share/ament_cmake/cmake)
[1.097s] -- Found Python3: /usr/bin/python3 (found version "3.10.12") found components: Interpreter 
[1.187s] -- Override CMake install command with custom implementation using symlinks instead of copying resources
[1.220s] -- Found rclcpp: 16.0.17 (/opt/ros/humble/share/rclcpp/cmake)
[1.330s] -- Found rosidl_generator_c: 3.1.8 (/opt/ros/humble/share/rosidl_generator_c/cmake)
[1.335s] -- Found rosidl_adapter: 3.1.8 (/opt/ros/humble/share/rosidl_adapter/cmake)
[1.343s] -- Found rosidl_generator_cpp: 3.1.8 (/opt/ros/humble/share/rosidl_generator_cpp/cmake)
[1.355s] -- Using all available rosidl_typesupport_c: rosidl_typesupport_fastrtps_c;rosidl_typesupport_introspection_c
[1.372s] -- Using all available rosidl_typesupport_cpp: rosidl_typesupport_fastrtps_cpp;rosidl_typesupport_introspection_cpp
[1.423s] -- Found rmw_implementation_cmake: 6.1.2 (/opt/ros/humble/share/rmw_implementation_cmake/cmake)
[1.426s] -- Found rmw_fastrtps_cpp: 6.2.9 (/opt/ros/humble/share/rmw_fastrtps_cpp/cmake)
[1.873s] -- Found OpenSSL: /usr/lib/x86_64-linux-gnu/libcrypto.so (found version "3.0.2")  
[2.318s] -- Found FastRTPS: /opt/ros/humble/include  
[3.145s] -- Using RMW implementation 'rmw_fastrtps_cpp' as default
[3.154s] -- Looking for pthread.h
[3.280s] -- Looking for pthread.h - found
[3.280s] -- Performing Test CMAKE_HAVE_LIBC_PTHREAD
[3.410s] -- Performing Test CMAKE_HAVE_LIBC_PTHREAD - Success
[3.411s] -- Found Threads: TRUE  
[3.460s] -- Found tf2_geometry_msgs: 0.25.18 (/opt/ros/humble/share/tf2_geometry_msgs/cmake)
[3.514s] -- Found eigen3_cmake_module: 0.1.1 (/opt/ros/humble/share/eigen3_cmake_module/cmake)
[3.515s] -- Found Eigen3: TRUE (found version "3.4.0") 
[3.515s] -- Ensuring Eigen3 include directory is part of orocos-kdl CMake target
[3.622s] -- Found ament_lint_auto: 0.12.14 (/opt/ros/humble/share/ament_lint_auto/cmake)
[3.715s] -- Added test 'cppcheck' to perform static code analysis on C / C++ code
[3.715s] -- Configured cppcheck include dirs: 
[3.715s] -- Configured cppcheck exclude dirs and/or files: 
[3.716s] -- Added test 'flake8' to check Python code syntax and style conventions
[3.717s] -- Added test 'lint_cmake' to check CMake code style
[3.718s] -- Added test 'pep257' to check Python code against some of the docstring style conventions in PEP 257
[3.719s] -- Added test 'uncrustify' to check C / C++ code style
[3.719s] -- Configured uncrustify additional arguments: 
[3.720s] -- Added test 'xmllint' to check XML markup files
[3.723s] -- Configuring done
[3.746s] -- Generating done
[3.754s] -- Build files have been written to: /home/disa/RM_prac/build/intro_ros_pkg
[3.764s] Invoked command in '/home/disa/RM_prac/build/intro_ros_pkg' returned '0': CMAKE_PREFIX_PATH=${CMAKE_PREFIX_PATH}:/home/disa/RM_prac/install/turtlebot3_dqn:/home/disa/mobile_robotics/mobile_robotics/install/turtlebot3_dqn:/opt/ros/humble /usr/bin/cmake /home/disa/RM_prac/src/intro_ros_pkg -DAMENT_CMAKE_SYMLINK_INSTALL=1 -DCMAKE_INSTALL_PREFIX=/home/disa/RM_prac/install/intro_ros_pkg
[3.766s] Invoking command in '/home/disa/RM_prac/build/intro_ros_pkg': CMAKE_PREFIX_PATH=${CMAKE_PREFIX_PATH}:/home/disa/RM_prac/install/turtlebot3_dqn:/home/disa/mobile_robotics/mobile_robotics/install/turtlebot3_dqn:/opt/ros/humble /usr/bin/cmake --build /home/disa/RM_prac/build/intro_ros_pkg -- -j16 -l16
[3.819s] [ 25%] [32mBuilding CXX object CMakeFiles/subscriber.dir/src/subscriber_node.cpp.o[0m
[3.819s] [ 50%] [32mBuilding CXX object CMakeFiles/publisher.dir/src/publisher_node.cpp.o[0m
[11.709s] [ 75%] [32m[1mLinking CXX executable publisher[0m
[12.138s] [ 75%] Built target publisher
[16.920s] [100%] [32m[1mLinking CXX executable subscriber[0m
[17.525s] [100%] Built target subscriber
[17.542s] Invoked command in '/home/disa/RM_prac/build/intro_ros_pkg' returned '0': CMAKE_PREFIX_PATH=${CMAKE_PREFIX_PATH}:/home/disa/RM_prac/install/turtlebot3_dqn:/home/disa/mobile_robotics/mobile_robotics/install/turtlebot3_dqn:/opt/ros/humble /usr/bin/cmake --build /home/disa/RM_prac/build/intro_ros_pkg -- -j16 -l16
[17.544s] Invoking command in '/home/disa/RM_prac/build/intro_ros_pkg': CMAKE_PREFIX_PATH=${CMAKE_PREFIX_PATH}:/home/disa/RM_prac/install/turtlebot3_dqn:/home/disa/mobile_robotics/mobile_robotics/install/turtlebot3_dqn:/opt/ros/humble /usr/bin/cmake --install /home/disa/RM_prac/build/intro_ros_pkg
[17.553s] -- Install configuration: ""
[17.554s] -- Execute custom install script
[17.555s] -- Symlinking: /home/disa/RM_prac/install/intro_ros_pkg/lib/intro_ros_pkg/publisher
[17.564s] -- Symlinking: /home/disa/RM_prac/install/intro_ros_pkg/lib/intro_ros_pkg/subscriber
[17.580s] -- Symlinking: /home/disa/RM_prac/install/intro_ros_pkg/share/intro_ros_pkg//launch/intro_ros.launch.py
[17.592s] -- Symlinking: /home/disa/RM_prac/install/intro_ros_pkg/share/intro_ros_pkg//launch/intro_ros_param.launch.py
[17.603s] -- Symlinking: /home/disa/RM_prac/install/intro_ros_pkg/share/intro_ros_pkg//launch/intro_ros_remap.launch.py
[17.614s] -- Symlinking: /home/disa/RM_prac/install/intro_ros_pkg/share/ament_index/resource_index/package_run_dependencies/intro_ros_pkg
[17.624s] -- Symlinking: /home/disa/RM_prac/install/intro_ros_pkg/share/ament_index/resource_index/parent_prefix_path/intro_ros_pkg
[17.635s] -- Symlinking: /home/disa/RM_prac/install/intro_ros_pkg/share/intro_ros_pkg/environment/ament_prefix_path.sh
[17.646s] -- Symlinking: /home/disa/RM_prac/install/intro_ros_pkg/share/intro_ros_pkg/environment/ament_prefix_path.dsv
[17.655s] -- Symlinking: /home/disa/RM_prac/install/intro_ros_pkg/share/intro_ros_pkg/environment/path.sh
[17.665s] -- Symlinking: /home/disa/RM_prac/install/intro_ros_pkg/share/intro_ros_pkg/environment/path.dsv
[17.678s] -- Symlinking: /home/disa/RM_prac/install/intro_ros_pkg/share/intro_ros_pkg/local_setup.bash
[17.689s] -- Symlinking: /home/disa/RM_prac/install/intro_ros_pkg/share/intro_ros_pkg/local_setup.sh
[17.703s] -- Symlinking: /home/disa/RM_prac/install/intro_ros_pkg/share/intro_ros_pkg/local_setup.zsh
[17.717s] -- Symlinking: /home/disa/RM_prac/install/intro_ros_pkg/share/intro_ros_pkg/local_setup.dsv
[17.730s] -- Symlinking: /home/disa/RM_prac/install/intro_ros_pkg/share/intro_ros_pkg/package.dsv
[17.744s] -- Symlinking: /home/disa/RM_prac/install/intro_ros_pkg/share/ament_index/resource_index/packages/intro_ros_pkg
[17.757s] -- Symlinking: /home/disa/RM_prac/install/intro_ros_pkg/share/intro_ros_pkg/cmake/intro_ros_pkgConfig.cmake
[17.770s] -- Symlinking: /home/disa/RM_prac/install/intro_ros_pkg/share/intro_ros_pkg/cmake/intro_ros_pkgConfig-version.cmake
[17.785s] -- Symlinking: /home/disa/RM_prac/install/intro_ros_pkg/share/intro_ros_pkg/package.xml
[17.802s] Invoked command in '/home/disa/RM_prac/build/intro_ros_pkg' returned '0': CMAKE_PREFIX_PATH=${CMAKE_PREFIX_PATH}:/home/disa/RM_prac/install/turtlebot3_dqn:/home/disa/mobile_robotics/mobile_robotics/install/turtlebot3_dqn:/opt/ros/humble /usr/bin/cmake --install /home/disa/RM_prac/build/intro_ros_pkg
