[35m[1mConsolidate compiler generated dependencies of target cmd_vel_publisher[0m
[100%] Built target cmd_vel_publisher
-- Install configuration: ""
-- Execute custom install script
-- Up-to-date symlink: /home/disa/RM_prac/install/bringup_turtlebot3_pkg/lib/bringup_turtlebot3_pkg/cmd_vel_publisher
-- Up-to-date symlink: /home/disa/RM_prac/install/bringup_turtlebot3_pkg/share/ament_index/resource_index/package_run_dependencies/bringup_turtlebot3_pkg
-- Up-to-date symlink: /home/disa/RM_prac/install/bringup_turtlebot3_pkg/share/ament_index/resource_index/parent_prefix_path/bringup_turtlebot3_pkg
-- Up-to-date symlink: /home/disa/RM_prac/install/bringup_turtlebot3_pkg/share/bringup_turtlebot3_pkg/environment/ament_prefix_path.sh
-- Up-to-date symlink: /home/disa/RM_prac/install/bringup_turtlebot3_pkg/share/bringup_turtlebot3_pkg/environment/ament_prefix_path.dsv
-- Up-to-date symlink: /home/disa/RM_prac/install/bringup_turtlebot3_pkg/share/bringup_turtlebot3_pkg/environment/path.sh
-- Up-to-date symlink: /home/disa/RM_prac/install/bringup_turtlebot3_pkg/share/bringup_turtlebot3_pkg/environment/path.dsv
-- Up-to-date symlink: /home/disa/RM_prac/install/bringup_turtlebot3_pkg/share/bringup_turtlebot3_pkg/local_setup.bash
-- Up-to-date symlink: /home/disa/RM_prac/install/bringup_turtlebot3_pkg/share/bringup_turtlebot3_pkg/local_setup.sh
-- Up-to-date symlink: /home/disa/RM_prac/install/bringup_turtlebot3_pkg/share/bringup_turtlebot3_pkg/local_setup.zsh
-- Up-to-date symlink: /home/disa/RM_prac/install/bringup_turtlebot3_pkg/share/bringup_turtlebot3_pkg/local_setup.dsv
-- Symlinking: /home/disa/RM_prac/install/bringup_turtlebot3_pkg/share/bringup_turtlebot3_pkg/package.dsv
-- Up-to-date symlink: /home/disa/RM_prac/install/bringup_turtlebot3_pkg/share/ament_index/resource_index/packages/bringup_turtlebot3_pkg
-- Up-to-date symlink: /home/disa/RM_prac/install/bringup_turtlebot3_pkg/share/bringup_turtlebot3_pkg/cmake/bringup_turtlebot3_pkgConfig.cmake
-- Up-to-date symlink: /home/disa/RM_prac/install/bringup_turtlebot3_pkg/share/bringup_turtlebot3_pkg/cmake/bringup_turtlebot3_pkgConfig-version.cmake
-- Up-to-date symlink: /home/disa/RM_prac/install/bringup_turtlebot3_pkg/share/bringup_turtlebot3_pkg/package.xml
