[0.720s] Invoking command in '/home/disa/RM_prac/build/turtlebot3_dqn': PYTHONPATH=/home/disa/RM_prac/build/turtlebot3_dqn/prefix_override:/usr/lib/python3/dist-packages/colcon_core/task/python/colcon_distutils_commands:/home/disa/RM_prac/install/turtlebot3_dqn/lib/python3.10/site-packages:${PYTHONPATH} /usr/bin/python3 -W ignore:setup.py install is deprecated -W ignore:easy_install command is deprecated setup.py develop --editable --build-directory /home/disa/RM_prac/build/turtlebot3_dqn/build --no-deps symlink_data
[1.430s] running develop
[1.430s] running egg_info
[1.430s] creating turtlebot3_dqn.egg-info
[1.431s] writing turtlebot3_dqn.egg-info/PKG-INFO
[1.431s] writing dependency_links to turtlebot3_dqn.egg-info/dependency_links.txt
[1.431s] writing entry points to turtlebot3_dqn.egg-info/entry_points.txt
[1.431s] writing requirements to turtlebot3_dqn.egg-info/requires.txt
[1.431s] writing top-level names to turtlebot3_dqn.egg-info/top_level.txt
[1.431s] writing manifest file 'turtlebot3_dqn.egg-info/SOURCES.txt'
[1.432s] reading manifest file 'turtlebot3_dqn.egg-info/SOURCES.txt'
[1.433s] writing manifest file 'turtlebot3_dqn.egg-info/SOURCES.txt'
[1.433s] running build_ext
[1.434s] Creating /home/disa/RM_prac/install/turtlebot3_dqn/lib/python3.10/site-packages/turtlebot3-dqn.egg-link (link to .)
[1.434s] Installing action_graph script to /home/disa/RM_prac/install/turtlebot3_dqn/lib/turtlebot3_dqn
[1.434s] Installing dqn_agent script to /home/disa/RM_prac/install/turtlebot3_dqn/lib/turtlebot3_dqn
[1.434s] Installing dqn_coppeliasim script to /home/disa/RM_prac/install/turtlebot3_dqn/lib/turtlebot3_dqn
[1.435s] Installing dqn_environment script to /home/disa/RM_prac/install/turtlebot3_dqn/lib/turtlebot3_dqn
[1.435s] Installing dqn_gazebo script to /home/disa/RM_prac/install/turtlebot3_dqn/lib/turtlebot3_dqn
[1.435s] Installing dqn_test script to /home/disa/RM_prac/install/turtlebot3_dqn/lib/turtlebot3_dqn
[1.435s] Installing result_graph script to /home/disa/RM_prac/install/turtlebot3_dqn/lib/turtlebot3_dqn
[1.435s] 
[1.436s] Installed /home/disa/RM_prac/build/turtlebot3_dqn
[1.436s] running symlink_data
[1.438s] creating /home/disa/RM_prac/install/turtlebot3_dqn/share/ament_index
[1.438s] creating /home/disa/RM_prac/install/turtlebot3_dqn/share/ament_index/resource_index
[1.438s] creating /home/disa/RM_prac/install/turtlebot3_dqn/share/ament_index/resource_index/packages
[1.438s] symbolically linking /home/disa/RM_prac/build/turtlebot3_dqn/resource/turtlebot3_dqn -> /home/disa/RM_prac/install/turtlebot3_dqn/share/ament_index/resource_index/packages
[1.438s] symbolically linking /home/disa/RM_prac/build/turtlebot3_dqn/package.xml -> /home/disa/RM_prac/install/turtlebot3_dqn/share/turtlebot3_dqn
[1.438s] creating /home/disa/RM_prac/install/turtlebot3_dqn/share/turtlebot3_dqn/launch
[1.439s] creating /home/disa/RM_prac/install/turtlebot3_dqn/share/turtlebot3_dqn/saved_models
[1.441s] Invoked command in '/home/disa/RM_prac/build/turtlebot3_dqn' returned '0': PYTHONPATH=/home/disa/RM_prac/build/turtlebot3_dqn/prefix_override:/usr/lib/python3/dist-packages/colcon_core/task/python/colcon_distutils_commands:/home/disa/RM_prac/install/turtlebot3_dqn/lib/python3.10/site-packages:${PYTHONPATH} /usr/bin/python3 -W ignore:setup.py install is deprecated -W ignore:easy_install command is deprecated setup.py develop --editable --build-directory /home/disa/RM_prac/build/turtlebot3_dqn/build --no-deps symlink_data
