[0.057s] Invoking command in '/home/disa/RM_prac/build/slam_pkg': CMAKE_PREFIX_PATH=${CMAKE_PREFIX_PATH}:/home/disa/RM_prac/install/turtlebot3_dqn:/home/disa/mobile_robotics/mobile_robotics/install/turtlebot3_dqn:/opt/ros/humble /usr/bin/cmake /home/disa/RM_prac/src/slam_pkg -DAMENT_CMAKE_SYMLINK_INSTALL=1 -DCMAKE_INSTALL_PREFIX=/home/disa/RM_prac/install/slam_pkg
[0.320s] -- The C compiler identification is GNU 11.4.0
[0.506s] -- The CXX compiler identification is GNU 11.4.0
[0.652s] -- Detecting C compiler ABI info
[0.787s] -- Detecting C compiler ABI info - done
[0.795s] -- Check for working C compiler: /usr/bin/cc - skipped
[0.795s] -- Detecting C compile features
[0.796s] -- Detecting C compile features - done
[0.799s] -- Detecting CXX compiler ABI info
[0.935s] -- Detecting CXX compiler ABI info - done
[0.945s] -- Check for working CXX compiler: /usr/bin/c++ - skipped
[0.946s] -- Detecting CXX compile features
[0.946s] -- Detecting CXX compile features - done
[0.950s] -- Found ament_cmake: 1.3.12 (/opt/ros/humble/share/ament_cmake/cmake)
[1.172s] -- Found Python3: /usr/bin/python3 (found version "3.10.12") found components: Interpreter 
[1.268s] -- Override CMake install command with custom implementation using symlinks instead of copying resources
[1.301s] -- Found rclcpp: 16.0.17 (/opt/ros/humble/share/rclcpp/cmake)
[1.427s] -- Found rosidl_generator_c: 3.1.8 (/opt/ros/humble/share/rosidl_generator_c/cmake)
[1.432s] -- Found rosidl_adapter: 3.1.8 (/opt/ros/humble/share/rosidl_adapter/cmake)
[1.452s] -- Found rosidl_generator_cpp: 3.1.8 (/opt/ros/humble/share/rosidl_generator_cpp/cmake)
[1.457s] -- Using all available rosidl_typesupport_c: rosidl_typesupport_fastrtps_c;rosidl_typesupport_introspection_c
[1.479s] -- Using all available rosidl_typesupport_cpp: rosidl_typesupport_fastrtps_cpp;rosidl_typesupport_introspection_cpp
[1.538s] -- Found rmw_implementation_cmake: 6.1.2 (/opt/ros/humble/share/rmw_implementation_cmake/cmake)
[1.540s] -- Found rmw_fastrtps_cpp: 6.2.9 (/opt/ros/humble/share/rmw_fastrtps_cpp/cmake)
[1.958s] -- Found OpenSSL: /usr/lib/x86_64-linux-gnu/libcrypto.so (found version "3.0.2")  
[2.394s] -- Found FastRTPS: /opt/ros/humble/include  
[3.161s] -- Using RMW implementation 'rmw_fastrtps_cpp' as default
[3.171s] -- Looking for pthread.h
[3.299s] -- Looking for pthread.h - found
[3.299s] -- Performing Test CMAKE_HAVE_LIBC_PTHREAD
[3.420s] -- Performing Test CMAKE_HAVE_LIBC_PTHREAD - Success
[3.421s] -- Found Threads: TRUE  
[3.478s] -- Found geometry_msgs: 4.9.0 (/opt/ros/humble/share/geometry_msgs/cmake)
[3.493s] -- Found tf2: 0.25.18 (/opt/ros/humble/share/tf2/cmake)
[3.505s] -- Found tf2_geometry_msgs: 0.25.18 (/opt/ros/humble/share/tf2_geometry_msgs/cmake)
[3.544s] -- Found eigen3_cmake_module: 0.1.1 (/opt/ros/humble/share/eigen3_cmake_module/cmake)
[3.546s] -- Found Eigen3: TRUE (found version "3.4.0") 
[3.546s] -- Ensuring Eigen3 include directory is part of orocos-kdl CMake target
[3.655s] -- Found nav_msgs: 4.9.0 (/opt/ros/humble/share/nav_msgs/cmake)
[3.759s] -- Configuring done
[3.774s] -- Generating done
[3.778s] -- Build files have been written to: /home/disa/RM_prac/build/slam_pkg
[3.794s] Invoked command in '/home/disa/RM_prac/build/slam_pkg' returned '0': CMAKE_PREFIX_PATH=${CMAKE_PREFIX_PATH}:/home/disa/RM_prac/install/turtlebot3_dqn:/home/disa/mobile_robotics/mobile_robotics/install/turtlebot3_dqn:/opt/ros/humble /usr/bin/cmake /home/disa/RM_prac/src/slam_pkg -DAMENT_CMAKE_SYMLINK_INSTALL=1 -DCMAKE_INSTALL_PREFIX=/home/disa/RM_prac/install/slam_pkg
[3.795s] Invoking command in '/home/disa/RM_prac/build/slam_pkg': CMAKE_PREFIX_PATH=${CMAKE_PREFIX_PATH}:/home/disa/RM_prac/install/turtlebot3_dqn:/home/disa/mobile_robotics/mobile_robotics/install/turtlebot3_dqn:/opt/ros/humble /usr/bin/cmake --build /home/disa/RM_prac/build/slam_pkg -- -j16 -l16
[3.850s] [ 50%] [32mBuilding CXX object CMakeFiles/amcl_odom.dir/src/amcl_odom.cpp.o[0m
[20.269s] [100%] [32m[1mLinking CXX executable amcl_odom[0m
[20.938s] [100%] Built target amcl_odom
[20.948s] Invoked command in '/home/disa/RM_prac/build/slam_pkg' returned '0': CMAKE_PREFIX_PATH=${CMAKE_PREFIX_PATH}:/home/disa/RM_prac/install/turtlebot3_dqn:/home/disa/mobile_robotics/mobile_robotics/install/turtlebot3_dqn:/opt/ros/humble /usr/bin/cmake --build /home/disa/RM_prac/build/slam_pkg -- -j16 -l16
[20.949s] Invoking command in '/home/disa/RM_prac/build/slam_pkg': CMAKE_PREFIX_PATH=${CMAKE_PREFIX_PATH}:/home/disa/RM_prac/install/turtlebot3_dqn:/home/disa/mobile_robotics/mobile_robotics/install/turtlebot3_dqn:/opt/ros/humble /usr/bin/cmake --install /home/disa/RM_prac/build/slam_pkg
[20.955s] -- Install configuration: ""
[20.955s] -- Execute custom install script
[20.956s] -- Symlinking: /home/disa/RM_prac/install/slam_pkg/lib/slam_pkg/amcl_odom
[20.965s] -- Symlinking: /home/disa/RM_prac/install/slam_pkg/share/slam_pkg/launch/cartographer.launch.py
[20.976s] -- Symlinking: /home/disa/RM_prac/install/slam_pkg/share/slam_pkg/launch/localization.launch.py
[20.986s] -- Symlinking: /home/disa/RM_prac/install/slam_pkg/share/ament_index/resource_index/package_run_dependencies/slam_pkg
[20.997s] -- Symlinking: /home/disa/RM_prac/install/slam_pkg/share/ament_index/resource_index/parent_prefix_path/slam_pkg
[21.008s] -- Symlinking: /home/disa/RM_prac/install/slam_pkg/share/slam_pkg/environment/ament_prefix_path.sh
[21.015s] -- Symlinking: /home/disa/RM_prac/install/slam_pkg/share/slam_pkg/environment/ament_prefix_path.dsv
[21.023s] -- Symlinking: /home/disa/RM_prac/install/slam_pkg/share/slam_pkg/environment/path.sh
[21.031s] -- Symlinking: /home/disa/RM_prac/install/slam_pkg/share/slam_pkg/environment/path.dsv
[21.038s] -- Symlinking: /home/disa/RM_prac/install/slam_pkg/share/slam_pkg/local_setup.bash
[21.048s] -- Symlinking: /home/disa/RM_prac/install/slam_pkg/share/slam_pkg/local_setup.sh
[21.055s] -- Symlinking: /home/disa/RM_prac/install/slam_pkg/share/slam_pkg/local_setup.zsh
[21.067s] -- Symlinking: /home/disa/RM_prac/install/slam_pkg/share/slam_pkg/local_setup.dsv
[21.074s] -- Symlinking: /home/disa/RM_prac/install/slam_pkg/share/slam_pkg/package.dsv
[21.084s] -- Symlinking: /home/disa/RM_prac/install/slam_pkg/share/ament_index/resource_index/packages/slam_pkg
[21.093s] -- Symlinking: /home/disa/RM_prac/install/slam_pkg/share/slam_pkg/cmake/slam_pkgConfig.cmake
[21.101s] -- Symlinking: /home/disa/RM_prac/install/slam_pkg/share/slam_pkg/cmake/slam_pkgConfig-version.cmake
[21.109s] -- Symlinking: /home/disa/RM_prac/install/slam_pkg/share/slam_pkg/package.xml
[21.118s] Invoked command in '/home/disa/RM_prac/build/slam_pkg' returned '0': CMAKE_PREFIX_PATH=${CMAKE_PREFIX_PATH}:/home/disa/RM_prac/install/turtlebot3_dqn:/home/disa/mobile_robotics/mobile_robotics/install/turtlebot3_dqn:/opt/ros/humble /usr/bin/cmake --install /home/disa/RM_prac/build/slam_pkg
