-- The C compiler identification is GNU 11.4.0
-- The CXX compiler identification is GNU 11.4.0
-- Detecting C compiler ABI info
-- Detecting C compiler ABI info - done
-- Check for working C compiler: /usr/bin/cc - skipped
-- Detecting C compile features
-- Detecting C compile features - done
-- Detecting CXX compiler ABI info
-- Detecting CXX compiler ABI info - done
-- Check for working CXX compiler: /usr/bin/c++ - skipped
-- Detecting CXX compile features
-- Detecting CXX compile features - done
-- Found ament_cmake: 1.3.12 (/opt/ros/humble/share/ament_cmake/cmake)
-- Found Python3: /usr/bin/python3 (found version "3.10.12") found components: Interpreter 
-- Override CMake install command with custom implementation using symlinks instead of copying resources
-- Found rclcpp: 16.0.17 (/opt/ros/humble/share/rclcpp/cmake)
-- Found rosidl_generator_c: 3.1.8 (/opt/ros/humble/share/rosidl_generator_c/cmake)
-- Found rosidl_adapter: 3.1.8 (/opt/ros/humble/share/rosidl_adapter/cmake)
-- Found rosidl_generator_cpp: 3.1.8 (/opt/ros/humble/share/rosidl_generator_cpp/cmake)
-- Using all available rosidl_typesupport_c: rosidl_typesupport_fastrtps_c;rosidl_typesupport_introspection_c
-- Using all available rosidl_typesupport_cpp: rosidl_typesupport_fastrtps_cpp;rosidl_typesupport_introspection_cpp
-- Found rmw_implementation_cmake: 6.1.2 (/opt/ros/humble/share/rmw_implementation_cmake/cmake)
-- Found rmw_fastrtps_cpp: 6.2.9 (/opt/ros/humble/share/rmw_fastrtps_cpp/cmake)
-- Found OpenSSL: /usr/lib/x86_64-linux-gnu/libcrypto.so (found version "3.0.2")  
-- Found FastRTPS: /opt/ros/humble/include  
-- Using RMW implementation 'rmw_fastrtps_cpp' as default
-- Looking for pthread.h
-- Looking for pthread.h - found
-- Performing Test CMAKE_HAVE_LIBC_PTHREAD
-- Performing Test CMAKE_HAVE_LIBC_PTHREAD - Success
-- Found Threads: TRUE  
-- Found tf2: 0.25.18 (/opt/ros/humble/share/tf2/cmake)
-- Found tf2_geometry_msgs: 0.25.18 (/opt/ros/humble/share/tf2_geometry_msgs/cmake)
-- Found eigen3_cmake_module: 0.1.1 (/opt/ros/humble/share/eigen3_cmake_module/cmake)
-- Found Eigen3: TRUE (found version "3.4.0") 
-- Ensuring Eigen3 include directory is part of orocos-kdl CMake target
-- Found sensor_msgs: 4.9.0 (/opt/ros/humble/share/sensor_msgs/cmake)
-- Found visualization_msgs: 4.9.0 (/opt/ros/humble/share/visualization_msgs/cmake)
-- Found std_srvs: 4.9.0 (/opt/ros/humble/share/std_srvs/cmake)
-- Found nav_msgs: 4.9.0 (/opt/ros/humble/share/nav_msgs/cmake)
-- Configuring done
-- Generating done
-- Build files have been written to: /home/disa/RM_prac/build/ros2_vfh
[ 33%] [32mBuilding CXX object CMakeFiles/vfh_node.dir/src/vfh_node.cpp.o[0m
[ 66%] [32mBuilding CXX object CMakeFiles/vfh_node.dir/src/vfh_algorithm.cpp.o[0m
[100%] [32m[1mLinking CXX executable vfh_node[0m
[100%] Built target vfh_node
-- Install configuration: ""
-- Execute custom install script
-- Symlinking: /home/disa/RM_prac/install/ros2_vfh/lib/ros2_vfh/vfh_node
-- Symlinking: /home/disa/RM_prac/install/ros2_vfh/share/ros2_vfh/launch/rviz2_map.launch.py
-- Symlinking: /home/disa/RM_prac/install/ros2_vfh/share/ros2_vfh/launch/rviz2_odom.launch.py
-- Symlinking: /home/disa/RM_prac/install/ros2_vfh/share/ros2_vfh/launch/vfh.launch.py
-- Symlinking: /home/disa/RM_prac/install/ros2_vfh/share/ros2_vfh/launch/vfh_coppeliasim.launch.py
-- Symlinking: /home/disa/RM_prac/install/ros2_vfh/share/ros2_vfh/launch/vfh_no_wandering.launch.py
-- Symlinking: /home/disa/RM_prac/install/ros2_vfh/share/ros2_vfh/rviz/tb3_map.rviz
-- Symlinking: /home/disa/RM_prac/install/ros2_vfh/share/ros2_vfh/rviz/tb3_odom.rviz
-- Symlinking: /home/disa/RM_prac/install/ros2_vfh/share/ros2_vfh/rviz/vfh_map.rviz
-- Symlinking: /home/disa/RM_prac/install/ros2_vfh/share/ros2_vfh/rviz/vfh_odom.rviz
-- Symlinking: /home/disa/RM_prac/install/ros2_vfh/share/ament_index/resource_index/package_run_dependencies/ros2_vfh
-- Symlinking: /home/disa/RM_prac/install/ros2_vfh/share/ament_index/resource_index/parent_prefix_path/ros2_vfh
-- Symlinking: /home/disa/RM_prac/install/ros2_vfh/share/ros2_vfh/environment/ament_prefix_path.sh
-- Symlinking: /home/disa/RM_prac/install/ros2_vfh/share/ros2_vfh/environment/ament_prefix_path.dsv
-- Symlinking: /home/disa/RM_prac/install/ros2_vfh/share/ros2_vfh/environment/path.sh
-- Symlinking: /home/disa/RM_prac/install/ros2_vfh/share/ros2_vfh/environment/path.dsv
-- Symlinking: /home/disa/RM_prac/install/ros2_vfh/share/ros2_vfh/local_setup.bash
-- Symlinking: /home/disa/RM_prac/install/ros2_vfh/share/ros2_vfh/local_setup.sh
-- Symlinking: /home/disa/RM_prac/install/ros2_vfh/share/ros2_vfh/local_setup.zsh
-- Symlinking: /home/disa/RM_prac/install/ros2_vfh/share/ros2_vfh/local_setup.dsv
-- Symlinking: /home/disa/RM_prac/install/ros2_vfh/share/ros2_vfh/package.dsv
-- Symlinking: /home/disa/RM_prac/install/ros2_vfh/share/ament_index/resource_index/packages/ros2_vfh
-- Symlinking: /home/disa/RM_prac/install/ros2_vfh/share/ros2_vfh/cmake/ros2_vfhConfig.cmake
-- Symlinking: /home/disa/RM_prac/install/ros2_vfh/share/ros2_vfh/cmake/ros2_vfhConfig-version.cmake
-- Symlinking: /home/disa/RM_prac/install/ros2_vfh/share/ros2_vfh/package.xml
