[0.059s] Invoking command in '/home/disa/RM_prac/build/ros2_vfh': CMAKE_PREFIX_PATH=${CMAKE_PREFIX_PATH}:/home/disa/RM_prac/install/turtlebot3_dqn:/home/disa/mobile_robotics/mobile_robotics/install/turtlebot3_dqn:/opt/ros/humble /usr/bin/cmake /home/disa/RM_prac/src/ros2_vfh -DAMENT_CMAKE_SYMLINK_INSTALL=1 -DCMAKE_INSTALL_PREFIX=/home/disa/RM_prac/install/ros2_vfh
[0.324s] -- The C compiler identification is GNU 11.4.0
[0.480s] -- The CXX compiler identification is GNU 11.4.0
[0.595s] -- Detecting C compiler ABI info
[0.722s] -- Detecting C compiler ABI info - done
[0.732s] -- Check for working C compiler: /usr/bin/cc - skipped
[0.733s] -- Detecting C compile features
[0.733s] -- Detecting C compile features - done
[0.739s] -- Detecting CXX compiler ABI info
[0.872s] -- Detecting CXX compiler ABI info - done
[0.882s] -- Check for working CXX compiler: /usr/bin/c++ - skipped
[0.882s] -- Detecting CXX compile features
[0.883s] -- Detecting CXX compile features - done
[0.885s] -- Found ament_cmake: 1.3.12 (/opt/ros/humble/share/ament_cmake/cmake)
[1.076s] -- Found Python3: /usr/bin/python3 (found version "3.10.12") found components: Interpreter 
[1.173s] -- Override CMake install command with custom implementation using symlinks instead of copying resources
[1.205s] -- Found rclcpp: 16.0.17 (/opt/ros/humble/share/rclcpp/cmake)
[1.305s] -- Found rosidl_generator_c: 3.1.8 (/opt/ros/humble/share/rosidl_generator_c/cmake)
[1.309s] -- Found rosidl_adapter: 3.1.8 (/opt/ros/humble/share/rosidl_adapter/cmake)
[1.321s] -- Found rosidl_generator_cpp: 3.1.8 (/opt/ros/humble/share/rosidl_generator_cpp/cmake)
[1.338s] -- Using all available rosidl_typesupport_c: rosidl_typesupport_fastrtps_c;rosidl_typesupport_introspection_c
[1.355s] -- Using all available rosidl_typesupport_cpp: rosidl_typesupport_fastrtps_cpp;rosidl_typesupport_introspection_cpp
[1.411s] -- Found rmw_implementation_cmake: 6.1.2 (/opt/ros/humble/share/rmw_implementation_cmake/cmake)
[1.415s] -- Found rmw_fastrtps_cpp: 6.2.9 (/opt/ros/humble/share/rmw_fastrtps_cpp/cmake)
[1.850s] -- Found OpenSSL: /usr/lib/x86_64-linux-gnu/libcrypto.so (found version "3.0.2")  
[2.296s] -- Found FastRTPS: /opt/ros/humble/include  
[3.157s] -- Using RMW implementation 'rmw_fastrtps_cpp' as default
[3.166s] -- Looking for pthread.h
[3.285s] -- Looking for pthread.h - found
[3.285s] -- Performing Test CMAKE_HAVE_LIBC_PTHREAD
[3.394s] -- Performing Test CMAKE_HAVE_LIBC_PTHREAD - Success
[3.395s] -- Found Threads: TRUE  
[3.449s] -- Found tf2: 0.25.18 (/opt/ros/humble/share/tf2/cmake)
[3.468s] -- Found tf2_geometry_msgs: 0.25.18 (/opt/ros/humble/share/tf2_geometry_msgs/cmake)
[3.501s] -- Found eigen3_cmake_module: 0.1.1 (/opt/ros/humble/share/eigen3_cmake_module/cmake)
[3.503s] -- Found Eigen3: TRUE (found version "3.4.0") 
[3.503s] -- Ensuring Eigen3 include directory is part of orocos-kdl CMake target
[3.595s] -- Found sensor_msgs: 4.9.0 (/opt/ros/humble/share/sensor_msgs/cmake)
[3.616s] -- Found visualization_msgs: 4.9.0 (/opt/ros/humble/share/visualization_msgs/cmake)
[3.637s] -- Found std_srvs: 4.9.0 (/opt/ros/humble/share/std_srvs/cmake)
[3.647s] -- Found nav_msgs: 4.9.0 (/opt/ros/humble/share/nav_msgs/cmake)
[3.736s] -- Configuring done
[3.749s] -- Generating done
[3.756s] -- Build files have been written to: /home/disa/RM_prac/build/ros2_vfh
[3.772s] Invoked command in '/home/disa/RM_prac/build/ros2_vfh' returned '0': CMAKE_PREFIX_PATH=${CMAKE_PREFIX_PATH}:/home/disa/RM_prac/install/turtlebot3_dqn:/home/disa/mobile_robotics/mobile_robotics/install/turtlebot3_dqn:/opt/ros/humble /usr/bin/cmake /home/disa/RM_prac/src/ros2_vfh -DAMENT_CMAKE_SYMLINK_INSTALL=1 -DCMAKE_INSTALL_PREFIX=/home/disa/RM_prac/install/ros2_vfh
[3.775s] Invoking command in '/home/disa/RM_prac/build/ros2_vfh': CMAKE_PREFIX_PATH=${CMAKE_PREFIX_PATH}:/home/disa/RM_prac/install/turtlebot3_dqn:/home/disa/mobile_robotics/mobile_robotics/install/turtlebot3_dqn:/opt/ros/humble /usr/bin/cmake --build /home/disa/RM_prac/build/ros2_vfh -- -j16 -l16
[3.829s] [ 33%] [32mBuilding CXX object CMakeFiles/vfh_node.dir/src/vfh_node.cpp.o[0m
[3.830s] [ 66%] [32mBuilding CXX object CMakeFiles/vfh_node.dir/src/vfh_algorithm.cpp.o[0m
[27.220s] [100%] [32m[1mLinking CXX executable vfh_node[0m
[28.009s] [100%] Built target vfh_node
[28.017s] Invoked command in '/home/disa/RM_prac/build/ros2_vfh' returned '0': CMAKE_PREFIX_PATH=${CMAKE_PREFIX_PATH}:/home/disa/RM_prac/install/turtlebot3_dqn:/home/disa/mobile_robotics/mobile_robotics/install/turtlebot3_dqn:/opt/ros/humble /usr/bin/cmake --build /home/disa/RM_prac/build/ros2_vfh -- -j16 -l16
[28.018s] Invoking command in '/home/disa/RM_prac/build/ros2_vfh': CMAKE_PREFIX_PATH=${CMAKE_PREFIX_PATH}:/home/disa/RM_prac/install/turtlebot3_dqn:/home/disa/mobile_robotics/mobile_robotics/install/turtlebot3_dqn:/opt/ros/humble /usr/bin/cmake --install /home/disa/RM_prac/build/ros2_vfh
[28.026s] -- Install configuration: ""
[28.026s] -- Execute custom install script
[28.027s] -- Symlinking: /home/disa/RM_prac/install/ros2_vfh/lib/ros2_vfh/vfh_node
[28.035s] -- Symlinking: /home/disa/RM_prac/install/ros2_vfh/share/ros2_vfh/launch/rviz2_map.launch.py
[28.043s] -- Symlinking: /home/disa/RM_prac/install/ros2_vfh/share/ros2_vfh/launch/rviz2_odom.launch.py
[28.050s] -- Symlinking: /home/disa/RM_prac/install/ros2_vfh/share/ros2_vfh/launch/vfh.launch.py
[28.058s] -- Symlinking: /home/disa/RM_prac/install/ros2_vfh/share/ros2_vfh/launch/vfh_coppeliasim.launch.py
[28.065s] -- Symlinking: /home/disa/RM_prac/install/ros2_vfh/share/ros2_vfh/launch/vfh_no_wandering.launch.py
[28.072s] -- Symlinking: /home/disa/RM_prac/install/ros2_vfh/share/ros2_vfh/rviz/tb3_map.rviz
[28.079s] -- Symlinking: /home/disa/RM_prac/install/ros2_vfh/share/ros2_vfh/rviz/tb3_odom.rviz
[28.085s] -- Symlinking: /home/disa/RM_prac/install/ros2_vfh/share/ros2_vfh/rviz/vfh_map.rviz
[28.092s] -- Symlinking: /home/disa/RM_prac/install/ros2_vfh/share/ros2_vfh/rviz/vfh_odom.rviz
[28.100s] -- Symlinking: /home/disa/RM_prac/install/ros2_vfh/share/ament_index/resource_index/package_run_dependencies/ros2_vfh
[28.107s] -- Symlinking: /home/disa/RM_prac/install/ros2_vfh/share/ament_index/resource_index/parent_prefix_path/ros2_vfh
[28.114s] -- Symlinking: /home/disa/RM_prac/install/ros2_vfh/share/ros2_vfh/environment/ament_prefix_path.sh
[28.120s] -- Symlinking: /home/disa/RM_prac/install/ros2_vfh/share/ros2_vfh/environment/ament_prefix_path.dsv
[28.127s] -- Symlinking: /home/disa/RM_prac/install/ros2_vfh/share/ros2_vfh/environment/path.sh
[28.133s] -- Symlinking: /home/disa/RM_prac/install/ros2_vfh/share/ros2_vfh/environment/path.dsv
[28.140s] -- Symlinking: /home/disa/RM_prac/install/ros2_vfh/share/ros2_vfh/local_setup.bash
[28.146s] -- Symlinking: /home/disa/RM_prac/install/ros2_vfh/share/ros2_vfh/local_setup.sh
[28.153s] -- Symlinking: /home/disa/RM_prac/install/ros2_vfh/share/ros2_vfh/local_setup.zsh
[28.160s] -- Symlinking: /home/disa/RM_prac/install/ros2_vfh/share/ros2_vfh/local_setup.dsv
[28.166s] -- Symlinking: /home/disa/RM_prac/install/ros2_vfh/share/ros2_vfh/package.dsv
[28.173s] -- Symlinking: /home/disa/RM_prac/install/ros2_vfh/share/ament_index/resource_index/packages/ros2_vfh
[28.180s] -- Symlinking: /home/disa/RM_prac/install/ros2_vfh/share/ros2_vfh/cmake/ros2_vfhConfig.cmake
[28.187s] -- Symlinking: /home/disa/RM_prac/install/ros2_vfh/share/ros2_vfh/cmake/ros2_vfhConfig-version.cmake
[28.195s] -- Symlinking: /home/disa/RM_prac/install/ros2_vfh/share/ros2_vfh/package.xml
[28.203s] Invoked command in '/home/disa/RM_prac/build/ros2_vfh' returned '0': CMAKE_PREFIX_PATH=${CMAKE_PREFIX_PATH}:/home/disa/RM_prac/install/turtlebot3_dqn:/home/disa/mobile_robotics/mobile_robotics/install/turtlebot3_dqn:/opt/ros/humble /usr/bin/cmake --install /home/disa/RM_prac/build/ros2_vfh
