[0.053s] Invoking command in '/home/disa/RM_prac/build/slam_pkg': CMAKE_PREFIX_PATH=${CMAKE_PREFIX_PATH}:/home/disa/RM_prac/install/turtlebot3_dqn:/home/disa/mobile_robotics/mobile_robotics/install/turtlebot3_dqn:/opt/ros/humble /usr/bin/cmake --build /home/disa/RM_prac/build/slam_pkg -- -j16 -l16
[0.096s] [35m[1mConsolidate compiler generated dependencies of target amcl_odom[0m
[0.121s] [100%] Built target amcl_odom
[0.209s] Invoked command in '/home/disa/RM_prac/build/slam_pkg' returned '0': CMAKE_PREFIX_PATH=${CMAKE_PREFIX_PATH}:/home/disa/RM_prac/install/turtlebot3_dqn:/home/disa/mobile_robotics/mobile_robotics/install/turtlebot3_dqn:/opt/ros/humble /usr/bin/cmake --build /home/disa/RM_prac/build/slam_pkg -- -j16 -l16
[0.210s] Invoking command in '/home/disa/RM_prac/build/slam_pkg': CMAKE_PREFIX_PATH=${CMAKE_PREFIX_PATH}:/home/disa/RM_prac/install/turtlebot3_dqn:/home/disa/mobile_robotics/mobile_robotics/install/turtlebot3_dqn:/opt/ros/humble /usr/bin/cmake --install /home/disa/RM_prac/build/slam_pkg
[0.217s] -- Install configuration: ""
[0.220s] -- Execute custom install script
[0.222s] -- Up-to-date symlink: /home/disa/RM_prac/install/slam_pkg/lib/slam_pkg/amcl_odom
[0.222s] -- Up-to-date symlink: /home/disa/RM_prac/install/slam_pkg/share/slam_pkg/launch/cartographer.launch.py
[0.222s] -- Up-to-date symlink: /home/disa/RM_prac/install/slam_pkg/share/slam_pkg/launch/localization.launch.py
[0.223s] -- Up-to-date symlink: /home/disa/RM_prac/install/slam_pkg/share/ament_index/resource_index/package_run_dependencies/slam_pkg
[0.223s] -- Up-to-date symlink: /home/disa/RM_prac/install/slam_pkg/share/ament_index/resource_index/parent_prefix_path/slam_pkg
[0.223s] -- Up-to-date symlink: /home/disa/RM_prac/install/slam_pkg/share/slam_pkg/environment/ament_prefix_path.sh
[0.223s] -- Up-to-date symlink: /home/disa/RM_prac/install/slam_pkg/share/slam_pkg/environment/ament_prefix_path.dsv
[0.225s] -- Up-to-date symlink: /home/disa/RM_prac/install/slam_pkg/share/slam_pkg/environment/path.sh
[0.225s] -- Up-to-date symlink: /home/disa/RM_prac/install/slam_pkg/share/slam_pkg/environment/path.dsv
[0.226s] -- Up-to-date symlink: /home/disa/RM_prac/install/slam_pkg/share/slam_pkg/local_setup.bash
[0.226s] -- Up-to-date symlink: /home/disa/RM_prac/install/slam_pkg/share/slam_pkg/local_setup.sh
[0.226s] -- Up-to-date symlink: /home/disa/RM_prac/install/slam_pkg/share/slam_pkg/local_setup.zsh
[0.226s] -- Up-to-date symlink: /home/disa/RM_prac/install/slam_pkg/share/slam_pkg/local_setup.dsv
[0.226s] -- Symlinking: /home/disa/RM_prac/install/slam_pkg/share/slam_pkg/package.dsv
[0.233s] -- Up-to-date symlink: /home/disa/RM_prac/install/slam_pkg/share/ament_index/resource_index/packages/slam_pkg
[0.233s] -- Up-to-date symlink: /home/disa/RM_prac/install/slam_pkg/share/slam_pkg/cmake/slam_pkgConfig.cmake
[0.234s] -- Up-to-date symlink: /home/disa/RM_prac/install/slam_pkg/share/slam_pkg/cmake/slam_pkgConfig-version.cmake
[0.234s] -- Up-to-date symlink: /home/disa/RM_prac/install/slam_pkg/share/slam_pkg/package.xml
[0.289s] Invoked command in '/home/disa/RM_prac/build/slam_pkg' returned '0': CMAKE_PREFIX_PATH=${CMAKE_PREFIX_PATH}:/home/disa/RM_prac/install/turtlebot3_dqn:/home/disa/mobile_robotics/mobile_robotics/install/turtlebot3_dqn:/opt/ros/humble /usr/bin/cmake --install /home/disa/RM_prac/build/slam_pkg
