[0.059s] Invoking command in '/home/disa/RM_prac/build/maintenance_mode_pkg': CMAKE_PREFIX_PATH=${CMAKE_PREFIX_PATH}:/home/disa/RM_prac/install/turtlebot3_dqn:/home/disa/mobile_robotics/mobile_robotics/install/turtlebot3_dqn:/opt/ros/humble /usr/bin/cmake /home/disa/RM_prac/src/maintenance_mode_pkg -DAMENT_CMAKE_SYMLINK_INSTALL=1 -DCMAKE_INSTALL_PREFIX=/home/disa/RM_prac/install/maintenance_mode_pkg
[0.331s] -- The C compiler identification is GNU 11.4.0
[0.509s] -- The CXX compiler identification is GNU 11.4.0
[0.673s] -- Detecting C compiler ABI info
[0.806s] -- Detecting C compiler ABI info - done
[0.813s] -- Check for working C compiler: /usr/bin/cc - skipped
[0.813s] -- Detecting C compile features
[0.814s] -- Detecting C compile features - done
[0.816s] -- Detecting CXX compiler ABI info
[0.952s] -- Detecting CXX compiler ABI info - done
[0.961s] -- Check for working CXX compiler: /usr/bin/c++ - skipped
[0.962s] -- Detecting CXX compile features
[0.962s] -- Detecting CXX compile features - done
[0.965s] -- Found ament_cmake: 1.3.12 (/opt/ros/humble/share/ament_cmake/cmake)
[1.179s] -- Found Python3: /usr/bin/python3 (found version "3.10.12") found components: Interpreter 
[1.272s] -- Override CMake install command with custom implementation using symlinks instead of copying resources
[1.306s] -- Found rclcpp: 16.0.17 (/opt/ros/humble/share/rclcpp/cmake)
[1.446s] -- Found rosidl_generator_c: 3.1.8 (/opt/ros/humble/share/rosidl_generator_c/cmake)
[1.451s] -- Found rosidl_adapter: 3.1.8 (/opt/ros/humble/share/rosidl_adapter/cmake)
[1.459s] -- Found rosidl_generator_cpp: 3.1.8 (/opt/ros/humble/share/rosidl_generator_cpp/cmake)
[1.473s] -- Using all available rosidl_typesupport_c: rosidl_typesupport_fastrtps_c;rosidl_typesupport_introspection_c
[1.492s] -- Using all available rosidl_typesupport_cpp: rosidl_typesupport_fastrtps_cpp;rosidl_typesupport_introspection_cpp
[1.548s] -- Found rmw_implementation_cmake: 6.1.2 (/opt/ros/humble/share/rmw_implementation_cmake/cmake)
[1.552s] -- Found rmw_fastrtps_cpp: 6.2.9 (/opt/ros/humble/share/rmw_fastrtps_cpp/cmake)
[2.007s] -- Found OpenSSL: /usr/lib/x86_64-linux-gnu/libcrypto.so (found version "3.0.2")  
[2.732s] -- Found FastRTPS: /opt/ros/humble/include  
[3.480s] -- Using RMW implementation 'rmw_fastrtps_cpp' as default
[3.488s] -- Looking for pthread.h
[3.640s] -- Looking for pthread.h - found
[3.640s] -- Performing Test CMAKE_HAVE_LIBC_PTHREAD
[3.783s] -- Performing Test CMAKE_HAVE_LIBC_PTHREAD - Success
[3.785s] -- Found Threads: TRUE  
[3.845s] -- Found geometry_msgs: 4.9.0 (/opt/ros/humble/share/geometry_msgs/cmake)
[3.863s] -- Found sensor_msgs: 4.9.0 (/opt/ros/humble/share/sensor_msgs/cmake)
[3.883s] -- Found std_srvs: 4.9.0 (/opt/ros/humble/share/std_srvs/cmake)
[3.895s] -- Found turtlebot3_msgs: 2.4.0 (/home/disa/mobile_robotics/mobile_robotics/install/turtlebot3_msgs/share/turtlebot3_msgs/cmake)
[3.960s] -- Found ament_lint_auto: 0.12.14 (/opt/ros/humble/share/ament_lint_auto/cmake)
[4.053s] -- Added test 'cppcheck' to perform static code analysis on C / C++ code
[4.054s] -- Configured cppcheck include dirs: 
[4.054s] -- Configured cppcheck exclude dirs and/or files: 
[4.054s] -- Added test 'lint_cmake' to check CMake code style
[4.055s] -- Added test 'uncrustify' to check C / C++ code style
[4.055s] -- Configured uncrustify additional arguments: 
[4.056s] -- Added test 'xmllint' to check XML markup files
[4.058s] -- Configuring done
[4.072s] -- Generating done
[4.075s] -- Build files have been written to: /home/disa/RM_prac/build/maintenance_mode_pkg
[4.085s] Invoked command in '/home/disa/RM_prac/build/maintenance_mode_pkg' returned '0': CMAKE_PREFIX_PATH=${CMAKE_PREFIX_PATH}:/home/disa/RM_prac/install/turtlebot3_dqn:/home/disa/mobile_robotics/mobile_robotics/install/turtlebot3_dqn:/opt/ros/humble /usr/bin/cmake /home/disa/RM_prac/src/maintenance_mode_pkg -DAMENT_CMAKE_SYMLINK_INSTALL=1 -DCMAKE_INSTALL_PREFIX=/home/disa/RM_prac/install/maintenance_mode_pkg
[4.087s] Invoking command in '/home/disa/RM_prac/build/maintenance_mode_pkg': CMAKE_PREFIX_PATH=${CMAKE_PREFIX_PATH}:/home/disa/RM_prac/install/turtlebot3_dqn:/home/disa/mobile_robotics/mobile_robotics/install/turtlebot3_dqn:/opt/ros/humble /usr/bin/cmake --build /home/disa/RM_prac/build/maintenance_mode_pkg -- -j16 -l16
[4.147s] [ 50%] [32mBuilding CXX object CMakeFiles/maintenance_mode.dir/src/maintenance_mode.cpp.o[0m
[19.269s] [100%] [32m[1mLinking CXX executable maintenance_mode[0m
[19.970s] [100%] Built target maintenance_mode
[19.985s] Invoked command in '/home/disa/RM_prac/build/maintenance_mode_pkg' returned '0': CMAKE_PREFIX_PATH=${CMAKE_PREFIX_PATH}:/home/disa/RM_prac/install/turtlebot3_dqn:/home/disa/mobile_robotics/mobile_robotics/install/turtlebot3_dqn:/opt/ros/humble /usr/bin/cmake --build /home/disa/RM_prac/build/maintenance_mode_pkg -- -j16 -l16
[19.988s] Invoking command in '/home/disa/RM_prac/build/maintenance_mode_pkg': CMAKE_PREFIX_PATH=${CMAKE_PREFIX_PATH}:/home/disa/RM_prac/install/turtlebot3_dqn:/home/disa/mobile_robotics/mobile_robotics/install/turtlebot3_dqn:/opt/ros/humble /usr/bin/cmake --install /home/disa/RM_prac/build/maintenance_mode_pkg
[19.998s] -- Install configuration: ""
[19.998s] -- Execute custom install script
[19.999s] -- Symlinking: /home/disa/RM_prac/install/maintenance_mode_pkg/lib/maintenance_mode_pkg/maintenance_mode
[20.012s] -- Symlinking: /home/disa/RM_prac/install/maintenance_mode_pkg/share/ament_index/resource_index/package_run_dependencies/maintenance_mode_pkg
[20.023s] -- Symlinking: /home/disa/RM_prac/install/maintenance_mode_pkg/share/ament_index/resource_index/parent_prefix_path/maintenance_mode_pkg
[20.036s] -- Symlinking: /home/disa/RM_prac/install/maintenance_mode_pkg/share/maintenance_mode_pkg/environment/ament_prefix_path.sh
[20.046s] -- Symlinking: /home/disa/RM_prac/install/maintenance_mode_pkg/share/maintenance_mode_pkg/environment/ament_prefix_path.dsv
[20.056s] -- Symlinking: /home/disa/RM_prac/install/maintenance_mode_pkg/share/maintenance_mode_pkg/environment/path.sh
[20.065s] -- Symlinking: /home/disa/RM_prac/install/maintenance_mode_pkg/share/maintenance_mode_pkg/environment/path.dsv
[20.076s] -- Symlinking: /home/disa/RM_prac/install/maintenance_mode_pkg/share/maintenance_mode_pkg/local_setup.bash
[20.086s] -- Symlinking: /home/disa/RM_prac/install/maintenance_mode_pkg/share/maintenance_mode_pkg/local_setup.sh
[20.099s] -- Symlinking: /home/disa/RM_prac/install/maintenance_mode_pkg/share/maintenance_mode_pkg/local_setup.zsh
[20.111s] -- Symlinking: /home/disa/RM_prac/install/maintenance_mode_pkg/share/maintenance_mode_pkg/local_setup.dsv
[20.125s] -- Symlinking: /home/disa/RM_prac/install/maintenance_mode_pkg/share/maintenance_mode_pkg/package.dsv
[20.136s] -- Symlinking: /home/disa/RM_prac/install/maintenance_mode_pkg/share/ament_index/resource_index/packages/maintenance_mode_pkg
[20.146s] -- Symlinking: /home/disa/RM_prac/install/maintenance_mode_pkg/share/maintenance_mode_pkg/cmake/maintenance_mode_pkgConfig.cmake
[20.158s] -- Symlinking: /home/disa/RM_prac/install/maintenance_mode_pkg/share/maintenance_mode_pkg/cmake/maintenance_mode_pkgConfig-version.cmake
[20.168s] -- Symlinking: /home/disa/RM_prac/install/maintenance_mode_pkg/share/maintenance_mode_pkg/package.xml
[20.183s] Invoked command in '/home/disa/RM_prac/build/maintenance_mode_pkg' returned '0': CMAKE_PREFIX_PATH=${CMAKE_PREFIX_PATH}:/home/disa/RM_prac/install/turtlebot3_dqn:/home/disa/mobile_robotics/mobile_robotics/install/turtlebot3_dqn:/opt/ros/humble /usr/bin/cmake --install /home/disa/RM_prac/build/maintenance_mode_pkg
