-- The C compiler identification is GNU 11.4.0
-- The CXX compiler identification is GNU 11.4.0
-- Detecting C compiler ABI info
-- Detecting C compiler ABI info - done
-- Check for working C compiler: /usr/bin/cc - skipped
-- Detecting C compile features
-- Detecting C compile features - done
-- Detecting CXX compiler ABI info
-- Detecting CXX compiler ABI info - done
-- Check for working CXX compiler: /usr/bin/c++ - skipped
-- Detecting CXX compile features
-- Detecting CXX compile features - done
-- Found ament_cmake: 1.3.12 (/opt/ros/humble/share/ament_cmake/cmake)
-- Found Python3: /usr/bin/python3 (found version "3.10.12") found components: Interpreter 
-- Override CMake install command with custom implementation using symlinks instead of copying resources
-- Configuring done
-- Generating done
-- Build files have been written to: /home/disa/RM_prac/build/navigation_pkg
-- Install configuration: ""
-- Execute custom install script
-- Symlinking: /home/disa/RM_prac/install/navigation_pkg/share/navigation_pkg/launch/navigation.launch.py
-- Symlinking: /home/disa/RM_prac/install/navigation_pkg/share/navigation_pkg/launch/navigation_with_speed_limit.launch.py
-- Symlinking: /home/disa/RM_prac/install/navigation_pkg/share/navigation_pkg/launch/speed_limit.launch.py
-- Symlinking: /home/disa/RM_prac/install/navigation_pkg/share/navigation_pkg/launch/turtlebot3_navigation.launch.py
-- Symlinking: /home/disa/RM_prac/install/navigation_pkg/share/navigation_pkg/param/keepout_params.yaml
-- Symlinking: /home/disa/RM_prac/install/navigation_pkg/share/navigation_pkg/param/nav2_params.yaml
-- Symlinking: /home/disa/RM_prac/install/navigation_pkg/share/navigation_pkg/param/nav2_params_speed_limit.yaml
-- Symlinking: /home/disa/RM_prac/install/navigation_pkg/share/navigation_pkg/param/speed_params.yaml
-- Symlinking: /home/disa/RM_prac/install/navigation_pkg/share/ament_index/resource_index/package_run_dependencies/navigation_pkg
-- Symlinking: /home/disa/RM_prac/install/navigation_pkg/share/ament_index/resource_index/parent_prefix_path/navigation_pkg
-- Symlinking: /home/disa/RM_prac/install/navigation_pkg/share/navigation_pkg/environment/ament_prefix_path.sh
-- Symlinking: /home/disa/RM_prac/install/navigation_pkg/share/navigation_pkg/environment/ament_prefix_path.dsv
-- Symlinking: /home/disa/RM_prac/install/navigation_pkg/share/navigation_pkg/environment/path.sh
-- Symlinking: /home/disa/RM_prac/install/navigation_pkg/share/navigation_pkg/environment/path.dsv
-- Symlinking: /home/disa/RM_prac/install/navigation_pkg/share/navigation_pkg/local_setup.bash
-- Symlinking: /home/disa/RM_prac/install/navigation_pkg/share/navigation_pkg/local_setup.sh
-- Symlinking: /home/disa/RM_prac/install/navigation_pkg/share/navigation_pkg/local_setup.zsh
-- Symlinking: /home/disa/RM_prac/install/navigation_pkg/share/navigation_pkg/local_setup.dsv
-- Symlinking: /home/disa/RM_prac/install/navigation_pkg/share/navigation_pkg/package.dsv
-- Symlinking: /home/disa/RM_prac/install/navigation_pkg/share/ament_index/resource_index/packages/navigation_pkg
-- Symlinking: /home/disa/RM_prac/install/navigation_pkg/share/navigation_pkg/cmake/navigation_pkgConfig.cmake
-- Symlinking: /home/disa/RM_prac/install/navigation_pkg/share/navigation_pkg/cmake/navigation_pkgConfig-version.cmake
-- Symlinking: /home/disa/RM_prac/install/navigation_pkg/share/navigation_pkg/package.xml
