[0.058s] Invoking command in '/home/disa/RM_prac/build/navigation_pkg': CMAKE_PREFIX_PATH=${CMAKE_PREFIX_PATH}:/home/disa/RM_prac/install/turtlebot3_dqn:/home/disa/mobile_robotics/mobile_robotics/install/turtlebot3_dqn:/opt/ros/humble /usr/bin/cmake /home/disa/RM_prac/src/navigation_pkg -DAMENT_CMAKE_SYMLINK_INSTALL=1 -DCMAKE_INSTALL_PREFIX=/home/disa/RM_prac/install/navigation_pkg
[0.328s] -- The C compiler identification is GNU 11.4.0
[0.519s] -- The CXX compiler identification is GNU 11.4.0
[0.674s] -- Detecting C compiler ABI info
[0.819s] -- Detecting C compiler ABI info - done
[0.827s] -- Check for working C compiler: /usr/bin/cc - skipped
[0.827s] -- Detecting C compile features
[0.827s] -- Detecting C compile features - done
[0.831s] -- Detecting CXX compiler ABI info
[0.978s] -- Detecting CXX compiler ABI info - done
[0.988s] -- Check for working CXX compiler: /usr/bin/c++ - skipped
[0.989s] -- Detecting CXX compile features
[0.989s] -- Detecting CXX compile features - done
[0.992s] -- Found ament_cmake: 1.3.12 (/opt/ros/humble/share/ament_cmake/cmake)
[1.192s] -- Found Python3: /usr/bin/python3 (found version "3.10.12") found components: Interpreter 
[1.273s] -- Override CMake install command with custom implementation using symlinks instead of copying resources
[1.378s] -- Configuring done
[1.382s] -- Generating done
[1.383s] -- Build files have been written to: /home/disa/RM_prac/build/navigation_pkg
[1.389s] Invoked command in '/home/disa/RM_prac/build/navigation_pkg' returned '0': CMAKE_PREFIX_PATH=${CMAKE_PREFIX_PATH}:/home/disa/RM_prac/install/turtlebot3_dqn:/home/disa/mobile_robotics/mobile_robotics/install/turtlebot3_dqn:/opt/ros/humble /usr/bin/cmake /home/disa/RM_prac/src/navigation_pkg -DAMENT_CMAKE_SYMLINK_INSTALL=1 -DCMAKE_INSTALL_PREFIX=/home/disa/RM_prac/install/navigation_pkg
[1.394s] Invoking command in '/home/disa/RM_prac/build/navigation_pkg': CMAKE_PREFIX_PATH=${CMAKE_PREFIX_PATH}:/home/disa/RM_prac/install/turtlebot3_dqn:/home/disa/mobile_robotics/mobile_robotics/install/turtlebot3_dqn:/opt/ros/humble /usr/bin/cmake --build /home/disa/RM_prac/build/navigation_pkg -- -j16 -l16
[1.485s] Invoked command in '/home/disa/RM_prac/build/navigation_pkg' returned '0': CMAKE_PREFIX_PATH=${CMAKE_PREFIX_PATH}:/home/disa/RM_prac/install/turtlebot3_dqn:/home/disa/mobile_robotics/mobile_robotics/install/turtlebot3_dqn:/opt/ros/humble /usr/bin/cmake --build /home/disa/RM_prac/build/navigation_pkg -- -j16 -l16
[1.497s] Invoking command in '/home/disa/RM_prac/build/navigation_pkg': CMAKE_PREFIX_PATH=${CMAKE_PREFIX_PATH}:/home/disa/RM_prac/install/turtlebot3_dqn:/home/disa/mobile_robotics/mobile_robotics/install/turtlebot3_dqn:/opt/ros/humble /usr/bin/cmake --install /home/disa/RM_prac/build/navigation_pkg
[1.505s] -- Install configuration: ""
[1.505s] -- Execute custom install script
[1.508s] -- Symlinking: /home/disa/RM_prac/install/navigation_pkg/share/navigation_pkg/launch/navigation.launch.py
[1.516s] -- Symlinking: /home/disa/RM_prac/install/navigation_pkg/share/navigation_pkg/launch/navigation_with_speed_limit.launch.py
[1.527s] -- Symlinking: /home/disa/RM_prac/install/navigation_pkg/share/navigation_pkg/launch/speed_limit.launch.py
[1.537s] -- Symlinking: /home/disa/RM_prac/install/navigation_pkg/share/navigation_pkg/launch/turtlebot3_navigation.launch.py
[1.549s] -- Symlinking: /home/disa/RM_prac/install/navigation_pkg/share/navigation_pkg/param/keepout_params.yaml
[1.558s] -- Symlinking: /home/disa/RM_prac/install/navigation_pkg/share/navigation_pkg/param/nav2_params.yaml
[1.568s] -- Symlinking: /home/disa/RM_prac/install/navigation_pkg/share/navigation_pkg/param/nav2_params_speed_limit.yaml
[1.578s] -- Symlinking: /home/disa/RM_prac/install/navigation_pkg/share/navigation_pkg/param/speed_params.yaml
[1.592s] -- Symlinking: /home/disa/RM_prac/install/navigation_pkg/share/ament_index/resource_index/package_run_dependencies/navigation_pkg
[1.603s] -- Symlinking: /home/disa/RM_prac/install/navigation_pkg/share/ament_index/resource_index/parent_prefix_path/navigation_pkg
[1.611s] -- Symlinking: /home/disa/RM_prac/install/navigation_pkg/share/navigation_pkg/environment/ament_prefix_path.sh
[1.619s] -- Symlinking: /home/disa/RM_prac/install/navigation_pkg/share/navigation_pkg/environment/ament_prefix_path.dsv
[1.628s] -- Symlinking: /home/disa/RM_prac/install/navigation_pkg/share/navigation_pkg/environment/path.sh
[1.638s] -- Symlinking: /home/disa/RM_prac/install/navigation_pkg/share/navigation_pkg/environment/path.dsv
[1.648s] -- Symlinking: /home/disa/RM_prac/install/navigation_pkg/share/navigation_pkg/local_setup.bash
[1.658s] -- Symlinking: /home/disa/RM_prac/install/navigation_pkg/share/navigation_pkg/local_setup.sh
[1.669s] -- Symlinking: /home/disa/RM_prac/install/navigation_pkg/share/navigation_pkg/local_setup.zsh
[1.680s] -- Symlinking: /home/disa/RM_prac/install/navigation_pkg/share/navigation_pkg/local_setup.dsv
[1.690s] -- Symlinking: /home/disa/RM_prac/install/navigation_pkg/share/navigation_pkg/package.dsv
[1.700s] -- Symlinking: /home/disa/RM_prac/install/navigation_pkg/share/ament_index/resource_index/packages/navigation_pkg
[1.710s] -- Symlinking: /home/disa/RM_prac/install/navigation_pkg/share/navigation_pkg/cmake/navigation_pkgConfig.cmake
[1.720s] -- Symlinking: /home/disa/RM_prac/install/navigation_pkg/share/navigation_pkg/cmake/navigation_pkgConfig-version.cmake
[1.731s] -- Symlinking: /home/disa/RM_prac/install/navigation_pkg/share/navigation_pkg/package.xml
[1.745s] Invoked command in '/home/disa/RM_prac/build/navigation_pkg' returned '0': CMAKE_PREFIX_PATH=${CMAKE_PREFIX_PATH}:/home/disa/RM_prac/install/turtlebot3_dqn:/home/disa/mobile_robotics/mobile_robotics/install/turtlebot3_dqn:/opt/ros/humble /usr/bin/cmake --install /home/disa/RM_prac/build/navigation_pkg
