-- Install configuration: ""
-- Execute custom install script
-- Up-to-date symlink: /home/disa/RM_prac/install/upv_maps_pkg/share/upv_maps_pkg/maps/coppeliasim/coppeliasim_map.pgm
-- Up-to-date symlink: /home/disa/RM_prac/install/upv_maps_pkg/share/upv_maps_pkg/maps/coppeliasim/coppeliasim_map.yaml
-- Up-to-date symlink: /home/disa/RM_prac/install/upv_maps_pkg/share/upv_maps_pkg/maps/coppeliasim/speed_mask_coppeliasim_map.pgm
-- Up-to-date symlink: /home/disa/RM_prac/install/upv_maps_pkg/share/upv_maps_pkg/maps/coppeliasim/speed_mask_coppeliasim_map.yaml
-- Up-to-date symlink: /home/disa/RM_prac/install/upv_maps_pkg/share/upv_maps_pkg/maps/disa/simulacion2_aula_map.pgm
-- Up-to-date symlink: /home/disa/RM_prac/install/upv_maps_pkg/share/upv_maps_pkg/maps/disa/simulacion2_aula_map.yaml
-- Up-to-date symlink: /home/disa/RM_prac/install/upv_maps_pkg/share/upv_maps_pkg/maps/disa/simulacion2_aula_room_map.pgm
-- Up-to-date symlink: /home/disa/RM_prac/install/upv_maps_pkg/share/upv_maps_pkg/maps/disa/simulacion2_aula_room_map.yaml
-- Up-to-date symlink: /home/disa/RM_prac/install/upv_maps_pkg/share/upv_maps_pkg/maps/disa/simulacion2_room_map.pgm
-- Up-to-date symlink: /home/disa/RM_prac/install/upv_maps_pkg/share/upv_maps_pkg/maps/disa/simulacion2_room_map.yaml
-- Up-to-date symlink: /home/disa/RM_prac/install/upv_maps_pkg/share/upv_maps_pkg/maps/etsinf/lab_map.pgm
-- Up-to-date symlink: /home/disa/RM_prac/install/upv_maps_pkg/share/upv_maps_pkg/maps/etsinf/lab_map.yaml
-- Up-to-date symlink: /home/disa/RM_prac/install/upv_maps_pkg/share/upv_maps_pkg/maps/etsinf/speed_mask_lab_map.pgm
-- Up-to-date symlink: /home/disa/RM_prac/install/upv_maps_pkg/share/upv_maps_pkg/maps/etsinf/speed_mask_lab_map.yaml
-- Up-to-date symlink: /home/disa/RM_prac/install/upv_maps_pkg/share/ament_index/resource_index/package_run_dependencies/upv_maps_pkg
-- Up-to-date symlink: /home/disa/RM_prac/install/upv_maps_pkg/share/ament_index/resource_index/parent_prefix_path/upv_maps_pkg
-- Up-to-date symlink: /home/disa/RM_prac/install/upv_maps_pkg/share/upv_maps_pkg/environment/ament_prefix_path.sh
-- Up-to-date symlink: /home/disa/RM_prac/install/upv_maps_pkg/share/upv_maps_pkg/environment/ament_prefix_path.dsv
-- Up-to-date symlink: /home/disa/RM_prac/install/upv_maps_pkg/share/upv_maps_pkg/environment/path.sh
-- Up-to-date symlink: /home/disa/RM_prac/install/upv_maps_pkg/share/upv_maps_pkg/environment/path.dsv
-- Up-to-date symlink: /home/disa/RM_prac/install/upv_maps_pkg/share/upv_maps_pkg/local_setup.bash
-- Up-to-date symlink: /home/disa/RM_prac/install/upv_maps_pkg/share/upv_maps_pkg/local_setup.sh
-- Up-to-date symlink: /home/disa/RM_prac/install/upv_maps_pkg/share/upv_maps_pkg/local_setup.zsh
-- Up-to-date symlink: /home/disa/RM_prac/install/upv_maps_pkg/share/upv_maps_pkg/local_setup.dsv
-- Symlinking: /home/disa/RM_prac/install/upv_maps_pkg/share/upv_maps_pkg/package.dsv
-- Up-to-date symlink: /home/disa/RM_prac/install/upv_maps_pkg/share/ament_index/resource_index/packages/upv_maps_pkg
-- Up-to-date symlink: /home/disa/RM_prac/install/upv_maps_pkg/share/upv_maps_pkg/cmake/upv_maps_pkgConfig.cmake
-- Up-to-date symlink: /home/disa/RM_prac/install/upv_maps_pkg/share/upv_maps_pkg/cmake/upv_maps_pkgConfig-version.cmake
-- Up-to-date symlink: /home/disa/RM_prac/install/upv_maps_pkg/share/upv_maps_pkg/package.xml
