[35m[1mConsolidate compiler generated dependencies of target pure_pursuit_pkg__rosidl_generator_c[0m
[  2%] Built target pure_pursuit_pkg__cpp
[ 10%] Built target pure_pursuit_pkg__rosidl_generator_c
[ 10%] Built target ament_cmake_python_symlink_pure_pursuit_pkg
[35m[1mConsolidate compiler generated dependencies of target pure_pursuit_pkg__rosidl_typesupport_cpp[0m
[35m[1mConsolidate compiler generated dependencies of target pure_pursuit_pkg__rosidl_typesupport_introspection_cpp[0m
[35m[1mConsolidate compiler generated dependencies of target pure_pursuit_pkg__rosidl_typesupport_c[0m
[35m[1mConsolidate compiler generated dependencies of target pure_pursuit_pkg__rosidl_typesupport_introspection_c[0m
[35m[1mConsolidate compiler generated dependencies of target pure_pursuit_pkg__rosidl_typesupport_fastrtps_cpp[0m
[35m[1mConsolidate compiler generated dependencies of target pure_pursuit_pkg__rosidl_typesupport_fastrtps_c[0m
[ 27%] Built target pure_pursuit_pkg__rosidl_typesupport_fastrtps_cpp
[ 27%] Built target pure_pursuit_pkg__rosidl_typesupport_cpp
[ 35%] Built target pure_pursuit_pkg__rosidl_typesupport_introspection_cpp
[ 43%] Built target pure_pursuit_pkg__rosidl_typesupport_fastrtps_c
[ 51%] Built target pure_pursuit_pkg__rosidl_typesupport_introspection_c
[ 59%] Built target pure_pursuit_pkg__rosidl_typesupport_c
[35m[1mConsolidate compiler generated dependencies of target waypoint_tools_lib[0m
[35m[1mConsolidate compiler generated dependencies of target waypoints_node[0m
[ 64%] Built target waypoint_tools_lib
[ 70%] Built target waypoints_node
[ 70%] Built target pure_pursuit_pkg
[35m[1mConsolidate compiler generated dependencies of target pure_pursuit_odom[0m
[ 72%] Built target pure_pursuit_pkg__py
[ 78%] Built target pure_pursuit_odom
[35m[1mConsolidate compiler generated dependencies of target pure_pursuit_pkg__rosidl_generator_py[0m
[ 83%] Built target pure_pursuit_pkg__rosidl_generator_py
[35m[1mConsolidate compiler generated dependencies of target pure_pursuit_pkg__rosidl_typesupport_c__pyext[0m
[35m[1mConsolidate compiler generated dependencies of target pure_pursuit_pkg__rosidl_typesupport_fastrtps_c__pyext[0m
[35m[1mConsolidate compiler generated dependencies of target pure_pursuit_pkg__rosidl_typesupport_introspection_c__pyext[0m
[ 89%] Built target pure_pursuit_pkg__rosidl_typesupport_fastrtps_c__pyext
[ 94%] Built target pure_pursuit_pkg__rosidl_typesupport_c__pyext
[100%] Built target pure_pursuit_pkg__rosidl_typesupport_introspection_c__pyext
running egg_info
writing pure_pursuit_pkg.egg-info/PKG-INFO
writing dependency_links to pure_pursuit_pkg.egg-info/dependency_links.txt
writing top-level names to pure_pursuit_pkg.egg-info/top_level.txt
reading manifest file 'pure_pursuit_pkg.egg-info/SOURCES.txt'
writing manifest file 'pure_pursuit_pkg.egg-info/SOURCES.txt'
[100%] Built target ament_cmake_python_build_pure_pursuit_pkg_egg
-- Install configuration: ""
-- Execute custom install script
-- Up-to-date symlink: /home/disa/RM_prac/install/pure_pursuit_pkg/share/ament_index/resource_index/rosidl_interfaces/pure_pursuit_pkg
-- Up-to-date symlink: /home/disa/RM_prac/install/pure_pursuit_pkg/include/pure_pursuit_pkg/pure_pursuit_pkg/msg/detail/way_point_path__functions.h
-- Up-to-date symlink: /home/disa/RM_prac/install/pure_pursuit_pkg/include/pure_pursuit_pkg/pure_pursuit_pkg/msg/detail/way_point_path__struct.h
-- Up-to-date symlink: /home/disa/RM_prac/install/pure_pursuit_pkg/include/pure_pursuit_pkg/pure_pursuit_pkg/msg/detail/way_point_path__type_support.h
-- Up-to-date symlink: /home/disa/RM_prac/install/pure_pursuit_pkg/include/pure_pursuit_pkg/pure_pursuit_pkg/msg/rosidl_generator_c__visibility_control.h
-- Up-to-date symlink: /home/disa/RM_prac/install/pure_pursuit_pkg/include/pure_pursuit_pkg/pure_pursuit_pkg/msg/way_point_path.h
-- Up-to-date symlink: /home/disa/RM_prac/install/pure_pursuit_pkg/share/pure_pursuit_pkg/environment/library_path.sh
-- Up-to-date symlink: /home/disa/RM_prac/install/pure_pursuit_pkg/share/pure_pursuit_pkg/environment/library_path.dsv
-- Up-to-date symlink: /home/disa/RM_prac/install/pure_pursuit_pkg/include/pure_pursuit_pkg/pure_pursuit_pkg/msg/detail/way_point_path__rosidl_typesupport_fastrtps_c.h
-- Up-to-date symlink: /home/disa/RM_prac/install/pure_pursuit_pkg/include/pure_pursuit_pkg/pure_pursuit_pkg/msg/rosidl_typesupport_fastrtps_c__visibility_control.h
-- Up-to-date symlink: /home/disa/RM_prac/install/pure_pursuit_pkg/include/pure_pursuit_pkg/pure_pursuit_pkg/msg/detail/way_point_path__builder.hpp
-- Up-to-date symlink: /home/disa/RM_prac/install/pure_pursuit_pkg/include/pure_pursuit_pkg/pure_pursuit_pkg/msg/detail/way_point_path__struct.hpp
-- Up-to-date symlink: /home/disa/RM_prac/install/pure_pursuit_pkg/include/pure_pursuit_pkg/pure_pursuit_pkg/msg/detail/way_point_path__traits.hpp
-- Up-to-date symlink: /home/disa/RM_prac/install/pure_pursuit_pkg/include/pure_pursuit_pkg/pure_pursuit_pkg/msg/detail/way_point_path__type_support.hpp
-- Up-to-date symlink: /home/disa/RM_prac/install/pure_pursuit_pkg/include/pure_pursuit_pkg/pure_pursuit_pkg/msg/rosidl_generator_cpp__visibility_control.hpp
-- Up-to-date symlink: /home/disa/RM_prac/install/pure_pursuit_pkg/include/pure_pursuit_pkg/pure_pursuit_pkg/msg/way_point_path.hpp
-- Up-to-date symlink: /home/disa/RM_prac/install/pure_pursuit_pkg/include/pure_pursuit_pkg/pure_pursuit_pkg/msg/detail/way_point_path__rosidl_typesupport_fastrtps_cpp.hpp
-- Up-to-date symlink: /home/disa/RM_prac/install/pure_pursuit_pkg/include/pure_pursuit_pkg/pure_pursuit_pkg/msg/rosidl_typesupport_fastrtps_cpp__visibility_control.h
-- Up-to-date symlink: /home/disa/RM_prac/install/pure_pursuit_pkg/include/pure_pursuit_pkg/pure_pursuit_pkg/msg/detail/way_point_path__rosidl_typesupport_introspection_c.h
-- Up-to-date symlink: /home/disa/RM_prac/install/pure_pursuit_pkg/include/pure_pursuit_pkg/pure_pursuit_pkg/msg/rosidl_typesupport_introspection_c__visibility_control.h
-- Up-to-date symlink: /home/disa/RM_prac/install/pure_pursuit_pkg/include/pure_pursuit_pkg/pure_pursuit_pkg/msg/detail/way_point_path__rosidl_typesupport_introspection_cpp.hpp
-- Up-to-date symlink: /home/disa/RM_prac/install/pure_pursuit_pkg/share/pure_pursuit_pkg/environment/pythonpath.sh
-- Up-to-date symlink: /home/disa/RM_prac/install/pure_pursuit_pkg/share/pure_pursuit_pkg/environment/pythonpath.dsv
-- Up-to-date symlink: /home/disa/RM_prac/install/pure_pursuit_pkg/local/lib/python3.10/dist-packages/pure_pursuit_pkg-0.0.0-py3.10.egg-info/PKG-INFO
-- Up-to-date symlink: /home/disa/RM_prac/install/pure_pursuit_pkg/local/lib/python3.10/dist-packages/pure_pursuit_pkg-0.0.0-py3.10.egg-info/SOURCES.txt
-- Up-to-date symlink: /home/disa/RM_prac/install/pure_pursuit_pkg/local/lib/python3.10/dist-packages/pure_pursuit_pkg-0.0.0-py3.10.egg-info/dependency_links.txt
-- Up-to-date symlink: /home/disa/RM_prac/install/pure_pursuit_pkg/local/lib/python3.10/dist-packages/pure_pursuit_pkg-0.0.0-py3.10.egg-info/top_level.txt
-- Up-to-date symlink: /home/disa/RM_prac/install/pure_pursuit_pkg/local/lib/python3.10/dist-packages/pure_pursuit_pkg/__init__.py
-- Up-to-date symlink: /home/disa/RM_prac/install/pure_pursuit_pkg/local/lib/python3.10/dist-packages/pure_pursuit_pkg/_pure_pursuit_pkg_s.ep.rosidl_typesupport_c.c
-- Up-to-date symlink: /home/disa/RM_prac/install/pure_pursuit_pkg/local/lib/python3.10/dist-packages/pure_pursuit_pkg/_pure_pursuit_pkg_s.ep.rosidl_typesupport_fastrtps_c.c
-- Up-to-date symlink: /home/disa/RM_prac/install/pure_pursuit_pkg/local/lib/python3.10/dist-packages/pure_pursuit_pkg/_pure_pursuit_pkg_s.ep.rosidl_typesupport_introspection_c.c
-- Up-to-date symlink: /home/disa/RM_prac/install/pure_pursuit_pkg/local/lib/python3.10/dist-packages/pure_pursuit_pkg/libpure_pursuit_pkg__rosidl_generator_py.so
-- Up-to-date symlink: /home/disa/RM_prac/install/pure_pursuit_pkg/local/lib/python3.10/dist-packages/pure_pursuit_pkg/msg/__init__.py
-- Up-to-date symlink: /home/disa/RM_prac/install/pure_pursuit_pkg/local/lib/python3.10/dist-packages/pure_pursuit_pkg/msg/_way_point_path.py
-- Up-to-date symlink: /home/disa/RM_prac/install/pure_pursuit_pkg/local/lib/python3.10/dist-packages/pure_pursuit_pkg/msg/_way_point_path_s.c
-- Up-to-date symlink: /home/disa/RM_prac/install/pure_pursuit_pkg/local/lib/python3.10/dist-packages/pure_pursuit_pkg/pure_pursuit_pkg_s__rosidl_typesupport_c.cpython-310-x86_64-linux-gnu.so
-- Up-to-date symlink: /home/disa/RM_prac/install/pure_pursuit_pkg/local/lib/python3.10/dist-packages/pure_pursuit_pkg/pure_pursuit_pkg_s__rosidl_typesupport_fastrtps_c.cpython-310-x86_64-linux-gnu.so
-- Up-to-date symlink: /home/disa/RM_prac/install/pure_pursuit_pkg/local/lib/python3.10/dist-packages/pure_pursuit_pkg/pure_pursuit_pkg_s__rosidl_typesupport_introspection_c.cpython-310-x86_64-linux-gnu.so
-- Up-to-date symlink: /home/disa/RM_prac/install/pure_pursuit_pkg/local/lib/python3.10/dist-packages/pure_pursuit_pkg/pure_pursuit_pkg_s__rosidl_typesupport_fastrtps_c.cpython-310-x86_64-linux-gnu.so
-- Up-to-date symlink: /home/disa/RM_prac/install/pure_pursuit_pkg/local/lib/python3.10/dist-packages/pure_pursuit_pkg/pure_pursuit_pkg_s__rosidl_typesupport_introspection_c.cpython-310-x86_64-linux-gnu.so
-- Up-to-date symlink: /home/disa/RM_prac/install/pure_pursuit_pkg/local/lib/python3.10/dist-packages/pure_pursuit_pkg/pure_pursuit_pkg_s__rosidl_typesupport_c.cpython-310-x86_64-linux-gnu.so
-- Up-to-date symlink: /home/disa/RM_prac/install/pure_pursuit_pkg/share/pure_pursuit_pkg/msg/WayPointPath.idl
-- Up-to-date symlink: /home/disa/RM_prac/install/pure_pursuit_pkg/share/pure_pursuit_pkg/msg/WayPointPath.msg
-- Up-to-date symlink: /home/disa/RM_prac/install/pure_pursuit_pkg/lib/pure_pursuit_pkg/pure_pursuit_odom
-- Up-to-date symlink: /home/disa/RM_prac/install/pure_pursuit_pkg/lib/pure_pursuit_pkg/waypoints_node
-- Up-to-date symlink: /home/disa/RM_prac/install/pure_pursuit_pkg/share/pure_pursuit_pkg/msg/WayPointPath.msg
-- Up-to-date symlink: /home/disa/RM_prac/install/pure_pursuit_pkg/share/pure_pursuit_pkg/config/path.yaml
-- Up-to-date symlink: /home/disa/RM_prac/install/pure_pursuit_pkg/share/pure_pursuit_pkg/launch/pure_pursuit_controller.launch.py
-- Up-to-date symlink: /home/disa/RM_prac/install/pure_pursuit_pkg/share/pure_pursuit_pkg/launch/pure_pursuit_controller_eventhandler.launch.py
-- Up-to-date symlink: /home/disa/RM_prac/install/pure_pursuit_pkg/lib/libwaypoint_tools_lib.so
-- Up-to-date symlink: /home/disa/RM_prac/install/pure_pursuit_pkg/share/ament_index/resource_index/package_run_dependencies/pure_pursuit_pkg
-- Up-to-date symlink: /home/disa/RM_prac/install/pure_pursuit_pkg/share/ament_index/resource_index/parent_prefix_path/pure_pursuit_pkg
-- Up-to-date symlink: /home/disa/RM_prac/install/pure_pursuit_pkg/share/pure_pursuit_pkg/environment/ament_prefix_path.sh
-- Up-to-date symlink: /home/disa/RM_prac/install/pure_pursuit_pkg/share/pure_pursuit_pkg/environment/ament_prefix_path.dsv
-- Up-to-date symlink: /home/disa/RM_prac/install/pure_pursuit_pkg/share/pure_pursuit_pkg/environment/path.sh
-- Up-to-date symlink: /home/disa/RM_prac/install/pure_pursuit_pkg/share/pure_pursuit_pkg/environment/path.dsv
-- Up-to-date symlink: /home/disa/RM_prac/install/pure_pursuit_pkg/share/pure_pursuit_pkg/local_setup.bash
-- Up-to-date symlink: /home/disa/RM_prac/install/pure_pursuit_pkg/share/pure_pursuit_pkg/local_setup.sh
-- Up-to-date symlink: /home/disa/RM_prac/install/pure_pursuit_pkg/share/pure_pursuit_pkg/local_setup.zsh
-- Up-to-date symlink: /home/disa/RM_prac/install/pure_pursuit_pkg/share/pure_pursuit_pkg/local_setup.dsv
-- Symlinking: /home/disa/RM_prac/install/pure_pursuit_pkg/share/pure_pursuit_pkg/package.dsv
-- Up-to-date symlink: /home/disa/RM_prac/install/pure_pursuit_pkg/share/ament_index/resource_index/packages/pure_pursuit_pkg
-- Up-to-date symlink: /home/disa/RM_prac/install/pure_pursuit_pkg/share/pure_pursuit_pkg/cmake/rosidl_cmake-extras.cmake
-- Up-to-date symlink: /home/disa/RM_prac/install/pure_pursuit_pkg/share/pure_pursuit_pkg/cmake/ament_cmake_export_dependencies-extras.cmake
-- Up-to-date symlink: /home/disa/RM_prac/install/pure_pursuit_pkg/share/pure_pursuit_pkg/cmake/ament_cmake_export_include_directories-extras.cmake
-- Up-to-date symlink: /home/disa/RM_prac/install/pure_pursuit_pkg/share/pure_pursuit_pkg/cmake/ament_cmake_export_libraries-extras.cmake
-- Up-to-date symlink: /home/disa/RM_prac/install/pure_pursuit_pkg/share/pure_pursuit_pkg/cmake/ament_cmake_export_targets-extras.cmake
-- Up-to-date symlink: /home/disa/RM_prac/install/pure_pursuit_pkg/share/pure_pursuit_pkg/cmake/rosidl_cmake_export_typesupport_targets-extras.cmake
-- Up-to-date symlink: /home/disa/RM_prac/install/pure_pursuit_pkg/share/pure_pursuit_pkg/cmake/rosidl_cmake_export_typesupport_libraries-extras.cmake
-- Up-to-date symlink: /home/disa/RM_prac/install/pure_pursuit_pkg/share/pure_pursuit_pkg/cmake/pure_pursuit_pkgConfig.cmake
-- Up-to-date symlink: /home/disa/RM_prac/install/pure_pursuit_pkg/share/pure_pursuit_pkg/cmake/pure_pursuit_pkgConfig-version.cmake
-- Up-to-date symlink: /home/disa/RM_prac/install/pure_pursuit_pkg/share/pure_pursuit_pkg/package.xml
-- Up-to-date: /home/disa/RM_prac/install/pure_pursuit_pkg/lib/libpure_pursuit_pkg__rosidl_generator_c.so
-- Up-to-date: /home/disa/RM_prac/install/pure_pursuit_pkg/lib/libpure_pursuit_pkg__rosidl_typesupport_fastrtps_c.so
-- Up-to-date: /home/disa/RM_prac/install/pure_pursuit_pkg/lib/libpure_pursuit_pkg__rosidl_typesupport_fastrtps_cpp.so
-- Up-to-date: /home/disa/RM_prac/install/pure_pursuit_pkg/lib/libpure_pursuit_pkg__rosidl_typesupport_introspection_c.so
-- Up-to-date: /home/disa/RM_prac/install/pure_pursuit_pkg/lib/libpure_pursuit_pkg__rosidl_typesupport_c.so
-- Up-to-date: /home/disa/RM_prac/install/pure_pursuit_pkg/lib/libpure_pursuit_pkg__rosidl_typesupport_introspection_cpp.so
-- Up-to-date: /home/disa/RM_prac/install/pure_pursuit_pkg/lib/libpure_pursuit_pkg__rosidl_typesupport_cpp.so
Listing '/home/disa/RM_prac/install/pure_pursuit_pkg/local/lib/python3.10/dist-packages/pure_pursuit_pkg'...
Listing '/home/disa/RM_prac/install/pure_pursuit_pkg/local/lib/python3.10/dist-packages/pure_pursuit_pkg/msg'...
-- Up-to-date: /home/disa/RM_prac/install/pure_pursuit_pkg/lib/libpure_pursuit_pkg__rosidl_generator_py.so
-- Up-to-date: /home/disa/RM_prac/install/pure_pursuit_pkg/share/pure_pursuit_pkg/cmake/export_pure_pursuit_pkg__rosidl_generator_cExport.cmake
-- Up-to-date: /home/disa/RM_prac/install/pure_pursuit_pkg/share/pure_pursuit_pkg/cmake/export_pure_pursuit_pkg__rosidl_generator_cExport-noconfig.cmake
-- Up-to-date: /home/disa/RM_prac/install/pure_pursuit_pkg/share/pure_pursuit_pkg/cmake/export_pure_pursuit_pkg__rosidl_typesupport_fastrtps_cExport.cmake
-- Up-to-date: /home/disa/RM_prac/install/pure_pursuit_pkg/share/pure_pursuit_pkg/cmake/export_pure_pursuit_pkg__rosidl_typesupport_fastrtps_cExport-noconfig.cmake
-- Up-to-date: /home/disa/RM_prac/install/pure_pursuit_pkg/share/pure_pursuit_pkg/cmake/export_pure_pursuit_pkg__rosidl_generator_cppExport.cmake
-- Up-to-date: /home/disa/RM_prac/install/pure_pursuit_pkg/share/pure_pursuit_pkg/cmake/export_pure_pursuit_pkg__rosidl_typesupport_fastrtps_cppExport.cmake
-- Up-to-date: /home/disa/RM_prac/install/pure_pursuit_pkg/share/pure_pursuit_pkg/cmake/export_pure_pursuit_pkg__rosidl_typesupport_fastrtps_cppExport-noconfig.cmake
-- Up-to-date: /home/disa/RM_prac/install/pure_pursuit_pkg/share/pure_pursuit_pkg/cmake/pure_pursuit_pkg__rosidl_typesupport_introspection_cExport.cmake
-- Up-to-date: /home/disa/RM_prac/install/pure_pursuit_pkg/share/pure_pursuit_pkg/cmake/pure_pursuit_pkg__rosidl_typesupport_introspection_cExport-noconfig.cmake
-- Up-to-date: /home/disa/RM_prac/install/pure_pursuit_pkg/share/pure_pursuit_pkg/cmake/pure_pursuit_pkg__rosidl_typesupport_cExport.cmake
-- Up-to-date: /home/disa/RM_prac/install/pure_pursuit_pkg/share/pure_pursuit_pkg/cmake/pure_pursuit_pkg__rosidl_typesupport_cExport-noconfig.cmake
-- Up-to-date: /home/disa/RM_prac/install/pure_pursuit_pkg/share/pure_pursuit_pkg/cmake/pure_pursuit_pkg__rosidl_typesupport_introspection_cppExport.cmake
-- Up-to-date: /home/disa/RM_prac/install/pure_pursuit_pkg/share/pure_pursuit_pkg/cmake/pure_pursuit_pkg__rosidl_typesupport_introspection_cppExport-noconfig.cmake
-- Up-to-date: /home/disa/RM_prac/install/pure_pursuit_pkg/share/pure_pursuit_pkg/cmake/pure_pursuit_pkg__rosidl_typesupport_cppExport.cmake
-- Up-to-date: /home/disa/RM_prac/install/pure_pursuit_pkg/share/pure_pursuit_pkg/cmake/pure_pursuit_pkg__rosidl_typesupport_cppExport-noconfig.cmake
-- Up-to-date: /home/disa/RM_prac/install/pure_pursuit_pkg/share/pure_pursuit_pkg/cmake/export_pure_pursuit_pkg__rosidl_generator_pyExport.cmake
-- Up-to-date: /home/disa/RM_prac/install/pure_pursuit_pkg/share/pure_pursuit_pkg/cmake/export_pure_pursuit_pkg__rosidl_generator_pyExport-noconfig.cmake
