[0.057s] Invoking command in '/home/disa/RM_prac/build/intro_ros_pkg': CMAKE_PREFIX_PATH=${CMAKE_PREFIX_PATH}:/home/disa/RM_prac/install/turtlebot3_dqn:/home/disa/mobile_robotics/mobile_robotics/install/turtlebot3_dqn:/opt/ros/humble /usr/bin/cmake --build /home/disa/RM_prac/build/intro_ros_pkg -- -j16 -l16
[0.103s] [35m[1mConsolidate compiler generated dependencies of target publisher[0m
[0.107s] [35m[1mConsolidate compiler generated dependencies of target subscriber[0m
[0.129s] [ 50%] Built target publisher
[0.129s] [100%] Built target subscriber
[0.187s] Invoked command in '/home/disa/RM_prac/build/intro_ros_pkg' returned '0': CMAKE_PREFIX_PATH=${CMAKE_PREFIX_PATH}:/home/disa/RM_prac/install/turtlebot3_dqn:/home/disa/mobile_robotics/mobile_robotics/install/turtlebot3_dqn:/opt/ros/humble /usr/bin/cmake --build /home/disa/RM_prac/build/intro_ros_pkg -- -j16 -l16
[0.196s] Invoking command in '/home/disa/RM_prac/build/intro_ros_pkg': CMAKE_PREFIX_PATH=${CMAKE_PREFIX_PATH}:/home/disa/RM_prac/install/turtlebot3_dqn:/home/disa/mobile_robotics/mobile_robotics/install/turtlebot3_dqn:/opt/ros/humble /usr/bin/cmake --install /home/disa/RM_prac/build/intro_ros_pkg
[0.202s] -- Install configuration: ""
[0.203s] -- Execute custom install script
[0.203s] -- Up-to-date symlink: /home/disa/RM_prac/install/intro_ros_pkg/lib/intro_ros_pkg/publisher
[0.203s] -- Up-to-date symlink: /home/disa/RM_prac/install/intro_ros_pkg/lib/intro_ros_pkg/subscriber
[0.203s] -- Up-to-date symlink: /home/disa/RM_prac/install/intro_ros_pkg/share/intro_ros_pkg//launch/intro_ros.launch.py
[0.203s] -- Up-to-date symlink: /home/disa/RM_prac/install/intro_ros_pkg/share/intro_ros_pkg//launch/intro_ros_param.launch.py
[0.203s] -- Up-to-date symlink: /home/disa/RM_prac/install/intro_ros_pkg/share/intro_ros_pkg//launch/intro_ros_remap.launch.py
[0.204s] -- Up-to-date symlink: /home/disa/RM_prac/install/intro_ros_pkg/share/ament_index/resource_index/package_run_dependencies/intro_ros_pkg
[0.204s] -- Up-to-date symlink: /home/disa/RM_prac/install/intro_ros_pkg/share/ament_index/resource_index/parent_prefix_path/intro_ros_pkg
[0.204s] -- Up-to-date symlink: /home/disa/RM_prac/install/intro_ros_pkg/share/intro_ros_pkg/environment/ament_prefix_path.sh
[0.204s] -- Up-to-date symlink: /home/disa/RM_prac/install/intro_ros_pkg/share/intro_ros_pkg/environment/ament_prefix_path.dsv
[0.204s] -- Up-to-date symlink: /home/disa/RM_prac/install/intro_ros_pkg/share/intro_ros_pkg/environment/path.sh
[0.204s] -- Up-to-date symlink: /home/disa/RM_prac/install/intro_ros_pkg/share/intro_ros_pkg/environment/path.dsv
[0.205s] -- Up-to-date symlink: /home/disa/RM_prac/install/intro_ros_pkg/share/intro_ros_pkg/local_setup.bash
[0.206s] -- Up-to-date symlink: /home/disa/RM_prac/install/intro_ros_pkg/share/intro_ros_pkg/local_setup.sh
[0.206s] -- Up-to-date symlink: /home/disa/RM_prac/install/intro_ros_pkg/share/intro_ros_pkg/local_setup.zsh
[0.206s] -- Up-to-date symlink: /home/disa/RM_prac/install/intro_ros_pkg/share/intro_ros_pkg/local_setup.dsv
[0.206s] -- Symlinking: /home/disa/RM_prac/install/intro_ros_pkg/share/intro_ros_pkg/package.dsv
[0.212s] -- Up-to-date symlink: /home/disa/RM_prac/install/intro_ros_pkg/share/ament_index/resource_index/packages/intro_ros_pkg
[0.212s] -- Up-to-date symlink: /home/disa/RM_prac/install/intro_ros_pkg/share/intro_ros_pkg/cmake/intro_ros_pkgConfig.cmake
[0.212s] -- Up-to-date symlink: /home/disa/RM_prac/install/intro_ros_pkg/share/intro_ros_pkg/cmake/intro_ros_pkgConfig-version.cmake
[0.212s] -- Up-to-date symlink: /home/disa/RM_prac/install/intro_ros_pkg/share/intro_ros_pkg/package.xml
[0.285s] Invoked command in '/home/disa/RM_prac/build/intro_ros_pkg' returned '0': CMAKE_PREFIX_PATH=${CMAKE_PREFIX_PATH}:/home/disa/RM_prac/install/turtlebot3_dqn:/home/disa/mobile_robotics/mobile_robotics/install/turtlebot3_dqn:/opt/ros/humble /usr/bin/cmake --install /home/disa/RM_prac/build/intro_ros_pkg
