[0.059s] Invoking command in '/home/disa/RM_prac/build/turtlebot3_coppeliasim': CMAKE_PREFIX_PATH=${CMAKE_PREFIX_PATH}:/home/disa/RM_prac/install/turtlebot3_dqn:/home/disa/mobile_robotics/mobile_robotics/install/turtlebot3_dqn:/opt/ros/humble /usr/bin/cmake /home/disa/RM_prac/src/turtlebot3_coppeliasim -DAMENT_CMAKE_SYMLINK_INSTALL=1 -DCMAKE_INSTALL_PREFIX=/home/disa/RM_prac/install/turtlebot3_coppeliasim
[0.312s] -- The C compiler identification is GNU 11.4.0
[0.522s] -- The CXX compiler identification is GNU 11.4.0
[0.704s] -- Detecting C compiler ABI info
[0.837s] -- Detecting C compiler ABI info - done
[0.847s] -- Check for working C compiler: /usr/bin/cc - skipped
[0.847s] -- Detecting C compile features
[0.847s] -- Detecting C compile features - done
[0.851s] -- Detecting CXX compiler ABI info
[1.010s] -- Detecting CXX compiler ABI info - done
[1.018s] -- Check for working CXX compiler: /usr/bin/c++ - skipped
[1.019s] -- Detecting CXX compile features
[1.019s] -- Detecting CXX compile features - done
[1.022s] -- Found ament_cmake: 1.3.12 (/opt/ros/humble/share/ament_cmake/cmake)
[1.234s] -- Found Python3: /usr/bin/python3 (found version "3.10.12") found components: Interpreter 
[1.309s] -- Override CMake install command with custom implementation using symlinks instead of copying resources
[1.420s] -- Configuring done
[1.424s] -- Generating done
[1.426s] -- Build files have been written to: /home/disa/RM_prac/build/turtlebot3_coppeliasim
[1.432s] Invoked command in '/home/disa/RM_prac/build/turtlebot3_coppeliasim' returned '0': CMAKE_PREFIX_PATH=${CMAKE_PREFIX_PATH}:/home/disa/RM_prac/install/turtlebot3_dqn:/home/disa/mobile_robotics/mobile_robotics/install/turtlebot3_dqn:/opt/ros/humble /usr/bin/cmake /home/disa/RM_prac/src/turtlebot3_coppeliasim -DAMENT_CMAKE_SYMLINK_INSTALL=1 -DCMAKE_INSTALL_PREFIX=/home/disa/RM_prac/install/turtlebot3_coppeliasim
[1.444s] Invoking command in '/home/disa/RM_prac/build/turtlebot3_coppeliasim': CMAKE_PREFIX_PATH=${CMAKE_PREFIX_PATH}:/home/disa/RM_prac/install/turtlebot3_dqn:/home/disa/mobile_robotics/mobile_robotics/install/turtlebot3_dqn:/opt/ros/humble /usr/bin/cmake --build /home/disa/RM_prac/build/turtlebot3_coppeliasim -- -j16 -l16
[1.482s] Invoked command in '/home/disa/RM_prac/build/turtlebot3_coppeliasim' returned '0': CMAKE_PREFIX_PATH=${CMAKE_PREFIX_PATH}:/home/disa/RM_prac/install/turtlebot3_dqn:/home/disa/mobile_robotics/mobile_robotics/install/turtlebot3_dqn:/opt/ros/humble /usr/bin/cmake --build /home/disa/RM_prac/build/turtlebot3_coppeliasim -- -j16 -l16
[1.485s] Invoking command in '/home/disa/RM_prac/build/turtlebot3_coppeliasim': CMAKE_PREFIX_PATH=${CMAKE_PREFIX_PATH}:/home/disa/RM_prac/install/turtlebot3_dqn:/home/disa/mobile_robotics/mobile_robotics/install/turtlebot3_dqn:/opt/ros/humble /usr/bin/cmake --install /home/disa/RM_prac/build/turtlebot3_coppeliasim
[1.714s] -- Install configuration: ""
[1.714s] -- Execute custom install script
[1.714s] -- Symlinking: /home/disa/RM_prac/install/turtlebot3_coppeliasim/share/turtlebot3_coppeliasim/launch/rviz2.launch.py
[1.715s] -- Symlinking: /home/disa/RM_prac/install/turtlebot3_coppeliasim/share/turtlebot3_coppeliasim/launch/rviz2_map.launch.py
[1.715s] -- Symlinking: /home/disa/RM_prac/install/turtlebot3_coppeliasim/share/turtlebot3_coppeliasim/launch/turtlebot3_bill_coppeliasim.launch.py
[1.715s] -- Symlinking: /home/disa/RM_prac/install/turtlebot3_coppeliasim/share/turtlebot3_coppeliasim/launch/turtlebot3_coppeliasim.launch.py
[1.715s] -- Symlinking: /home/disa/RM_prac/install/turtlebot3_coppeliasim/share/turtlebot3_coppeliasim/launch/turtlebot3_coppeliasim_dqn.launch.py
[1.715s] -- Symlinking: /home/disa/RM_prac/install/turtlebot3_coppeliasim/share/turtlebot3_coppeliasim/launch/turtlebot3_coppeliasim_dqn_headless.launch.py
[1.716s] -- Symlinking: /home/disa/RM_prac/install/turtlebot3_coppeliasim/share/turtlebot3_coppeliasim/launch/turtlebot3_coppeliasim_map.launch.py
[1.716s] -- Symlinking: /home/disa/RM_prac/install/turtlebot3_coppeliasim/share/turtlebot3_coppeliasim/launch/turtlebot3_coppeliasim_no_rviz2.launch.py
[1.716s] -- Symlinking: /home/disa/RM_prac/install/turtlebot3_coppeliasim/share/turtlebot3_coppeliasim/launch/turtlebot3_infinite_trajectory_coppeliasim.launch.py
[1.716s] -- Symlinking: /home/disa/RM_prac/install/turtlebot3_coppeliasim/share/turtlebot3_coppeliasim/launch/turtlebot3_octogonal_path_coppeliasim.launch.py
[1.716s] -- Symlinking: /home/disa/RM_prac/install/turtlebot3_coppeliasim/share/turtlebot3_coppeliasim/launch/turtlebot3_square_path_coppeliasim.launch.py
[1.717s] -- Symlinking: /home/disa/RM_prac/install/turtlebot3_coppeliasim/share/turtlebot3_coppeliasim/launch/turtlebot3_vfh_coppeliasim.launch.py
[1.717s] -- Symlinking: /home/disa/RM_prac/install/turtlebot3_coppeliasim/share/turtlebot3_coppeliasim/param/burger.yaml
[1.717s] -- Symlinking: /home/disa/RM_prac/install/turtlebot3_coppeliasim/share/turtlebot3_coppeliasim/scenes/turtlebot3_burger_ROS2.ttt
[1.717s] -- Symlinking: /home/disa/RM_prac/install/turtlebot3_coppeliasim/share/turtlebot3_coppeliasim/scenes/turtlebot3_burger_ROS2_dqn.ttt
[1.717s] -- Symlinking: /home/disa/RM_prac/install/turtlebot3_coppeliasim/share/turtlebot3_coppeliasim/scenes/turtlebot3_burger_ROS2_dqn_map.ttt
[1.718s] -- Symlinking: /home/disa/RM_prac/install/turtlebot3_coppeliasim/share/turtlebot3_coppeliasim/scenes/turtlebot3_burger_ROS2_dqn_moving_obs.ttt
[1.718s] -- Symlinking: /home/disa/RM_prac/install/turtlebot3_coppeliasim/share/turtlebot3_coppeliasim/scenes/turtlebot3_burger_ROS2_dqn_static_obs.ttt
[1.718s] -- Symlinking: /home/disa/RM_prac/install/turtlebot3_coppeliasim/share/turtlebot3_coppeliasim/scenes/turtlebot3_burger_ROS2_map.ttt
[1.718s] -- Symlinking: /home/disa/RM_prac/install/turtlebot3_coppeliasim/share/turtlebot3_coppeliasim/scenes/turtlebot3_burger_bill_ROS2.ttt
[1.719s] -- Symlinking: /home/disa/RM_prac/install/turtlebot3_coppeliasim/share/turtlebot3_coppeliasim/scenes/turtlebot3_burger_infinite_trajectory_ROS2.ttt
[1.719s] -- Symlinking: /home/disa/RM_prac/install/turtlebot3_coppeliasim/share/turtlebot3_coppeliasim/scenes/turtlebot3_burger_octogonal_path_ROS2.ttt
[1.722s] -- Symlinking: /home/disa/RM_prac/install/turtlebot3_coppeliasim/share/turtlebot3_coppeliasim/scenes/turtlebot3_burger_square_path_ROS2.ttt
[1.730s] -- Symlinking: /home/disa/RM_prac/install/turtlebot3_coppeliasim/share/turtlebot3_coppeliasim/scenes/turtlebot3_burger_vfh_ROS2.ttt
[1.741s] -- Symlinking: /home/disa/RM_prac/install/turtlebot3_coppeliasim/share/turtlebot3_coppeliasim/rviz/tb3_coppeliasim.rviz
[1.748s] -- Symlinking: /home/disa/RM_prac/install/turtlebot3_coppeliasim/share/turtlebot3_coppeliasim/rviz/tb3_coppeliasim_map.rviz
[1.758s] -- Symlinking: /home/disa/RM_prac/install/turtlebot3_coppeliasim/share/turtlebot3_coppeliasim/urdf/common_properties.urdf
[1.767s] -- Symlinking: /home/disa/RM_prac/install/turtlebot3_coppeliasim/share/turtlebot3_coppeliasim/urdf/turtlebot3_burger.urdf
[1.776s] -- Symlinking: /home/disa/RM_prac/install/turtlebot3_coppeliasim/share/turtlebot3_coppeliasim/urdf/turtlebot3_burger_cam.urdf
[1.784s] -- Symlinking: /home/disa/RM_prac/install/turtlebot3_coppeliasim/share/turtlebot3_coppeliasim/urdf/turtlebot3_waffle.urdf
[1.793s] -- Symlinking: /home/disa/RM_prac/install/turtlebot3_coppeliasim/share/turtlebot3_coppeliasim/urdf/turtlebot3_waffle_pi.urdf
[1.804s] -- Symlinking: /home/disa/RM_prac/install/turtlebot3_coppeliasim/share/turtlebot3_coppeliasim/models/turtlebot3_burger/model-1_4.sdf
[1.815s] -- Symlinking: /home/disa/RM_prac/install/turtlebot3_coppeliasim/share/turtlebot3_coppeliasim/models/turtlebot3_burger/model.config
[1.825s] -- Symlinking: /home/disa/RM_prac/install/turtlebot3_coppeliasim/share/turtlebot3_coppeliasim/models/turtlebot3_burger/model.sdf
[1.834s] -- Symlinking: /home/disa/RM_prac/install/turtlebot3_coppeliasim/share/turtlebot3_coppeliasim/models/turtlebot3_burger_cam/model-1_4.sdf
[1.843s] -- Symlinking: /home/disa/RM_prac/install/turtlebot3_coppeliasim/share/turtlebot3_coppeliasim/models/turtlebot3_burger_cam/model.config
[1.851s] -- Symlinking: /home/disa/RM_prac/install/turtlebot3_coppeliasim/share/turtlebot3_coppeliasim/models/turtlebot3_burger_cam/model.sdf
[1.859s] -- Symlinking: /home/disa/RM_prac/install/turtlebot3_coppeliasim/share/turtlebot3_coppeliasim/models/turtlebot3_common/meshes/bases/burger_base.stl
[1.868s] -- Symlinking: /home/disa/RM_prac/install/turtlebot3_coppeliasim/share/turtlebot3_coppeliasim/models/turtlebot3_common/meshes/bases/waffle_base.stl
[1.876s] -- Symlinking: /home/disa/RM_prac/install/turtlebot3_coppeliasim/share/turtlebot3_coppeliasim/models/turtlebot3_common/meshes/bases/waffle_pi_base.stl
[1.884s] -- Symlinking: /home/disa/RM_prac/install/turtlebot3_coppeliasim/share/turtlebot3_coppeliasim/models/turtlebot3_common/meshes/burger_base.dae
[1.893s] -- Symlinking: /home/disa/RM_prac/install/turtlebot3_coppeliasim/share/turtlebot3_coppeliasim/models/turtlebot3_common/meshes/lds.dae
[1.903s] -- Symlinking: /home/disa/RM_prac/install/turtlebot3_coppeliasim/share/turtlebot3_coppeliasim/models/turtlebot3_common/meshes/r200.dae
[1.913s] -- Symlinking: /home/disa/RM_prac/install/turtlebot3_coppeliasim/share/turtlebot3_coppeliasim/models/turtlebot3_common/meshes/sensors/astra.dae
[1.923s] -- Symlinking: /home/disa/RM_prac/install/turtlebot3_coppeliasim/share/turtlebot3_coppeliasim/models/turtlebot3_common/meshes/sensors/astra.jpg
[1.933s] -- Symlinking: /home/disa/RM_prac/install/turtlebot3_coppeliasim/share/turtlebot3_coppeliasim/models/turtlebot3_common/meshes/sensors/lds.stl
[1.943s] -- Symlinking: /home/disa/RM_prac/install/turtlebot3_coppeliasim/share/turtlebot3_coppeliasim/models/turtlebot3_common/meshes/sensors/r200.dae
[1.954s] -- Symlinking: /home/disa/RM_prac/install/turtlebot3_coppeliasim/share/turtlebot3_coppeliasim/models/turtlebot3_common/meshes/sensors/r200.jpg
[1.963s] -- Symlinking: /home/disa/RM_prac/install/turtlebot3_coppeliasim/share/turtlebot3_coppeliasim/models/turtlebot3_common/meshes/tire.dae
[1.973s] -- Symlinking: /home/disa/RM_prac/install/turtlebot3_coppeliasim/share/turtlebot3_coppeliasim/models/turtlebot3_common/meshes/waffle_base.dae
[1.983s] -- Symlinking: /home/disa/RM_prac/install/turtlebot3_coppeliasim/share/turtlebot3_coppeliasim/models/turtlebot3_common/meshes/waffle_pi_base.dae
[1.994s] -- Symlinking: /home/disa/RM_prac/install/turtlebot3_coppeliasim/share/turtlebot3_coppeliasim/models/turtlebot3_common/meshes/wheels/left_tire.stl
[2.002s] -- Symlinking: /home/disa/RM_prac/install/turtlebot3_coppeliasim/share/turtlebot3_coppeliasim/models/turtlebot3_common/meshes/wheels/right_tire.stl
[2.013s] -- Symlinking: /home/disa/RM_prac/install/turtlebot3_coppeliasim/share/turtlebot3_coppeliasim/models/turtlebot3_common/model.config
[2.023s] -- Symlinking: /home/disa/RM_prac/install/turtlebot3_coppeliasim/share/turtlebot3_coppeliasim/models/turtlebot3_waffle/model-1_4.sdf
[2.031s] -- Symlinking: /home/disa/RM_prac/install/turtlebot3_coppeliasim/share/turtlebot3_coppeliasim/models/turtlebot3_waffle/model.config
[2.042s] -- Symlinking: /home/disa/RM_prac/install/turtlebot3_coppeliasim/share/turtlebot3_coppeliasim/models/turtlebot3_waffle/model.sdf
[2.051s] -- Symlinking: /home/disa/RM_prac/install/turtlebot3_coppeliasim/share/turtlebot3_coppeliasim/models/turtlebot3_waffle_pi/model-1_4_.sdf
[2.062s] -- Symlinking: /home/disa/RM_prac/install/turtlebot3_coppeliasim/share/turtlebot3_coppeliasim/models/turtlebot3_waffle_pi/model.config
[2.071s] -- Symlinking: /home/disa/RM_prac/install/turtlebot3_coppeliasim/share/turtlebot3_coppeliasim/models/turtlebot3_waffle_pi/model.sdf
[2.079s] -- Symlinking: /home/disa/RM_prac/install/turtlebot3_coppeliasim/share/ament_index/resource_index/package_run_dependencies/turtlebot3_coppeliasim
[2.091s] -- Symlinking: /home/disa/RM_prac/install/turtlebot3_coppeliasim/share/ament_index/resource_index/parent_prefix_path/turtlebot3_coppeliasim
[2.099s] -- Symlinking: /home/disa/RM_prac/install/turtlebot3_coppeliasim/share/turtlebot3_coppeliasim/environment/ament_prefix_path.sh
[2.110s] -- Symlinking: /home/disa/RM_prac/install/turtlebot3_coppeliasim/share/turtlebot3_coppeliasim/environment/ament_prefix_path.dsv
[2.120s] -- Symlinking: /home/disa/RM_prac/install/turtlebot3_coppeliasim/share/turtlebot3_coppeliasim/environment/path.sh
[2.130s] -- Symlinking: /home/disa/RM_prac/install/turtlebot3_coppeliasim/share/turtlebot3_coppeliasim/environment/path.dsv
[2.137s] -- Symlinking: /home/disa/RM_prac/install/turtlebot3_coppeliasim/share/turtlebot3_coppeliasim/local_setup.bash
[2.146s] -- Symlinking: /home/disa/RM_prac/install/turtlebot3_coppeliasim/share/turtlebot3_coppeliasim/local_setup.sh
[2.154s] -- Symlinking: /home/disa/RM_prac/install/turtlebot3_coppeliasim/share/turtlebot3_coppeliasim/local_setup.zsh
[2.163s] -- Symlinking: /home/disa/RM_prac/install/turtlebot3_coppeliasim/share/turtlebot3_coppeliasim/local_setup.dsv
[2.172s] -- Symlinking: /home/disa/RM_prac/install/turtlebot3_coppeliasim/share/turtlebot3_coppeliasim/package.dsv
[2.181s] -- Symlinking: /home/disa/RM_prac/install/turtlebot3_coppeliasim/share/ament_index/resource_index/packages/turtlebot3_coppeliasim
[2.191s] -- Symlinking: /home/disa/RM_prac/install/turtlebot3_coppeliasim/share/turtlebot3_coppeliasim/cmake/ament_cmake_export_include_directories-extras.cmake
[2.201s] -- Symlinking: /home/disa/RM_prac/install/turtlebot3_coppeliasim/share/turtlebot3_coppeliasim/cmake/turtlebot3_coppeliasimConfig.cmake
[2.210s] -- Symlinking: /home/disa/RM_prac/install/turtlebot3_coppeliasim/share/turtlebot3_coppeliasim/cmake/turtlebot3_coppeliasimConfig-version.cmake
[2.220s] -- Symlinking: /home/disa/RM_prac/install/turtlebot3_coppeliasim/share/turtlebot3_coppeliasim/package.xml
[2.231s] Invoked command in '/home/disa/RM_prac/build/turtlebot3_coppeliasim' returned '0': CMAKE_PREFIX_PATH=${CMAKE_PREFIX_PATH}:/home/disa/RM_prac/install/turtlebot3_dqn:/home/disa/mobile_robotics/mobile_robotics/install/turtlebot3_dqn:/opt/ros/humble /usr/bin/cmake --install /home/disa/RM_prac/build/turtlebot3_coppeliasim
