[0.306s] Invoking command in '/home/disa/RM_prac/build/upv_maps_pkg': CMAKE_PREFIX_PATH=${CMAKE_PREFIX_PATH}:/home/disa/RM_prac/install/turtlebot3_dqn:/home/disa/mobile_robotics/mobile_robotics/install/turtlebot3_dqn:/opt/ros/humble /usr/bin/cmake /home/disa/RM_prac/src/upv_maps_pkg -DAMENT_CMAKE_SYMLINK_INSTALL=1 -DCMAKE_INSTALL_PREFIX=/home/disa/RM_prac/install/upv_maps_pkg
[1.360s] -- The C compiler identification is GNU 11.4.0
[1.360s] -- The CXX compiler identification is GNU 11.4.0
[1.360s] -- Detecting C compiler ABI info
[1.360s] -- Detecting C compiler ABI info - done
[1.361s] -- Check for working C compiler: /usr/bin/cc - skipped
[1.361s] -- Detecting C compile features
[1.361s] -- Detecting C compile features - done
[1.361s] -- Detecting CXX compiler ABI info
[1.362s] -- Detecting CXX compiler ABI info - done
[1.362s] -- Check for working CXX compiler: /usr/bin/c++ - skipped
[1.362s] -- Detecting CXX compile features
[1.362s] -- Detecting CXX compile features - done
[1.362s] -- Found ament_cmake: 1.3.12 (/opt/ros/humble/share/ament_cmake/cmake)
[1.481s] -- Found Python3: /usr/bin/python3 (found version "3.10.12") found components: Interpreter 
[1.562s] -- Override CMake install command with custom implementation using symlinks instead of copying resources
[1.592s] -- Found ament_lint_auto: 0.12.14 (/opt/ros/humble/share/ament_lint_auto/cmake)
[1.685s] -- Added test 'lint_cmake' to check CMake code style
[1.687s] -- Added test 'xmllint' to check XML markup files
[1.690s] -- Configuring done
[1.694s] -- Generating done
[1.698s] -- Build files have been written to: /home/disa/RM_prac/build/upv_maps_pkg
[1.703s] Invoked command in '/home/disa/RM_prac/build/upv_maps_pkg' returned '0': CMAKE_PREFIX_PATH=${CMAKE_PREFIX_PATH}:/home/disa/RM_prac/install/turtlebot3_dqn:/home/disa/mobile_robotics/mobile_robotics/install/turtlebot3_dqn:/opt/ros/humble /usr/bin/cmake /home/disa/RM_prac/src/upv_maps_pkg -DAMENT_CMAKE_SYMLINK_INSTALL=1 -DCMAKE_INSTALL_PREFIX=/home/disa/RM_prac/install/upv_maps_pkg
[1.710s] Invoking command in '/home/disa/RM_prac/build/upv_maps_pkg': CMAKE_PREFIX_PATH=${CMAKE_PREFIX_PATH}:/home/disa/RM_prac/install/turtlebot3_dqn:/home/disa/mobile_robotics/mobile_robotics/install/turtlebot3_dqn:/opt/ros/humble /usr/bin/cmake --build /home/disa/RM_prac/build/upv_maps_pkg -- -j16 -l16
[1.749s] Invoked command in '/home/disa/RM_prac/build/upv_maps_pkg' returned '0': CMAKE_PREFIX_PATH=${CMAKE_PREFIX_PATH}:/home/disa/RM_prac/install/turtlebot3_dqn:/home/disa/mobile_robotics/mobile_robotics/install/turtlebot3_dqn:/opt/ros/humble /usr/bin/cmake --build /home/disa/RM_prac/build/upv_maps_pkg -- -j16 -l16
[1.751s] Invoking command in '/home/disa/RM_prac/build/upv_maps_pkg': CMAKE_PREFIX_PATH=${CMAKE_PREFIX_PATH}:/home/disa/RM_prac/install/turtlebot3_dqn:/home/disa/mobile_robotics/mobile_robotics/install/turtlebot3_dqn:/opt/ros/humble /usr/bin/cmake --install /home/disa/RM_prac/build/upv_maps_pkg
[1.759s] -- Install configuration: ""
[1.759s] -- Execute custom install script
[1.760s] -- Symlinking: /home/disa/RM_prac/install/upv_maps_pkg/share/upv_maps_pkg/maps/coppeliasim/coppeliasim_map.pgm
[1.769s] -- Symlinking: /home/disa/RM_prac/install/upv_maps_pkg/share/upv_maps_pkg/maps/coppeliasim/coppeliasim_map.yaml
[1.778s] -- Symlinking: /home/disa/RM_prac/install/upv_maps_pkg/share/upv_maps_pkg/maps/coppeliasim/speed_mask_coppeliasim_map.pgm
[1.788s] -- Symlinking: /home/disa/RM_prac/install/upv_maps_pkg/share/upv_maps_pkg/maps/coppeliasim/speed_mask_coppeliasim_map.yaml
[1.797s] -- Symlinking: /home/disa/RM_prac/install/upv_maps_pkg/share/upv_maps_pkg/maps/disa/simulacion2_aula_map.pgm
[1.806s] -- Symlinking: /home/disa/RM_prac/install/upv_maps_pkg/share/upv_maps_pkg/maps/disa/simulacion2_aula_map.yaml
[1.815s] -- Symlinking: /home/disa/RM_prac/install/upv_maps_pkg/share/upv_maps_pkg/maps/disa/simulacion2_aula_room_map.pgm
[1.824s] -- Symlinking: /home/disa/RM_prac/install/upv_maps_pkg/share/upv_maps_pkg/maps/disa/simulacion2_aula_room_map.yaml
[1.831s] -- Symlinking: /home/disa/RM_prac/install/upv_maps_pkg/share/upv_maps_pkg/maps/disa/simulacion2_room_map.pgm
[1.840s] -- Symlinking: /home/disa/RM_prac/install/upv_maps_pkg/share/upv_maps_pkg/maps/disa/simulacion2_room_map.yaml
[1.849s] -- Symlinking: /home/disa/RM_prac/install/upv_maps_pkg/share/upv_maps_pkg/maps/etsinf/lab_map.pgm
[1.856s] -- Symlinking: /home/disa/RM_prac/install/upv_maps_pkg/share/upv_maps_pkg/maps/etsinf/lab_map.yaml
[1.866s] -- Symlinking: /home/disa/RM_prac/install/upv_maps_pkg/share/upv_maps_pkg/maps/etsinf/speed_mask_lab_map.pgm
[1.874s] -- Symlinking: /home/disa/RM_prac/install/upv_maps_pkg/share/upv_maps_pkg/maps/etsinf/speed_mask_lab_map.yaml
[1.883s] -- Symlinking: /home/disa/RM_prac/install/upv_maps_pkg/share/ament_index/resource_index/package_run_dependencies/upv_maps_pkg
[1.892s] -- Symlinking: /home/disa/RM_prac/install/upv_maps_pkg/share/ament_index/resource_index/parent_prefix_path/upv_maps_pkg
[1.903s] -- Symlinking: /home/disa/RM_prac/install/upv_maps_pkg/share/upv_maps_pkg/environment/ament_prefix_path.sh
[1.913s] -- Symlinking: /home/disa/RM_prac/install/upv_maps_pkg/share/upv_maps_pkg/environment/ament_prefix_path.dsv
[1.923s] -- Symlinking: /home/disa/RM_prac/install/upv_maps_pkg/share/upv_maps_pkg/environment/path.sh
[1.933s] -- Symlinking: /home/disa/RM_prac/install/upv_maps_pkg/share/upv_maps_pkg/environment/path.dsv
[1.944s] -- Symlinking: /home/disa/RM_prac/install/upv_maps_pkg/share/upv_maps_pkg/local_setup.bash
[1.952s] -- Symlinking: /home/disa/RM_prac/install/upv_maps_pkg/share/upv_maps_pkg/local_setup.sh
[1.963s] -- Symlinking: /home/disa/RM_prac/install/upv_maps_pkg/share/upv_maps_pkg/local_setup.zsh
[1.973s] -- Symlinking: /home/disa/RM_prac/install/upv_maps_pkg/share/upv_maps_pkg/local_setup.dsv
[1.984s] -- Symlinking: /home/disa/RM_prac/install/upv_maps_pkg/share/upv_maps_pkg/package.dsv
[1.992s] -- Symlinking: /home/disa/RM_prac/install/upv_maps_pkg/share/ament_index/resource_index/packages/upv_maps_pkg
[2.003s] -- Symlinking: /home/disa/RM_prac/install/upv_maps_pkg/share/upv_maps_pkg/cmake/upv_maps_pkgConfig.cmake
[2.013s] -- Symlinking: /home/disa/RM_prac/install/upv_maps_pkg/share/upv_maps_pkg/cmake/upv_maps_pkgConfig-version.cmake
[2.022s] -- Symlinking: /home/disa/RM_prac/install/upv_maps_pkg/share/upv_maps_pkg/package.xml
[2.034s] Invoked command in '/home/disa/RM_prac/build/upv_maps_pkg' returned '0': CMAKE_PREFIX_PATH=${CMAKE_PREFIX_PATH}:/home/disa/RM_prac/install/turtlebot3_dqn:/home/disa/mobile_robotics/mobile_robotics/install/turtlebot3_dqn:/opt/ros/humble /usr/bin/cmake --install /home/disa/RM_prac/build/upv_maps_pkg
