[0.053s] Invoking command in '/home/disa/RM_prac/build/kinematic_control_pkg': CMAKE_PREFIX_PATH=${CMAKE_PREFIX_PATH}:/home/disa/RM_prac/install/turtlebot3_dqn:/home/disa/mobile_robotics/mobile_robotics/install/turtlebot3_dqn:/opt/ros/humble /usr/bin/cmake --build /home/disa/RM_prac/build/kinematic_control_pkg -- -j16 -l16
[0.108s] [35m[1mConsolidate compiler generated dependencies of target kinematic_control_pkg__rosidl_generator_c[0m
[0.123s] [  2%] Built target kinematic_control_pkg__cpp
[0.123s] [ 11%] Built target kinematic_control_pkg__rosidl_generator_c
[0.135s] [ 11%] Built target ament_cmake_python_symlink_kinematic_control_pkg
[0.140s] [35m[1mConsolidate compiler generated dependencies of target kinematic_control_pkg__rosidl_typesupport_cpp[0m
[0.145s] [35m[1mConsolidate compiler generated dependencies of target kinematic_control_pkg__rosidl_typesupport_fastrtps_cpp[0m
[0.172s] [35m[1mConsolidate compiler generated dependencies of target kinematic_control_pkg__rosidl_typesupport_fastrtps_c[0m
[0.172s] [35m[1mConsolidate compiler generated dependencies of target kinematic_control_pkg__rosidl_typesupport_c[0m
[0.172s] [35m[1mConsolidate compiler generated dependencies of target kinematic_control_pkg__rosidl_typesupport_introspection_c[0m
[0.175s] [35m[1mConsolidate compiler generated dependencies of target kinematic_control_pkg__rosidl_typesupport_introspection_cpp[0m
[0.190s] [ 20%] Built target kinematic_control_pkg__rosidl_typesupport_cpp
[0.192s] [ 37%] Built target kinematic_control_pkg__rosidl_typesupport_fastrtps_cpp
[0.192s] [ 37%] Built target kinematic_control_pkg__rosidl_typesupport_introspection_c
[0.192s] [ 54%] Built target kinematic_control_pkg__rosidl_typesupport_c
[0.192s] [ 51%] Built target kinematic_control_pkg__rosidl_typesupport_fastrtps_c
[0.194s] [ 62%] Built target kinematic_control_pkg__rosidl_typesupport_introspection_cpp
[0.196s] [35m[1mConsolidate compiler generated dependencies of target controller_odom[0m
[0.201s] [35m[1mConsolidate compiler generated dependencies of target infinite_reference_node[0m
[0.207s] [ 68%] Built target controller_odom
[0.208s] [ 74%] Built target infinite_reference_node
[0.209s] [ 74%] Built target kinematic_control_pkg
[0.209s] [ 77%] Built target kinematic_control_pkg__py
[0.219s] [35m[1mConsolidate compiler generated dependencies of target kinematic_control_pkg__rosidl_generator_py[0m
[0.230s] [ 82%] Built target kinematic_control_pkg__rosidl_generator_py
[0.246s] [35m[1mConsolidate compiler generated dependencies of target kinematic_control_pkg__rosidl_typesupport_c__pyext[0m
[0.246s] [35m[1mConsolidate compiler generated dependencies of target kinematic_control_pkg__rosidl_typesupport_fastrtps_c__pyext[0m
[0.247s] [35m[1mConsolidate compiler generated dependencies of target kinematic_control_pkg__rosidl_typesupport_introspection_c__pyext[0m
[0.257s] [ 94%] Built target kinematic_control_pkg__rosidl_typesupport_fastrtps_c__pyext
[0.257s] [ 94%] Built target kinematic_control_pkg__rosidl_typesupport_c__pyext
[0.258s] [100%] Built target kinematic_control_pkg__rosidl_typesupport_introspection_c__pyext
[0.392s] running egg_info
[0.393s] writing kinematic_control_pkg.egg-info/PKG-INFO
[0.393s] writing dependency_links to kinematic_control_pkg.egg-info/dependency_links.txt
[0.393s] writing top-level names to kinematic_control_pkg.egg-info/top_level.txt
[0.395s] reading manifest file 'kinematic_control_pkg.egg-info/SOURCES.txt'
[0.396s] writing manifest file 'kinematic_control_pkg.egg-info/SOURCES.txt'
[0.422s] [100%] Built target ament_cmake_python_build_kinematic_control_pkg_egg
[0.432s] Invoked command in '/home/disa/RM_prac/build/kinematic_control_pkg' returned '0': CMAKE_PREFIX_PATH=${CMAKE_PREFIX_PATH}:/home/disa/RM_prac/install/turtlebot3_dqn:/home/disa/mobile_robotics/mobile_robotics/install/turtlebot3_dqn:/opt/ros/humble /usr/bin/cmake --build /home/disa/RM_prac/build/kinematic_control_pkg -- -j16 -l16
[0.434s] Invoking command in '/home/disa/RM_prac/build/kinematic_control_pkg': CMAKE_PREFIX_PATH=${CMAKE_PREFIX_PATH}:/home/disa/RM_prac/install/turtlebot3_dqn:/home/disa/mobile_robotics/mobile_robotics/install/turtlebot3_dqn:/opt/ros/humble /usr/bin/cmake --install /home/disa/RM_prac/build/kinematic_control_pkg
[0.442s] -- Install configuration: ""
[0.442s] -- Execute custom install script
[0.442s] -- Up-to-date symlink: /home/disa/RM_prac/install/kinematic_control_pkg/share/ament_index/resource_index/rosidl_interfaces/kinematic_control_pkg
[0.443s] -- Up-to-date symlink: /home/disa/RM_prac/install/kinematic_control_pkg/include/kinematic_control_pkg/kinematic_control_pkg/msg/detail/reference__functions.h
[0.443s] -- Up-to-date symlink: /home/disa/RM_prac/install/kinematic_control_pkg/include/kinematic_control_pkg/kinematic_control_pkg/msg/detail/reference__struct.h
[0.444s] -- Up-to-date symlink: /home/disa/RM_prac/install/kinematic_control_pkg/include/kinematic_control_pkg/kinematic_control_pkg/msg/detail/reference__type_support.h
[0.444s] -- Up-to-date symlink: /home/disa/RM_prac/install/kinematic_control_pkg/include/kinematic_control_pkg/kinematic_control_pkg/msg/reference.h
[0.445s] -- Up-to-date symlink: /home/disa/RM_prac/install/kinematic_control_pkg/include/kinematic_control_pkg/kinematic_control_pkg/msg/rosidl_generator_c__visibility_control.h
[0.445s] -- Up-to-date symlink: /home/disa/RM_prac/install/kinematic_control_pkg/share/kinematic_control_pkg/environment/library_path.sh
[0.445s] -- Up-to-date symlink: /home/disa/RM_prac/install/kinematic_control_pkg/share/kinematic_control_pkg/environment/library_path.dsv
[0.445s] -- Up-to-date symlink: /home/disa/RM_prac/install/kinematic_control_pkg/include/kinematic_control_pkg/kinematic_control_pkg/msg/detail/reference__rosidl_typesupport_fastrtps_c.h
[0.445s] -- Up-to-date symlink: /home/disa/RM_prac/install/kinematic_control_pkg/include/kinematic_control_pkg/kinematic_control_pkg/msg/rosidl_typesupport_fastrtps_c__visibility_control.h
[0.445s] -- Up-to-date symlink: /home/disa/RM_prac/install/kinematic_control_pkg/include/kinematic_control_pkg/kinematic_control_pkg/msg/detail/reference__builder.hpp
[0.446s] -- Up-to-date symlink: /home/disa/RM_prac/install/kinematic_control_pkg/include/kinematic_control_pkg/kinematic_control_pkg/msg/detail/reference__struct.hpp
[0.446s] -- Up-to-date symlink: /home/disa/RM_prac/install/kinematic_control_pkg/include/kinematic_control_pkg/kinematic_control_pkg/msg/detail/reference__traits.hpp
[0.446s] -- Up-to-date symlink: /home/disa/RM_prac/install/kinematic_control_pkg/include/kinematic_control_pkg/kinematic_control_pkg/msg/detail/reference__type_support.hpp
[0.446s] -- Up-to-date symlink: /home/disa/RM_prac/install/kinematic_control_pkg/include/kinematic_control_pkg/kinematic_control_pkg/msg/reference.hpp
[0.447s] -- Up-to-date symlink: /home/disa/RM_prac/install/kinematic_control_pkg/include/kinematic_control_pkg/kinematic_control_pkg/msg/rosidl_generator_cpp__visibility_control.hpp
[0.447s] -- Up-to-date symlink: /home/disa/RM_prac/install/kinematic_control_pkg/include/kinematic_control_pkg/kinematic_control_pkg/msg/detail/reference__rosidl_typesupport_fastrtps_cpp.hpp
[0.447s] -- Up-to-date symlink: /home/disa/RM_prac/install/kinematic_control_pkg/include/kinematic_control_pkg/kinematic_control_pkg/msg/rosidl_typesupport_fastrtps_cpp__visibility_control.h
[0.447s] -- Up-to-date symlink: /home/disa/RM_prac/install/kinematic_control_pkg/include/kinematic_control_pkg/kinematic_control_pkg/msg/detail/reference__rosidl_typesupport_introspection_c.h
[0.447s] -- Up-to-date symlink: /home/disa/RM_prac/install/kinematic_control_pkg/include/kinematic_control_pkg/kinematic_control_pkg/msg/rosidl_typesupport_introspection_c__visibility_control.h
[0.447s] -- Up-to-date symlink: /home/disa/RM_prac/install/kinematic_control_pkg/include/kinematic_control_pkg/kinematic_control_pkg/msg/detail/reference__rosidl_typesupport_introspection_cpp.hpp
[0.448s] -- Up-to-date symlink: /home/disa/RM_prac/install/kinematic_control_pkg/share/kinematic_control_pkg/environment/pythonpath.sh
[0.448s] -- Up-to-date symlink: /home/disa/RM_prac/install/kinematic_control_pkg/share/kinematic_control_pkg/environment/pythonpath.dsv
[0.448s] -- Up-to-date symlink: /home/disa/RM_prac/install/kinematic_control_pkg/local/lib/python3.10/dist-packages/kinematic_control_pkg-0.0.0-py3.10.egg-info/PKG-INFO
[0.448s] -- Up-to-date symlink: /home/disa/RM_prac/install/kinematic_control_pkg/local/lib/python3.10/dist-packages/kinematic_control_pkg-0.0.0-py3.10.egg-info/SOURCES.txt
[0.448s] -- Up-to-date symlink: /home/disa/RM_prac/install/kinematic_control_pkg/local/lib/python3.10/dist-packages/kinematic_control_pkg-0.0.0-py3.10.egg-info/dependency_links.txt
[0.448s] -- Up-to-date symlink: /home/disa/RM_prac/install/kinematic_control_pkg/local/lib/python3.10/dist-packages/kinematic_control_pkg-0.0.0-py3.10.egg-info/top_level.txt
[0.449s] -- Up-to-date symlink: /home/disa/RM_prac/install/kinematic_control_pkg/local/lib/python3.10/dist-packages/kinematic_control_pkg/__init__.py
[0.449s] -- Up-to-date symlink: /home/disa/RM_prac/install/kinematic_control_pkg/local/lib/python3.10/dist-packages/kinematic_control_pkg/_kinematic_control_pkg_s.ep.rosidl_typesupport_c.c
[0.449s] -- Up-to-date symlink: /home/disa/RM_prac/install/kinematic_control_pkg/local/lib/python3.10/dist-packages/kinematic_control_pkg/_kinematic_control_pkg_s.ep.rosidl_typesupport_fastrtps_c.c
[0.449s] -- Up-to-date symlink: /home/disa/RM_prac/install/kinematic_control_pkg/local/lib/python3.10/dist-packages/kinematic_control_pkg/_kinematic_control_pkg_s.ep.rosidl_typesupport_introspection_c.c
[0.449s] -- Up-to-date symlink: /home/disa/RM_prac/install/kinematic_control_pkg/local/lib/python3.10/dist-packages/kinematic_control_pkg/kinematic_control_pkg_s__rosidl_typesupport_c.cpython-310-x86_64-linux-gnu.so
[0.450s] -- Up-to-date symlink: /home/disa/RM_prac/install/kinematic_control_pkg/local/lib/python3.10/dist-packages/kinematic_control_pkg/kinematic_control_pkg_s__rosidl_typesupport_fastrtps_c.cpython-310-x86_64-linux-gnu.so
[0.450s] -- Up-to-date symlink: /home/disa/RM_prac/install/kinematic_control_pkg/local/lib/python3.10/dist-packages/kinematic_control_pkg/kinematic_control_pkg_s__rosidl_typesupport_introspection_c.cpython-310-x86_64-linux-gnu.so
[0.450s] -- Up-to-date symlink: /home/disa/RM_prac/install/kinematic_control_pkg/local/lib/python3.10/dist-packages/kinematic_control_pkg/libkinematic_control_pkg__rosidl_generator_py.so
[0.450s] -- Up-to-date symlink: /home/disa/RM_prac/install/kinematic_control_pkg/local/lib/python3.10/dist-packages/kinematic_control_pkg/msg/__init__.py
[0.450s] -- Up-to-date symlink: /home/disa/RM_prac/install/kinematic_control_pkg/local/lib/python3.10/dist-packages/kinematic_control_pkg/msg/_reference.py
[0.451s] -- Up-to-date symlink: /home/disa/RM_prac/install/kinematic_control_pkg/local/lib/python3.10/dist-packages/kinematic_control_pkg/msg/_reference_s.c
[0.451s] -- Up-to-date symlink: /home/disa/RM_prac/install/kinematic_control_pkg/local/lib/python3.10/dist-packages/kinematic_control_pkg/kinematic_control_pkg_s__rosidl_typesupport_fastrtps_c.cpython-310-x86_64-linux-gnu.so
[0.452s] -- Up-to-date symlink: /home/disa/RM_prac/install/kinematic_control_pkg/local/lib/python3.10/dist-packages/kinematic_control_pkg/kinematic_control_pkg_s__rosidl_typesupport_introspection_c.cpython-310-x86_64-linux-gnu.so
[0.455s] -- Up-to-date symlink: /home/disa/RM_prac/install/kinematic_control_pkg/local/lib/python3.10/dist-packages/kinematic_control_pkg/kinematic_control_pkg_s__rosidl_typesupport_c.cpython-310-x86_64-linux-gnu.so
[0.455s] -- Up-to-date symlink: /home/disa/RM_prac/install/kinematic_control_pkg/share/kinematic_control_pkg/msg/Reference.idl
[0.455s] -- Up-to-date symlink: /home/disa/RM_prac/install/kinematic_control_pkg/share/kinematic_control_pkg/msg/Reference.msg
[0.455s] -- Up-to-date symlink: /home/disa/RM_prac/install/kinematic_control_pkg/lib/kinematic_control_pkg/controller_odom
[0.455s] -- Up-to-date symlink: /home/disa/RM_prac/install/kinematic_control_pkg/lib/kinematic_control_pkg/infinite_reference_node
[0.456s] -- Up-to-date symlink: /home/disa/RM_prac/install/kinematic_control_pkg/share/kinematic_control_pkg/msg/Reference.msg
[0.456s] -- Up-to-date symlink: /home/disa/RM_prac/install/kinematic_control_pkg/share/kinematic_control_pkg/launch/kinematic_controller.launch.py
[0.456s] -- Up-to-date symlink: /home/disa/RM_prac/install/kinematic_control_pkg/share/kinematic_control_pkg/launch/rviz2.launch.py
[0.456s] -- Up-to-date symlink: /home/disa/RM_prac/install/kinematic_control_pkg/share/kinematic_control_pkg/rviz/tb3_rviz2.rviz
[0.457s] -- Up-to-date symlink: /home/disa/RM_prac/install/kinematic_control_pkg/share/ament_index/resource_index/package_run_dependencies/kinematic_control_pkg
[0.457s] -- Up-to-date symlink: /home/disa/RM_prac/install/kinematic_control_pkg/share/ament_index/resource_index/parent_prefix_path/kinematic_control_pkg
[0.457s] -- Up-to-date symlink: /home/disa/RM_prac/install/kinematic_control_pkg/share/kinematic_control_pkg/environment/ament_prefix_path.sh
[0.457s] -- Up-to-date symlink: /home/disa/RM_prac/install/kinematic_control_pkg/share/kinematic_control_pkg/environment/ament_prefix_path.dsv
[0.458s] -- Up-to-date symlink: /home/disa/RM_prac/install/kinematic_control_pkg/share/kinematic_control_pkg/environment/path.sh
[0.458s] -- Up-to-date symlink: /home/disa/RM_prac/install/kinematic_control_pkg/share/kinematic_control_pkg/environment/path.dsv
[0.458s] -- Up-to-date symlink: /home/disa/RM_prac/install/kinematic_control_pkg/share/kinematic_control_pkg/local_setup.bash
[0.459s] -- Up-to-date symlink: /home/disa/RM_prac/install/kinematic_control_pkg/share/kinematic_control_pkg/local_setup.sh
[0.459s] -- Up-to-date symlink: /home/disa/RM_prac/install/kinematic_control_pkg/share/kinematic_control_pkg/local_setup.zsh
[0.459s] -- Up-to-date symlink: /home/disa/RM_prac/install/kinematic_control_pkg/share/kinematic_control_pkg/local_setup.dsv
[0.459s] -- Symlinking: /home/disa/RM_prac/install/kinematic_control_pkg/share/kinematic_control_pkg/package.dsv
[0.466s] -- Up-to-date symlink: /home/disa/RM_prac/install/kinematic_control_pkg/share/ament_index/resource_index/packages/kinematic_control_pkg
[0.466s] -- Up-to-date symlink: /home/disa/RM_prac/install/kinematic_control_pkg/share/kinematic_control_pkg/cmake/rosidl_cmake-extras.cmake
[0.466s] -- Up-to-date symlink: /home/disa/RM_prac/install/kinematic_control_pkg/share/kinematic_control_pkg/cmake/ament_cmake_export_dependencies-extras.cmake
[0.467s] -- Up-to-date symlink: /home/disa/RM_prac/install/kinematic_control_pkg/share/kinematic_control_pkg/cmake/ament_cmake_export_include_directories-extras.cmake
[0.467s] -- Up-to-date symlink: /home/disa/RM_prac/install/kinematic_control_pkg/share/kinematic_control_pkg/cmake/ament_cmake_export_libraries-extras.cmake
[0.467s] -- Up-to-date symlink: /home/disa/RM_prac/install/kinematic_control_pkg/share/kinematic_control_pkg/cmake/ament_cmake_export_targets-extras.cmake
[0.467s] -- Up-to-date symlink: /home/disa/RM_prac/install/kinematic_control_pkg/share/kinematic_control_pkg/cmake/rosidl_cmake_export_typesupport_targets-extras.cmake
[0.467s] -- Up-to-date symlink: /home/disa/RM_prac/install/kinematic_control_pkg/share/kinematic_control_pkg/cmake/rosidl_cmake_export_typesupport_libraries-extras.cmake
[0.468s] -- Up-to-date symlink: /home/disa/RM_prac/install/kinematic_control_pkg/share/kinematic_control_pkg/cmake/kinematic_control_pkgConfig.cmake
[0.468s] -- Up-to-date symlink: /home/disa/RM_prac/install/kinematic_control_pkg/share/kinematic_control_pkg/cmake/kinematic_control_pkgConfig-version.cmake
[0.468s] -- Up-to-date symlink: /home/disa/RM_prac/install/kinematic_control_pkg/share/kinematic_control_pkg/package.xml
[0.468s] -- Up-to-date: /home/disa/RM_prac/install/kinematic_control_pkg/lib/libkinematic_control_pkg__rosidl_generator_c.so
[0.468s] -- Up-to-date: /home/disa/RM_prac/install/kinematic_control_pkg/lib/libkinematic_control_pkg__rosidl_typesupport_fastrtps_c.so
[0.468s] -- Up-to-date: /home/disa/RM_prac/install/kinematic_control_pkg/lib/libkinematic_control_pkg__rosidl_typesupport_fastrtps_cpp.so
[0.468s] -- Up-to-date: /home/disa/RM_prac/install/kinematic_control_pkg/lib/libkinematic_control_pkg__rosidl_typesupport_introspection_c.so
[0.468s] -- Up-to-date: /home/disa/RM_prac/install/kinematic_control_pkg/lib/libkinematic_control_pkg__rosidl_typesupport_c.so
[0.469s] -- Up-to-date: /home/disa/RM_prac/install/kinematic_control_pkg/lib/libkinematic_control_pkg__rosidl_typesupport_introspection_cpp.so
[0.469s] -- Up-to-date: /home/disa/RM_prac/install/kinematic_control_pkg/lib/libkinematic_control_pkg__rosidl_typesupport_cpp.so
[0.497s] Listing '/home/disa/RM_prac/install/kinematic_control_pkg/local/lib/python3.10/dist-packages/kinematic_control_pkg'...
[0.498s] Listing '/home/disa/RM_prac/install/kinematic_control_pkg/local/lib/python3.10/dist-packages/kinematic_control_pkg/msg'...
[0.502s] -- Up-to-date: /home/disa/RM_prac/install/kinematic_control_pkg/lib/libkinematic_control_pkg__rosidl_generator_py.so
[0.502s] -- Up-to-date: /home/disa/RM_prac/install/kinematic_control_pkg/share/kinematic_control_pkg/cmake/export_kinematic_control_pkg__rosidl_generator_cExport.cmake
[0.503s] -- Up-to-date: /home/disa/RM_prac/install/kinematic_control_pkg/share/kinematic_control_pkg/cmake/export_kinematic_control_pkg__rosidl_generator_cExport-noconfig.cmake
[0.503s] -- Up-to-date: /home/disa/RM_prac/install/kinematic_control_pkg/share/kinematic_control_pkg/cmake/export_kinematic_control_pkg__rosidl_typesupport_fastrtps_cExport.cmake
[0.503s] -- Up-to-date: /home/disa/RM_prac/install/kinematic_control_pkg/share/kinematic_control_pkg/cmake/export_kinematic_control_pkg__rosidl_typesupport_fastrtps_cExport-noconfig.cmake
[0.503s] -- Up-to-date: /home/disa/RM_prac/install/kinematic_control_pkg/share/kinematic_control_pkg/cmake/export_kinematic_control_pkg__rosidl_generator_cppExport.cmake
[0.503s] -- Up-to-date: /home/disa/RM_prac/install/kinematic_control_pkg/share/kinematic_control_pkg/cmake/export_kinematic_control_pkg__rosidl_typesupport_fastrtps_cppExport.cmake
[0.504s] -- Up-to-date: /home/disa/RM_prac/install/kinematic_control_pkg/share/kinematic_control_pkg/cmake/export_kinematic_control_pkg__rosidl_typesupport_fastrtps_cppExport-noconfig.cmake
[0.504s] -- Up-to-date: /home/disa/RM_prac/install/kinematic_control_pkg/share/kinematic_control_pkg/cmake/kinematic_control_pkg__rosidl_typesupport_introspection_cExport.cmake
[0.504s] -- Up-to-date: /home/disa/RM_prac/install/kinematic_control_pkg/share/kinematic_control_pkg/cmake/kinematic_control_pkg__rosidl_typesupport_introspection_cExport-noconfig.cmake
[0.504s] -- Up-to-date: /home/disa/RM_prac/install/kinematic_control_pkg/share/kinematic_control_pkg/cmake/kinematic_control_pkg__rosidl_typesupport_cExport.cmake
[0.504s] -- Up-to-date: /home/disa/RM_prac/install/kinematic_control_pkg/share/kinematic_control_pkg/cmake/kinematic_control_pkg__rosidl_typesupport_cExport-noconfig.cmake
[0.505s] -- Up-to-date: /home/disa/RM_prac/install/kinematic_control_pkg/share/kinematic_control_pkg/cmake/kinematic_control_pkg__rosidl_typesupport_introspection_cppExport.cmake
[0.505s] -- Up-to-date: /home/disa/RM_prac/install/kinematic_control_pkg/share/kinematic_control_pkg/cmake/kinematic_control_pkg__rosidl_typesupport_introspection_cppExport-noconfig.cmake
[0.505s] -- Up-to-date: /home/disa/RM_prac/install/kinematic_control_pkg/share/kinematic_control_pkg/cmake/kinematic_control_pkg__rosidl_typesupport_cppExport.cmake
[0.506s] -- Up-to-date: /home/disa/RM_prac/install/kinematic_control_pkg/share/kinematic_control_pkg/cmake/kinematic_control_pkg__rosidl_typesupport_cppExport-noconfig.cmake
[0.506s] -- Up-to-date: /home/disa/RM_prac/install/kinematic_control_pkg/share/kinematic_control_pkg/cmake/export_kinematic_control_pkg__rosidl_generator_pyExport.cmake
[0.506s] -- Up-to-date: /home/disa/RM_prac/install/kinematic_control_pkg/share/kinematic_control_pkg/cmake/export_kinematic_control_pkg__rosidl_generator_pyExport-noconfig.cmake
[0.508s] Invoked command in '/home/disa/RM_prac/build/kinematic_control_pkg' returned '0': CMAKE_PREFIX_PATH=${CMAKE_PREFIX_PATH}:/home/disa/RM_prac/install/turtlebot3_dqn:/home/disa/mobile_robotics/mobile_robotics/install/turtlebot3_dqn:/opt/ros/humble /usr/bin/cmake --install /home/disa/RM_prac/build/kinematic_control_pkg
