[0.060s] Invoking command in '/home/disa/RM_prac/build/kinematic_control_pkg': CMAKE_PREFIX_PATH=${CMAKE_PREFIX_PATH}:/home/disa/RM_prac/install/turtlebot3_dqn:/home/disa/mobile_robotics/mobile_robotics/install/turtlebot3_dqn:/opt/ros/humble /usr/bin/cmake /home/disa/RM_prac/src/kinematic_control_pkg -DAMENT_CMAKE_SYMLINK_INSTALL=1 -DCMAKE_INSTALL_PREFIX=/home/disa/RM_prac/install/kinematic_control_pkg
[0.336s] -- The C compiler identification is GNU 11.4.0
[0.519s] -- The CXX compiler identification is GNU 11.4.0
[0.693s] -- Detecting C compiler ABI info
[0.833s] -- Detecting C compiler ABI info - done
[0.842s] -- Check for working C compiler: /usr/bin/cc - skipped
[0.843s] -- Detecting C compile features
[0.843s] -- Detecting C compile features - done
[0.847s] -- Detecting CXX compiler ABI info
[0.985s] -- Detecting CXX compiler ABI info - done
[0.996s] -- Check for working CXX compiler: /usr/bin/c++ - skipped
[0.996s] -- Detecting CXX compile features
[0.997s] -- Detecting CXX compile features - done
[1.000s] -- Found ament_cmake: 1.3.12 (/opt/ros/humble/share/ament_cmake/cmake)
[1.204s] -- Found Python3: /usr/bin/python3 (found version "3.10.12") found components: Interpreter 
[1.297s] -- Override CMake install command with custom implementation using symlinks instead of copying resources
[1.333s] -- Found rclcpp: 16.0.17 (/opt/ros/humble/share/rclcpp/cmake)
[1.475s] -- Found rosidl_generator_c: 3.1.8 (/opt/ros/humble/share/rosidl_generator_c/cmake)
[1.476s] -- Found rosidl_adapter: 3.1.8 (/opt/ros/humble/share/rosidl_adapter/cmake)
[1.476s] -- Found rosidl_generator_cpp: 3.1.8 (/opt/ros/humble/share/rosidl_generator_cpp/cmake)
[1.491s] -- Using all available rosidl_typesupport_c: rosidl_typesupport_fastrtps_c;rosidl_typesupport_introspection_c
[1.514s] -- Using all available rosidl_typesupport_cpp: rosidl_typesupport_fastrtps_cpp;rosidl_typesupport_introspection_cpp
[1.575s] -- Found rmw_implementation_cmake: 6.1.2 (/opt/ros/humble/share/rmw_implementation_cmake/cmake)
[1.578s] -- Found rmw_fastrtps_cpp: 6.2.9 (/opt/ros/humble/share/rmw_fastrtps_cpp/cmake)
[2.272s] -- Found OpenSSL: /usr/lib/x86_64-linux-gnu/libcrypto.so (found version "3.0.2")  
[2.735s] -- Found FastRTPS: /opt/ros/humble/include  
[3.484s] -- Using RMW implementation 'rmw_fastrtps_cpp' as default
[3.492s] -- Looking for pthread.h
[3.599s] -- Looking for pthread.h - found
[3.600s] -- Performing Test CMAKE_HAVE_LIBC_PTHREAD
[3.716s] -- Performing Test CMAKE_HAVE_LIBC_PTHREAD - Success
[3.717s] -- Found Threads: TRUE  
[3.793s] -- Found tf2: 0.25.18 (/opt/ros/humble/share/tf2/cmake)
[3.819s] -- Found tf2_geometry_msgs: 0.25.18 (/opt/ros/humble/share/tf2_geometry_msgs/cmake)
[3.864s] -- Found eigen3_cmake_module: 0.1.1 (/opt/ros/humble/share/eigen3_cmake_module/cmake)
[3.866s] -- Found Eigen3: TRUE (found version "3.4.0") 
[3.866s] -- Ensuring Eigen3 include directory is part of orocos-kdl CMake target
[3.991s] -- Found visualization_msgs: 4.9.0 (/opt/ros/humble/share/visualization_msgs/cmake)
[4.036s] -- Found nav_msgs: 4.9.0 (/opt/ros/humble/share/nav_msgs/cmake)
[4.059s] -- Found rosidl_default_generators: 1.2.0 (/opt/ros/humble/share/rosidl_default_generators/cmake)
[4.433s] -- Found ament_cmake_ros: 0.10.0 (/opt/ros/humble/share/ament_cmake_ros/cmake)
[4.976s] -- Using all available rosidl_typesupport_c: rosidl_typesupport_fastrtps_c;rosidl_typesupport_introspection_c
[5.181s] -- Using all available rosidl_typesupport_cpp: rosidl_typesupport_fastrtps_cpp;rosidl_typesupport_introspection_cpp
[5.291s] -- Found PythonInterp: /usr/bin/python3 (found suitable version "3.10.12", minimum required is "3.6") 
[5.294s] -- Found python_cmake_module: 0.10.0 (/opt/ros/humble/share/python_cmake_module/cmake)
[5.560s] -- Found PythonLibs: /usr/lib/x86_64-linux-gnu/libpython3.10.so (found suitable version "3.10.12", minimum required is "3.5") 
[5.560s] -- Using PYTHON_EXECUTABLE: /usr/bin/python3
[5.560s] -- Using PYTHON_INCLUDE_DIRS: /usr/include/python3.10
[5.560s] -- Using PYTHON_LIBRARIES: /usr/lib/x86_64-linux-gnu/libpython3.10.so
[5.588s] -- Found PythonExtra: .so  
[5.729s] -- Configuring done
[5.823s] -- Generating done
[5.848s] -- Build files have been written to: /home/disa/RM_prac/build/kinematic_control_pkg
[5.874s] Invoked command in '/home/disa/RM_prac/build/kinematic_control_pkg' returned '0': CMAKE_PREFIX_PATH=${CMAKE_PREFIX_PATH}:/home/disa/RM_prac/install/turtlebot3_dqn:/home/disa/mobile_robotics/mobile_robotics/install/turtlebot3_dqn:/opt/ros/humble /usr/bin/cmake /home/disa/RM_prac/src/kinematic_control_pkg -DAMENT_CMAKE_SYMLINK_INSTALL=1 -DCMAKE_INSTALL_PREFIX=/home/disa/RM_prac/install/kinematic_control_pkg
[5.876s] Invoking command in '/home/disa/RM_prac/build/kinematic_control_pkg': CMAKE_PREFIX_PATH=${CMAKE_PREFIX_PATH}:/home/disa/RM_prac/install/turtlebot3_dqn:/home/disa/mobile_robotics/mobile_robotics/install/turtlebot3_dqn:/opt/ros/humble /usr/bin/cmake --build /home/disa/RM_prac/build/kinematic_control_pkg -- -j16 -l16
[5.932s] [  2%] [34m[1mGenerating C code for ROS interfaces[0m
[5.945s] [  5%] [34m[1mGenerating C++ code for ROS interfaces[0m
[5.958s] [  5%] Built target ament_cmake_python_symlink_kinematic_control_pkg
[6.416s] running egg_info
[6.418s] creating kinematic_control_pkg.egg-info
[6.424s] writing kinematic_control_pkg.egg-info/PKG-INFO
[6.424s] writing dependency_links to kinematic_control_pkg.egg-info/dependency_links.txt
[6.424s] writing top-level names to kinematic_control_pkg.egg-info/top_level.txt
[6.424s] writing manifest file 'kinematic_control_pkg.egg-info/SOURCES.txt'
[6.431s] reading manifest file 'kinematic_control_pkg.egg-info/SOURCES.txt'
[6.432s] writing manifest file 'kinematic_control_pkg.egg-info/SOURCES.txt'
[6.456s] [  5%] Built target kinematic_control_pkg__cpp
[6.464s] [  8%] [32mBuilding C object CMakeFiles/kinematic_control_pkg__rosidl_generator_c.dir/rosidl_generator_c/kinematic_control_pkg/msg/detail/reference__functions.c.o[0m
[6.483s] [ 11%] [34m[1mGenerating C++ type support dispatch for ROS interfaces[0m
[6.488s] [ 14%] [34m[1mGenerating C++ introspection for ROS interfaces[0m
[6.488s] [ 17%] [34m[1mGenerating C++ type support for eProsima Fast-RTPS[0m
[6.510s] [ 17%] Built target ament_cmake_python_build_kinematic_control_pkg_egg
[6.563s] [ 20%] [32m[1mLinking C shared library libkinematic_control_pkg__rosidl_generator_c.so[0m
[6.741s] [ 20%] Built target kinematic_control_pkg__rosidl_generator_c
[6.762s] [ 22%] [34m[1mGenerating C type support dispatch for ROS interfaces[0m
[6.775s] [ 25%] [34m[1mGenerating C type support for eProsima Fast-RTPS[0m
[6.784s] [ 28%] [34m[1mGenerating C introspection for ROS interfaces[0m
[6.997s] [ 31%] [32mBuilding CXX object CMakeFiles/kinematic_control_pkg__rosidl_typesupport_introspection_cpp.dir/rosidl_typesupport_introspection_cpp/kinematic_control_pkg/msg/detail/reference__type_support.cpp.o[0m
[7.012s] [ 34%] [32mBuilding CXX object CMakeFiles/kinematic_control_pkg__rosidl_typesupport_cpp.dir/rosidl_typesupport_cpp/kinematic_control_pkg/msg/reference__type_support.cpp.o[0m
[7.051s] [ 37%] [32mBuilding CXX object CMakeFiles/kinematic_control_pkg__rosidl_typesupport_fastrtps_cpp.dir/rosidl_typesupport_fastrtps_cpp/kinematic_control_pkg/msg/detail/dds_fastrtps/reference__type_support.cpp.o[0m
[7.252s] [ 40%] [32mBuilding CXX object CMakeFiles/kinematic_control_pkg__rosidl_typesupport_c.dir/rosidl_typesupport_c/kinematic_control_pkg/msg/reference__type_support.cpp.o[0m
[7.320s] [ 42%] [32m[1mLinking CXX shared library libkinematic_control_pkg__rosidl_typesupport_c.so[0m
[7.437s] [ 45%] [32mBuilding C object CMakeFiles/kinematic_control_pkg__rosidl_typesupport_introspection_c.dir/rosidl_typesupport_introspection_c/kinematic_control_pkg/msg/detail/reference__type_support.c.o[0m
[7.465s] [ 48%] [32mBuilding CXX object CMakeFiles/kinematic_control_pkg__rosidl_typesupport_fastrtps_c.dir/rosidl_typesupport_fastrtps_c/kinematic_control_pkg/msg/detail/reference__type_support_c.cpp.o[0m
[7.574s] [ 51%] [32m[1mLinking C shared library libkinematic_control_pkg__rosidl_typesupport_introspection_c.so[0m
[7.692s] [ 51%] Built target kinematic_control_pkg__rosidl_typesupport_c
[7.709s] [ 54%] [32m[1mLinking CXX shared library libkinematic_control_pkg__rosidl_typesupport_cpp.so[0m
[7.794s] [ 57%] [32m[1mLinking CXX shared library libkinematic_control_pkg__rosidl_typesupport_introspection_cpp.so[0m
[7.877s] [ 57%] Built target kinematic_control_pkg__rosidl_typesupport_introspection_c
[7.914s] [ 60%] [32m[1mLinking CXX shared library libkinematic_control_pkg__rosidl_typesupport_fastrtps_cpp.so[0m
[7.934s] [ 60%] Built target kinematic_control_pkg__rosidl_typesupport_cpp
[7.971s] [ 62%] [32mBuilding CXX object CMakeFiles/infinite_reference_node.dir/src/infinite_reference_node.cpp.o[0m
[7.971s] [ 65%] [32mBuilding CXX object CMakeFiles/controller_odom.dir/src/controller_odom.cpp.o[0m
[8.034s] [ 65%] Built target kinematic_control_pkg__rosidl_typesupport_introspection_cpp
[8.147s] [ 68%] [32m[1mLinking CXX shared library libkinematic_control_pkg__rosidl_typesupport_fastrtps_c.so[0m
[8.232s] [ 68%] Built target kinematic_control_pkg__rosidl_typesupport_fastrtps_cpp
[8.400s] [ 68%] Built target kinematic_control_pkg__rosidl_typesupport_fastrtps_c
[8.430s] [ 68%] Built target kinematic_control_pkg
[8.465s] [ 71%] [34m[1mGenerating Python code for ROS interfaces[0m
[8.966s] [ 71%] Built target kinematic_control_pkg__py
[9.000s] [ 74%] [32mBuilding C object CMakeFiles/kinematic_control_pkg__rosidl_generator_py.dir/rosidl_generator_py/kinematic_control_pkg/msg/_reference_s.c.o[0m
[9.164s] [ 77%] [32m[1mLinking C shared library rosidl_generator_py/kinematic_control_pkg/libkinematic_control_pkg__rosidl_generator_py.so[0m
[9.337s] [ 77%] Built target kinematic_control_pkg__rosidl_generator_py
[9.385s] [ 80%] [32mBuilding C object CMakeFiles/kinematic_control_pkg__rosidl_typesupport_c__pyext.dir/rosidl_generator_py/kinematic_control_pkg/_kinematic_control_pkg_s.ep.rosidl_typesupport_c.c.o[0m
[9.389s] [ 82%] [32mBuilding C object CMakeFiles/kinematic_control_pkg__rosidl_typesupport_fastrtps_c__pyext.dir/rosidl_generator_py/kinematic_control_pkg/_kinematic_control_pkg_s.ep.rosidl_typesupport_fastrtps_c.c.o[0m
[9.396s] [ 85%] [32mBuilding C object CMakeFiles/kinematic_control_pkg__rosidl_typesupport_introspection_c__pyext.dir/rosidl_generator_py/kinematic_control_pkg/_kinematic_control_pkg_s.ep.rosidl_typesupport_introspection_c.c.o[0m
[9.579s] [ 88%] [32m[1mLinking C shared library rosidl_generator_py/kinematic_control_pkg/kinematic_control_pkg_s__rosidl_typesupport_introspection_c.cpython-310-x86_64-linux-gnu.so[0m
[9.588s] [ 91%] [32m[1mLinking C shared library rosidl_generator_py/kinematic_control_pkg/kinematic_control_pkg_s__rosidl_typesupport_fastrtps_c.cpython-310-x86_64-linux-gnu.so[0m
[9.615s] [ 94%] [32m[1mLinking C shared library rosidl_generator_py/kinematic_control_pkg/kinematic_control_pkg_s__rosidl_typesupport_c.cpython-310-x86_64-linux-gnu.so[0m
[9.750s] [ 94%] Built target kinematic_control_pkg__rosidl_typesupport_introspection_c__pyext
[9.762s] [ 94%] Built target kinematic_control_pkg__rosidl_typesupport_fastrtps_c__pyext
[9.771s] [ 94%] Built target kinematic_control_pkg__rosidl_typesupport_c__pyext
[15.499s] [ 97%] [32m[1mLinking CXX executable infinite_reference_node[0m
[15.858s] [ 97%] Built target infinite_reference_node
[24.544s] [100%] [32m[1mLinking CXX executable controller_odom[0m
[25.243s] [100%] Built target controller_odom
[25.257s] Invoked command in '/home/disa/RM_prac/build/kinematic_control_pkg' returned '0': CMAKE_PREFIX_PATH=${CMAKE_PREFIX_PATH}:/home/disa/RM_prac/install/turtlebot3_dqn:/home/disa/mobile_robotics/mobile_robotics/install/turtlebot3_dqn:/opt/ros/humble /usr/bin/cmake --build /home/disa/RM_prac/build/kinematic_control_pkg -- -j16 -l16
[25.259s] Invoking command in '/home/disa/RM_prac/build/kinematic_control_pkg': CMAKE_PREFIX_PATH=${CMAKE_PREFIX_PATH}:/home/disa/RM_prac/install/turtlebot3_dqn:/home/disa/mobile_robotics/mobile_robotics/install/turtlebot3_dqn:/opt/ros/humble /usr/bin/cmake --install /home/disa/RM_prac/build/kinematic_control_pkg
[25.265s] -- Install configuration: ""
[25.266s] -- Execute custom install script
[25.267s] -- Symlinking: /home/disa/RM_prac/install/kinematic_control_pkg/share/ament_index/resource_index/rosidl_interfaces/kinematic_control_pkg
[25.277s] -- Symlinking: /home/disa/RM_prac/install/kinematic_control_pkg/include/kinematic_control_pkg/kinematic_control_pkg/msg/detail/reference__functions.h
[25.285s] -- Symlinking: /home/disa/RM_prac/install/kinematic_control_pkg/include/kinematic_control_pkg/kinematic_control_pkg/msg/detail/reference__struct.h
[25.293s] -- Symlinking: /home/disa/RM_prac/install/kinematic_control_pkg/include/kinematic_control_pkg/kinematic_control_pkg/msg/detail/reference__type_support.h
[25.301s] -- Symlinking: /home/disa/RM_prac/install/kinematic_control_pkg/include/kinematic_control_pkg/kinematic_control_pkg/msg/reference.h
[25.310s] -- Symlinking: /home/disa/RM_prac/install/kinematic_control_pkg/include/kinematic_control_pkg/kinematic_control_pkg/msg/rosidl_generator_c__visibility_control.h
[25.318s] -- Symlinking: /home/disa/RM_prac/install/kinematic_control_pkg/share/kinematic_control_pkg/environment/library_path.sh
[25.328s] -- Symlinking: /home/disa/RM_prac/install/kinematic_control_pkg/share/kinematic_control_pkg/environment/library_path.dsv
[25.338s] -- Symlinking: /home/disa/RM_prac/install/kinematic_control_pkg/include/kinematic_control_pkg/kinematic_control_pkg/msg/detail/reference__rosidl_typesupport_fastrtps_c.h
[25.347s] -- Symlinking: /home/disa/RM_prac/install/kinematic_control_pkg/include/kinematic_control_pkg/kinematic_control_pkg/msg/rosidl_typesupport_fastrtps_c__visibility_control.h
[25.357s] -- Symlinking: /home/disa/RM_prac/install/kinematic_control_pkg/include/kinematic_control_pkg/kinematic_control_pkg/msg/detail/reference__builder.hpp
[25.365s] -- Symlinking: /home/disa/RM_prac/install/kinematic_control_pkg/include/kinematic_control_pkg/kinematic_control_pkg/msg/detail/reference__struct.hpp
[25.376s] -- Symlinking: /home/disa/RM_prac/install/kinematic_control_pkg/include/kinematic_control_pkg/kinematic_control_pkg/msg/detail/reference__traits.hpp
[25.384s] -- Symlinking: /home/disa/RM_prac/install/kinematic_control_pkg/include/kinematic_control_pkg/kinematic_control_pkg/msg/detail/reference__type_support.hpp
[25.393s] -- Symlinking: /home/disa/RM_prac/install/kinematic_control_pkg/include/kinematic_control_pkg/kinematic_control_pkg/msg/reference.hpp
[25.405s] -- Symlinking: /home/disa/RM_prac/install/kinematic_control_pkg/include/kinematic_control_pkg/kinematic_control_pkg/msg/rosidl_generator_cpp__visibility_control.hpp
[25.414s] -- Symlinking: /home/disa/RM_prac/install/kinematic_control_pkg/include/kinematic_control_pkg/kinematic_control_pkg/msg/detail/reference__rosidl_typesupport_fastrtps_cpp.hpp
[25.423s] -- Symlinking: /home/disa/RM_prac/install/kinematic_control_pkg/include/kinematic_control_pkg/kinematic_control_pkg/msg/rosidl_typesupport_fastrtps_cpp__visibility_control.h
[25.431s] -- Symlinking: /home/disa/RM_prac/install/kinematic_control_pkg/include/kinematic_control_pkg/kinematic_control_pkg/msg/detail/reference__rosidl_typesupport_introspection_c.h
[25.440s] -- Symlinking: /home/disa/RM_prac/install/kinematic_control_pkg/include/kinematic_control_pkg/kinematic_control_pkg/msg/rosidl_typesupport_introspection_c__visibility_control.h
[25.448s] -- Symlinking: /home/disa/RM_prac/install/kinematic_control_pkg/include/kinematic_control_pkg/kinematic_control_pkg/msg/detail/reference__rosidl_typesupport_introspection_cpp.hpp
[25.456s] -- Symlinking: /home/disa/RM_prac/install/kinematic_control_pkg/share/kinematic_control_pkg/environment/pythonpath.sh
[25.465s] -- Symlinking: /home/disa/RM_prac/install/kinematic_control_pkg/share/kinematic_control_pkg/environment/pythonpath.dsv
[25.476s] -- Symlinking: /home/disa/RM_prac/install/kinematic_control_pkg/local/lib/python3.10/dist-packages/kinematic_control_pkg-0.0.0-py3.10.egg-info/PKG-INFO
[25.486s] -- Symlinking: /home/disa/RM_prac/install/kinematic_control_pkg/local/lib/python3.10/dist-packages/kinematic_control_pkg-0.0.0-py3.10.egg-info/SOURCES.txt
[25.497s] -- Symlinking: /home/disa/RM_prac/install/kinematic_control_pkg/local/lib/python3.10/dist-packages/kinematic_control_pkg-0.0.0-py3.10.egg-info/dependency_links.txt
[25.506s] -- Symlinking: /home/disa/RM_prac/install/kinematic_control_pkg/local/lib/python3.10/dist-packages/kinematic_control_pkg-0.0.0-py3.10.egg-info/top_level.txt
[25.514s] -- Symlinking: /home/disa/RM_prac/install/kinematic_control_pkg/local/lib/python3.10/dist-packages/kinematic_control_pkg/__init__.py
[25.524s] -- Symlinking: /home/disa/RM_prac/install/kinematic_control_pkg/local/lib/python3.10/dist-packages/kinematic_control_pkg/_kinematic_control_pkg_s.ep.rosidl_typesupport_c.c
[25.536s] -- Symlinking: /home/disa/RM_prac/install/kinematic_control_pkg/local/lib/python3.10/dist-packages/kinematic_control_pkg/_kinematic_control_pkg_s.ep.rosidl_typesupport_fastrtps_c.c
[25.545s] -- Symlinking: /home/disa/RM_prac/install/kinematic_control_pkg/local/lib/python3.10/dist-packages/kinematic_control_pkg/_kinematic_control_pkg_s.ep.rosidl_typesupport_introspection_c.c
[25.553s] -- Symlinking: /home/disa/RM_prac/install/kinematic_control_pkg/local/lib/python3.10/dist-packages/kinematic_control_pkg/kinematic_control_pkg_s__rosidl_typesupport_c.cpython-310-x86_64-linux-gnu.so
[25.561s] -- Symlinking: /home/disa/RM_prac/install/kinematic_control_pkg/local/lib/python3.10/dist-packages/kinematic_control_pkg/kinematic_control_pkg_s__rosidl_typesupport_fastrtps_c.cpython-310-x86_64-linux-gnu.so
[25.570s] -- Symlinking: /home/disa/RM_prac/install/kinematic_control_pkg/local/lib/python3.10/dist-packages/kinematic_control_pkg/kinematic_control_pkg_s__rosidl_typesupport_introspection_c.cpython-310-x86_64-linux-gnu.so
[25.579s] -- Symlinking: /home/disa/RM_prac/install/kinematic_control_pkg/local/lib/python3.10/dist-packages/kinematic_control_pkg/libkinematic_control_pkg__rosidl_generator_py.so
[25.588s] -- Symlinking: /home/disa/RM_prac/install/kinematic_control_pkg/local/lib/python3.10/dist-packages/kinematic_control_pkg/msg/__init__.py
[25.597s] -- Symlinking: /home/disa/RM_prac/install/kinematic_control_pkg/local/lib/python3.10/dist-packages/kinematic_control_pkg/msg/_reference.py
[25.611s] -- Symlinking: /home/disa/RM_prac/install/kinematic_control_pkg/local/lib/python3.10/dist-packages/kinematic_control_pkg/msg/_reference_s.c
[25.622s] -- Up-to-date symlink: /home/disa/RM_prac/install/kinematic_control_pkg/local/lib/python3.10/dist-packages/kinematic_control_pkg/kinematic_control_pkg_s__rosidl_typesupport_fastrtps_c.cpython-310-x86_64-linux-gnu.so
[25.622s] -- Up-to-date symlink: /home/disa/RM_prac/install/kinematic_control_pkg/local/lib/python3.10/dist-packages/kinematic_control_pkg/kinematic_control_pkg_s__rosidl_typesupport_introspection_c.cpython-310-x86_64-linux-gnu.so
[25.622s] -- Up-to-date symlink: /home/disa/RM_prac/install/kinematic_control_pkg/local/lib/python3.10/dist-packages/kinematic_control_pkg/kinematic_control_pkg_s__rosidl_typesupport_c.cpython-310-x86_64-linux-gnu.so
[25.623s] -- Symlinking: /home/disa/RM_prac/install/kinematic_control_pkg/share/kinematic_control_pkg/msg/Reference.idl
[25.633s] -- Symlinking: /home/disa/RM_prac/install/kinematic_control_pkg/share/kinematic_control_pkg/msg/Reference.msg
[25.642s] -- Symlinking: /home/disa/RM_prac/install/kinematic_control_pkg/lib/kinematic_control_pkg/controller_odom
[25.650s] -- Symlinking: /home/disa/RM_prac/install/kinematic_control_pkg/lib/kinematic_control_pkg/infinite_reference_node
[25.659s] -- Up-to-date symlink: /home/disa/RM_prac/install/kinematic_control_pkg/share/kinematic_control_pkg/msg/Reference.msg
[25.659s] -- Symlinking: /home/disa/RM_prac/install/kinematic_control_pkg/share/kinematic_control_pkg/launch/kinematic_controller.launch.py
[25.667s] -- Symlinking: /home/disa/RM_prac/install/kinematic_control_pkg/share/kinematic_control_pkg/launch/rviz2.launch.py
[25.675s] -- Symlinking: /home/disa/RM_prac/install/kinematic_control_pkg/share/kinematic_control_pkg/rviz/tb3_rviz2.rviz
[25.682s] -- Symlinking: /home/disa/RM_prac/install/kinematic_control_pkg/share/ament_index/resource_index/package_run_dependencies/kinematic_control_pkg
[25.691s] -- Symlinking: /home/disa/RM_prac/install/kinematic_control_pkg/share/ament_index/resource_index/parent_prefix_path/kinematic_control_pkg
[25.700s] -- Symlinking: /home/disa/RM_prac/install/kinematic_control_pkg/share/kinematic_control_pkg/environment/ament_prefix_path.sh
[25.708s] -- Symlinking: /home/disa/RM_prac/install/kinematic_control_pkg/share/kinematic_control_pkg/environment/ament_prefix_path.dsv
[25.716s] -- Symlinking: /home/disa/RM_prac/install/kinematic_control_pkg/share/kinematic_control_pkg/environment/path.sh
[25.724s] -- Symlinking: /home/disa/RM_prac/install/kinematic_control_pkg/share/kinematic_control_pkg/environment/path.dsv
[25.732s] -- Symlinking: /home/disa/RM_prac/install/kinematic_control_pkg/share/kinematic_control_pkg/local_setup.bash
[25.742s] -- Symlinking: /home/disa/RM_prac/install/kinematic_control_pkg/share/kinematic_control_pkg/local_setup.sh
[25.750s] -- Symlinking: /home/disa/RM_prac/install/kinematic_control_pkg/share/kinematic_control_pkg/local_setup.zsh
[25.758s] -- Symlinking: /home/disa/RM_prac/install/kinematic_control_pkg/share/kinematic_control_pkg/local_setup.dsv
[25.765s] -- Symlinking: /home/disa/RM_prac/install/kinematic_control_pkg/share/kinematic_control_pkg/package.dsv
[25.774s] -- Symlinking: /home/disa/RM_prac/install/kinematic_control_pkg/share/ament_index/resource_index/packages/kinematic_control_pkg
[25.782s] -- Symlinking: /home/disa/RM_prac/install/kinematic_control_pkg/share/kinematic_control_pkg/cmake/rosidl_cmake-extras.cmake
[25.789s] -- Symlinking: /home/disa/RM_prac/install/kinematic_control_pkg/share/kinematic_control_pkg/cmake/ament_cmake_export_dependencies-extras.cmake
[25.796s] -- Symlinking: /home/disa/RM_prac/install/kinematic_control_pkg/share/kinematic_control_pkg/cmake/ament_cmake_export_include_directories-extras.cmake
[25.804s] -- Symlinking: /home/disa/RM_prac/install/kinematic_control_pkg/share/kinematic_control_pkg/cmake/ament_cmake_export_libraries-extras.cmake
[25.811s] -- Symlinking: /home/disa/RM_prac/install/kinematic_control_pkg/share/kinematic_control_pkg/cmake/ament_cmake_export_targets-extras.cmake
[25.818s] -- Symlinking: /home/disa/RM_prac/install/kinematic_control_pkg/share/kinematic_control_pkg/cmake/rosidl_cmake_export_typesupport_targets-extras.cmake
[25.826s] -- Symlinking: /home/disa/RM_prac/install/kinematic_control_pkg/share/kinematic_control_pkg/cmake/rosidl_cmake_export_typesupport_libraries-extras.cmake
[25.834s] -- Symlinking: /home/disa/RM_prac/install/kinematic_control_pkg/share/kinematic_control_pkg/cmake/kinematic_control_pkgConfig.cmake
[25.842s] -- Symlinking: /home/disa/RM_prac/install/kinematic_control_pkg/share/kinematic_control_pkg/cmake/kinematic_control_pkgConfig-version.cmake
[25.851s] -- Symlinking: /home/disa/RM_prac/install/kinematic_control_pkg/share/kinematic_control_pkg/package.xml
[25.859s] -- Installing: /home/disa/RM_prac/install/kinematic_control_pkg/lib/libkinematic_control_pkg__rosidl_generator_c.so
[25.860s] -- Set runtime path of "/home/disa/RM_prac/install/kinematic_control_pkg/lib/libkinematic_control_pkg__rosidl_generator_c.so" to ""
[25.860s] -- Installing: /home/disa/RM_prac/install/kinematic_control_pkg/lib/libkinematic_control_pkg__rosidl_typesupport_fastrtps_c.so
[25.860s] -- Set runtime path of "/home/disa/RM_prac/install/kinematic_control_pkg/lib/libkinematic_control_pkg__rosidl_typesupport_fastrtps_c.so" to ""
[25.860s] -- Installing: /home/disa/RM_prac/install/kinematic_control_pkg/lib/libkinematic_control_pkg__rosidl_typesupport_fastrtps_cpp.so
[25.860s] -- Set runtime path of "/home/disa/RM_prac/install/kinematic_control_pkg/lib/libkinematic_control_pkg__rosidl_typesupport_fastrtps_cpp.so" to ""
[25.861s] -- Installing: /home/disa/RM_prac/install/kinematic_control_pkg/lib/libkinematic_control_pkg__rosidl_typesupport_introspection_c.so
[25.861s] -- Set runtime path of "/home/disa/RM_prac/install/kinematic_control_pkg/lib/libkinematic_control_pkg__rosidl_typesupport_introspection_c.so" to ""
[25.861s] -- Installing: /home/disa/RM_prac/install/kinematic_control_pkg/lib/libkinematic_control_pkg__rosidl_typesupport_c.so
[25.861s] -- Set runtime path of "/home/disa/RM_prac/install/kinematic_control_pkg/lib/libkinematic_control_pkg__rosidl_typesupport_c.so" to ""
[25.861s] -- Installing: /home/disa/RM_prac/install/kinematic_control_pkg/lib/libkinematic_control_pkg__rosidl_typesupport_introspection_cpp.so
[25.862s] -- Set runtime path of "/home/disa/RM_prac/install/kinematic_control_pkg/lib/libkinematic_control_pkg__rosidl_typesupport_introspection_cpp.so" to ""
[25.862s] -- Installing: /home/disa/RM_prac/install/kinematic_control_pkg/lib/libkinematic_control_pkg__rosidl_typesupport_cpp.so
[25.862s] -- Set runtime path of "/home/disa/RM_prac/install/kinematic_control_pkg/lib/libkinematic_control_pkg__rosidl_typesupport_cpp.so" to ""
[25.896s] Listing '/home/disa/RM_prac/install/kinematic_control_pkg/local/lib/python3.10/dist-packages/kinematic_control_pkg'...
[25.896s] Compiling '/home/disa/RM_prac/install/kinematic_control_pkg/local/lib/python3.10/dist-packages/kinematic_control_pkg/__init__.py'...
[25.896s] Listing '/home/disa/RM_prac/install/kinematic_control_pkg/local/lib/python3.10/dist-packages/kinematic_control_pkg/msg'...
[25.896s] Compiling '/home/disa/RM_prac/install/kinematic_control_pkg/local/lib/python3.10/dist-packages/kinematic_control_pkg/msg/__init__.py'...
[25.896s] Compiling '/home/disa/RM_prac/install/kinematic_control_pkg/local/lib/python3.10/dist-packages/kinematic_control_pkg/msg/_reference.py'...
[25.902s] -- Installing: /home/disa/RM_prac/install/kinematic_control_pkg/lib/libkinematic_control_pkg__rosidl_generator_py.so
[25.902s] -- Set runtime path of "/home/disa/RM_prac/install/kinematic_control_pkg/lib/libkinematic_control_pkg__rosidl_generator_py.so" to ""
[25.902s] -- Installing: /home/disa/RM_prac/install/kinematic_control_pkg/share/kinematic_control_pkg/cmake/export_kinematic_control_pkg__rosidl_generator_cExport.cmake
[25.902s] -- Installing: /home/disa/RM_prac/install/kinematic_control_pkg/share/kinematic_control_pkg/cmake/export_kinematic_control_pkg__rosidl_generator_cExport-noconfig.cmake
[25.903s] -- Installing: /home/disa/RM_prac/install/kinematic_control_pkg/share/kinematic_control_pkg/cmake/export_kinematic_control_pkg__rosidl_typesupport_fastrtps_cExport.cmake
[25.903s] -- Installing: /home/disa/RM_prac/install/kinematic_control_pkg/share/kinematic_control_pkg/cmake/export_kinematic_control_pkg__rosidl_typesupport_fastrtps_cExport-noconfig.cmake
[25.903s] -- Installing: /home/disa/RM_prac/install/kinematic_control_pkg/share/kinematic_control_pkg/cmake/export_kinematic_control_pkg__rosidl_generator_cppExport.cmake
[25.903s] -- Installing: /home/disa/RM_prac/install/kinematic_control_pkg/share/kinematic_control_pkg/cmake/export_kinematic_control_pkg__rosidl_typesupport_fastrtps_cppExport.cmake
[25.903s] -- Installing: /home/disa/RM_prac/install/kinematic_control_pkg/share/kinematic_control_pkg/cmake/export_kinematic_control_pkg__rosidl_typesupport_fastrtps_cppExport-noconfig.cmake
[25.904s] -- Installing: /home/disa/RM_prac/install/kinematic_control_pkg/share/kinematic_control_pkg/cmake/kinematic_control_pkg__rosidl_typesupport_introspection_cExport.cmake
[25.904s] -- Installing: /home/disa/RM_prac/install/kinematic_control_pkg/share/kinematic_control_pkg/cmake/kinematic_control_pkg__rosidl_typesupport_introspection_cExport-noconfig.cmake
[25.904s] -- Installing: /home/disa/RM_prac/install/kinematic_control_pkg/share/kinematic_control_pkg/cmake/kinematic_control_pkg__rosidl_typesupport_cExport.cmake
[25.904s] -- Installing: /home/disa/RM_prac/install/kinematic_control_pkg/share/kinematic_control_pkg/cmake/kinematic_control_pkg__rosidl_typesupport_cExport-noconfig.cmake
[25.904s] -- Installing: /home/disa/RM_prac/install/kinematic_control_pkg/share/kinematic_control_pkg/cmake/kinematic_control_pkg__rosidl_typesupport_introspection_cppExport.cmake
[25.905s] -- Installing: /home/disa/RM_prac/install/kinematic_control_pkg/share/kinematic_control_pkg/cmake/kinematic_control_pkg__rosidl_typesupport_introspection_cppExport-noconfig.cmake
[25.905s] -- Installing: /home/disa/RM_prac/install/kinematic_control_pkg/share/kinematic_control_pkg/cmake/kinematic_control_pkg__rosidl_typesupport_cppExport.cmake
[25.905s] -- Installing: /home/disa/RM_prac/install/kinematic_control_pkg/share/kinematic_control_pkg/cmake/kinematic_control_pkg__rosidl_typesupport_cppExport-noconfig.cmake
[25.905s] -- Installing: /home/disa/RM_prac/install/kinematic_control_pkg/share/kinematic_control_pkg/cmake/export_kinematic_control_pkg__rosidl_generator_pyExport.cmake
[25.905s] -- Installing: /home/disa/RM_prac/install/kinematic_control_pkg/share/kinematic_control_pkg/cmake/export_kinematic_control_pkg__rosidl_generator_pyExport-noconfig.cmake
[25.909s] Invoked command in '/home/disa/RM_prac/build/kinematic_control_pkg' returned '0': CMAKE_PREFIX_PATH=${CMAKE_PREFIX_PATH}:/home/disa/RM_prac/install/turtlebot3_dqn:/home/disa/mobile_robotics/mobile_robotics/install/turtlebot3_dqn:/opt/ros/humble /usr/bin/cmake --install /home/disa/RM_prac/build/kinematic_control_pkg
