[35m[1mConsolidate compiler generated dependencies of target transform_listener[0m
[100%] Built target transform_listener
-- Install configuration: ""
-- Execute custom install script
-- Up-to-date symlink: /home/disa/RM_prac/install/transformations_pkg/lib/transformations_pkg/transform_listener
-- Up-to-date symlink: /home/disa/RM_prac/install/transformations_pkg/share/ament_index/resource_index/package_run_dependencies/transformations_pkg
-- Up-to-date symlink: /home/disa/RM_prac/install/transformations_pkg/share/ament_index/resource_index/parent_prefix_path/transformations_pkg
-- Up-to-date symlink: /home/disa/RM_prac/install/transformations_pkg/share/transformations_pkg/environment/ament_prefix_path.sh
-- Up-to-date symlink: /home/disa/RM_prac/install/transformations_pkg/share/transformations_pkg/environment/ament_prefix_path.dsv
-- Up-to-date symlink: /home/disa/RM_prac/install/transformations_pkg/share/transformations_pkg/environment/path.sh
-- Up-to-date symlink: /home/disa/RM_prac/install/transformations_pkg/share/transformations_pkg/environment/path.dsv
-- Up-to-date symlink: /home/disa/RM_prac/install/transformations_pkg/share/transformations_pkg/local_setup.bash
-- Up-to-date symlink: /home/disa/RM_prac/install/transformations_pkg/share/transformations_pkg/local_setup.sh
-- Up-to-date symlink: /home/disa/RM_prac/install/transformations_pkg/share/transformations_pkg/local_setup.zsh
-- Up-to-date symlink: /home/disa/RM_prac/install/transformations_pkg/share/transformations_pkg/local_setup.dsv
-- Symlinking: /home/disa/RM_prac/install/transformations_pkg/share/transformations_pkg/package.dsv
-- Up-to-date symlink: /home/disa/RM_prac/install/transformations_pkg/share/ament_index/resource_index/packages/transformations_pkg
-- Up-to-date symlink: /home/disa/RM_prac/install/transformations_pkg/share/transformations_pkg/cmake/transformations_pkgConfig.cmake
-- Up-to-date symlink: /home/disa/RM_prac/install/transformations_pkg/share/transformations_pkg/cmake/transformations_pkgConfig-version.cmake
-- Up-to-date symlink: /home/disa/RM_prac/install/transformations_pkg/share/transformations_pkg/package.xml
