[0.058s] Invoking command in '/home/disa/RM_prac/build/transformations_pkg': CMAKE_PREFIX_PATH=${CMAKE_PREFIX_PATH}:/home/disa/RM_prac/install/turtlebot3_dqn:/home/disa/mobile_robotics/mobile_robotics/install/turtlebot3_dqn:/opt/ros/humble /usr/bin/cmake --build /home/disa/RM_prac/build/transformations_pkg -- -j16 -l16
[0.091s] [35m[1mConsolidate compiler generated dependencies of target transform_listener[0m
[0.120s] [100%] Built target transform_listener
[0.206s] Invoked command in '/home/disa/RM_prac/build/transformations_pkg' returned '0': CMAKE_PREFIX_PATH=${CMAKE_PREFIX_PATH}:/home/disa/RM_prac/install/turtlebot3_dqn:/home/disa/mobile_robotics/mobile_robotics/install/turtlebot3_dqn:/opt/ros/humble /usr/bin/cmake --build /home/disa/RM_prac/build/transformations_pkg -- -j16 -l16
[0.208s] Invoking command in '/home/disa/RM_prac/build/transformations_pkg': CMAKE_PREFIX_PATH=${CMAKE_PREFIX_PATH}:/home/disa/RM_prac/install/turtlebot3_dqn:/home/disa/mobile_robotics/mobile_robotics/install/turtlebot3_dqn:/opt/ros/humble /usr/bin/cmake --install /home/disa/RM_prac/build/transformations_pkg
[0.225s] -- Install configuration: ""
[0.225s] -- Execute custom install script
[0.226s] -- Up-to-date symlink: /home/disa/RM_prac/install/transformations_pkg/lib/transformations_pkg/transform_listener
[0.226s] -- Up-to-date symlink: /home/disa/RM_prac/install/transformations_pkg/share/ament_index/resource_index/package_run_dependencies/transformations_pkg
[0.226s] -- Up-to-date symlink: /home/disa/RM_prac/install/transformations_pkg/share/ament_index/resource_index/parent_prefix_path/transformations_pkg
[0.226s] -- Up-to-date symlink: /home/disa/RM_prac/install/transformations_pkg/share/transformations_pkg/environment/ament_prefix_path.sh
[0.226s] -- Up-to-date symlink: /home/disa/RM_prac/install/transformations_pkg/share/transformations_pkg/environment/ament_prefix_path.dsv
[0.227s] -- Up-to-date symlink: /home/disa/RM_prac/install/transformations_pkg/share/transformations_pkg/environment/path.sh
[0.227s] -- Up-to-date symlink: /home/disa/RM_prac/install/transformations_pkg/share/transformations_pkg/environment/path.dsv
[0.227s] -- Up-to-date symlink: /home/disa/RM_prac/install/transformations_pkg/share/transformations_pkg/local_setup.bash
[0.227s] -- Up-to-date symlink: /home/disa/RM_prac/install/transformations_pkg/share/transformations_pkg/local_setup.sh
[0.227s] -- Up-to-date symlink: /home/disa/RM_prac/install/transformations_pkg/share/transformations_pkg/local_setup.zsh
[0.228s] -- Up-to-date symlink: /home/disa/RM_prac/install/transformations_pkg/share/transformations_pkg/local_setup.dsv
[0.229s] -- Symlinking: /home/disa/RM_prac/install/transformations_pkg/share/transformations_pkg/package.dsv
[0.236s] -- Up-to-date symlink: /home/disa/RM_prac/install/transformations_pkg/share/ament_index/resource_index/packages/transformations_pkg
[0.236s] -- Up-to-date symlink: /home/disa/RM_prac/install/transformations_pkg/share/transformations_pkg/cmake/transformations_pkgConfig.cmake
[0.236s] -- Up-to-date symlink: /home/disa/RM_prac/install/transformations_pkg/share/transformations_pkg/cmake/transformations_pkgConfig-version.cmake
[0.236s] -- Up-to-date symlink: /home/disa/RM_prac/install/transformations_pkg/share/transformations_pkg/package.xml
[0.297s] Invoked command in '/home/disa/RM_prac/build/transformations_pkg' returned '0': CMAKE_PREFIX_PATH=${CMAKE_PREFIX_PATH}:/home/disa/RM_prac/install/turtlebot3_dqn:/home/disa/mobile_robotics/mobile_robotics/install/turtlebot3_dqn:/opt/ros/humble /usr/bin/cmake --install /home/disa/RM_prac/build/transformations_pkg
