[0.056s] Invoking command in '/home/disa/RM_prac/build/navigation_pkg': CMAKE_PREFIX_PATH=${CMAKE_PREFIX_PATH}:/home/disa/RM_prac/install/turtlebot3_dqn:/home/disa/mobile_robotics/mobile_robotics/install/turtlebot3_dqn:/opt/ros/humble /usr/bin/cmake --build /home/disa/RM_prac/build/navigation_pkg -- -j16 -l16
[0.101s] Invoked command in '/home/disa/RM_prac/build/navigation_pkg' returned '0': CMAKE_PREFIX_PATH=${CMAKE_PREFIX_PATH}:/home/disa/RM_prac/install/turtlebot3_dqn:/home/disa/mobile_robotics/mobile_robotics/install/turtlebot3_dqn:/opt/ros/humble /usr/bin/cmake --build /home/disa/RM_prac/build/navigation_pkg -- -j16 -l16
[0.117s] Invoking command in '/home/disa/RM_prac/build/navigation_pkg': CMAKE_PREFIX_PATH=${CMAKE_PREFIX_PATH}:/home/disa/RM_prac/install/turtlebot3_dqn:/home/disa/mobile_robotics/mobile_robotics/install/turtlebot3_dqn:/opt/ros/humble /usr/bin/cmake --install /home/disa/RM_prac/build/navigation_pkg
[0.131s] -- Install configuration: ""
[0.132s] -- Execute custom install script
[0.132s] -- Up-to-date symlink: /home/disa/RM_prac/install/navigation_pkg/share/navigation_pkg/launch/navigation.launch.py
[0.132s] -- Up-to-date symlink: /home/disa/RM_prac/install/navigation_pkg/share/navigation_pkg/launch/navigation_with_speed_limit.launch.py
[0.132s] -- Up-to-date symlink: /home/disa/RM_prac/install/navigation_pkg/share/navigation_pkg/launch/speed_limit.launch.py
[0.132s] -- Up-to-date symlink: /home/disa/RM_prac/install/navigation_pkg/share/navigation_pkg/launch/turtlebot3_navigation.launch.py
[0.132s] -- Up-to-date symlink: /home/disa/RM_prac/install/navigation_pkg/share/navigation_pkg/param/keepout_params.yaml
[0.132s] -- Up-to-date symlink: /home/disa/RM_prac/install/navigation_pkg/share/navigation_pkg/param/nav2_params.yaml
[0.132s] -- Up-to-date symlink: /home/disa/RM_prac/install/navigation_pkg/share/navigation_pkg/param/nav2_params_speed_limit.yaml
[0.132s] -- Up-to-date symlink: /home/disa/RM_prac/install/navigation_pkg/share/navigation_pkg/param/speed_params.yaml
[0.133s] -- Up-to-date symlink: /home/disa/RM_prac/install/navigation_pkg/share/ament_index/resource_index/package_run_dependencies/navigation_pkg
[0.133s] -- Up-to-date symlink: /home/disa/RM_prac/install/navigation_pkg/share/ament_index/resource_index/parent_prefix_path/navigation_pkg
[0.133s] -- Up-to-date symlink: /home/disa/RM_prac/install/navigation_pkg/share/navigation_pkg/environment/ament_prefix_path.sh
[0.133s] -- Up-to-date symlink: /home/disa/RM_prac/install/navigation_pkg/share/navigation_pkg/environment/ament_prefix_path.dsv
[0.134s] -- Up-to-date symlink: /home/disa/RM_prac/install/navigation_pkg/share/navigation_pkg/environment/path.sh
[0.134s] -- Up-to-date symlink: /home/disa/RM_prac/install/navigation_pkg/share/navigation_pkg/environment/path.dsv
[0.134s] -- Up-to-date symlink: /home/disa/RM_prac/install/navigation_pkg/share/navigation_pkg/local_setup.bash
[0.134s] -- Up-to-date symlink: /home/disa/RM_prac/install/navigation_pkg/share/navigation_pkg/local_setup.sh
[0.135s] -- Up-to-date symlink: /home/disa/RM_prac/install/navigation_pkg/share/navigation_pkg/local_setup.zsh
[0.135s] -- Up-to-date symlink: /home/disa/RM_prac/install/navigation_pkg/share/navigation_pkg/local_setup.dsv
[0.135s] -- Symlinking: /home/disa/RM_prac/install/navigation_pkg/share/navigation_pkg/package.dsv
[0.171s] -- Up-to-date symlink: /home/disa/RM_prac/install/navigation_pkg/share/ament_index/resource_index/packages/navigation_pkg
[0.171s] -- Up-to-date symlink: /home/disa/RM_prac/install/navigation_pkg/share/navigation_pkg/cmake/navigation_pkgConfig.cmake
[0.171s] -- Up-to-date symlink: /home/disa/RM_prac/install/navigation_pkg/share/navigation_pkg/cmake/navigation_pkgConfig-version.cmake
[0.172s] -- Up-to-date symlink: /home/disa/RM_prac/install/navigation_pkg/share/navigation_pkg/package.xml
[0.192s] Invoked command in '/home/disa/RM_prac/build/navigation_pkg' returned '0': CMAKE_PREFIX_PATH=${CMAKE_PREFIX_PATH}:/home/disa/RM_prac/install/turtlebot3_dqn:/home/disa/mobile_robotics/mobile_robotics/install/turtlebot3_dqn:/opt/ros/humble /usr/bin/cmake --install /home/disa/RM_prac/build/navigation_pkg
